#
# A fatal error has been detected by the Java Runtime Environment:
#
#  SIGSEGV (0xb) at pc=0x0000000104976965, pid=66100, tid=24067
#
# JRE version: OpenJDK Runtime Environment Temurin-17.0.5+8 (17.0.5+8) (build 17.0.5+8)
# Java VM: OpenJDK 64-Bit Server VM Temurin-17.0.5+8 (17.0.5+8, mixed mode, sharing, tiered, compressed oops, compressed class ptrs, g1 gc, bsd-amd64)
# Problematic frame:
# V  [libjvm.dylib+0x4f5965]  IndexSetIterator::advance_and_next()+0xd5
#
# No core dump will be written. Core dumps have been disabled. To enable core dumping, try "ulimit -c unlimited" before starting Java again
#
# If you would like to submit a bug report, please visit:
#   https://github.com/adoptium/adoptium-support/issues
#

---------------  S U M M A R Y ------------

Command Line: -Dfile.encoding=UTF-8 -Duser.country=US -Duser.language=en -Duser.variant com.GITDate.GITDate.GitDateApplication

Host: "MacBookPro16,2" x86_64 2000 MHz, 8 cores, 32G, Darwin 22.3.0, macOS 10.16 (22D49)
Time: Thu Feb  9 19:35:48 2023 PST elapsed time: 7.999309 seconds (0d 0h 0m 7s)

---------------  T H R E A D  ---------------

Current thread (0x00007ff52f019800):  JavaThread "C2 CompilerThread0" daemon [_thread_in_native, id=24067, stack(0x000070000706a000,0x000070000716a000)]


Current CompileTask:
C2:   7999 5049   !   4       org.springframework.util.ClassUtils::getMostSpecificMethod (72 bytes)

Stack: [0x000070000706a000,0x000070000716a000],  sp=0x00007000071668d0,  free space=1010k
Native frames: (J=compiled Java code, j=interpreted, Vv=VM code, C=native code)
V  [libjvm.dylib+0x4f5965]  IndexSetIterator::advance_and_next()+0xd5
V  [libjvm.dylib+0x4eaa2b]  PhaseIFG::SquareUp()+0x11b
V  [libjvm.dylib+0x2a87e2]  PhaseChaitin::Register_Allocate()+0x922
V  [libjvm.dylib+0x329f35]  Compile::Code_Gen()+0x565
V  [libjvm.dylib+0x3262f3]  Compile::Compile(ciEnv*, ciMethod*, int, bool, bool, bool, bool, bool, DirectiveSet*)+0x1263
V  [libjvm.dylib+0x2878d6]  C2Compiler::compile_method(ciEnv*, ciMethod*, int, bool, DirectiveSet*)+0xb6
V  [libjvm.dylib+0x33a64e]  CompileBroker::invoke_compiler_on_method(CompileTask*)+0x62e
V  [libjvm.dylib+0x339f1e]  CompileBroker::compiler_thread_loop()+0x3ee
V  [libjvm.dylib+0xaa40af]  JavaThread::thread_main_inner()+0x14f
V  [libjvm.dylib+0xaa241f]  Thread::call_run()+0xcf
V  [libjvm.dylib+0x8af1eb]  thread_native_entry(Thread*)+0x14b
C  [libsystem_pthread.dylib+0x6259]  _pthread_start+0x7d
C  [libsystem_pthread.dylib+0x1c7b]  thread_start+0xf


siginfo: si_signo: 11 (SIGSEGV), si_code: 1 (SEGV_MAPERR), si_addr: 0x00000001551e7118

Register to memory mapping:

RAX=0x000000000000000f is an unknown value
RBX=0x00007ff51045cbf0 points into unknown readable memory: 0x000000260000001b | 1b 00 00 00 26 00 00 00
RCX=0x0000000000000100 is an unknown value
RDX=0x00007ff54136f2d0 points into unknown readable memory: 0x00000001051e7118 | 18 71 1e 05 01 00 00 00
RSP=0x00007000071668d0 is pointing into the stack for thread: 0x00007ff52f019800
RBP=0x00007000071668d0 is pointing into the stack for thread: 0x00007ff52f019800
RSI=0x0000000000000001 is an unknown value
RDI=0x00000001551e7118 is an unknown value
R8 =0x0 is NULL
R9 =0x00000001051e7118: _ZN8IndexSet12_empty_blockE+0 in /Library/Java/JavaVirtualMachines/temurin-17.jdk/Contents/Home/lib/server/libjvm.dylib at 0x0000000104481000
R10=0x00007000071668e0 is pointing into the stack for thread: 0x00007ff52f019800
R11=0x00000000000b3910 is an unknown value
R12=0x0000000000000025 is an unknown value
R13=0x0000000000000001 is an unknown value
R14=0x000000000000255e is an unknown value
R15=0x0000000040000000 is an unknown value


Registers:
RAX=0x000000000000000f, RBX=0x00007ff51045cbf0, RCX=0x0000000000000100, RDX=0x00007ff54136f2d0
RSP=0x00007000071668d0, RBP=0x00007000071668d0, RSI=0x0000000000000001, RDI=0x00000001551e7118
R8 =0x0000000000000000, R9 =0x00000001051e7118, R10=0x00007000071668e0, R11=0x00000000000b3910
R12=0x0000000000000025, R13=0x0000000000000001, R14=0x000000000000255e, R15=0x0000000040000000
RIP=0x0000000104976965, EFLAGS=0x0000000000010206, ERR=0x0000000000000004
  TRAPNO=0x000000000000000e

Top of Stack: (sp=0x00007000071668d0)
0x00007000071668d0:   0000700007166940 000000010496ba2b
0x00007000071668e0:   0000000000000000 0000000400000000
0x00007000071668f0:   0000000f00000000 00000001551e7118
0x0000700007166900:   00007ff54136f2d0 00007ff510545ad0
0x0000700007166910:   0000700007166b08 0000700007166958
0x0000700007166920:   00007ff50ef05720 0000700007168360
0x0000700007166930:   0000700007166b68 0000700007166a18
0x0000700007166940:   0000700007166bd0 00000001047297e2
0x0000700007166950:   0000000000000002 000000000000000a
0x0000700007166960:   0000700007169158 00007ff510210010
0x0000700007166970:   0000000000000000 00007ff5102b8010
0x0000700007166980:   00007ff53f97b610 00007ff53f97f890
0x0000700007166990:   00007ff51f4bcfa0 00007000071682c0
0x00007000071669a0:   0000700007168460 00007ff500002901
0x00007000071669b0:   0000700007166b68 00006000025d0f00
0x00007000071669c0:   0000000105170000 0000000000000000
0x00007000071669d0:   0000700007169158 0000700007168300
0x00007000071669e0:   00000000000033d2 000000010501d4ae
0x00007000071669f0:   0000000000000000 0000700007169158
0x0000700007166a00:   0000000000000000 000000010501d4ae
0x0000700007166a10:   0000000103314000 0000000105170000
0x0000700007166a20:   0000000000000000 0000700007169158
0x0000700007166a30:   0000700007168300 0000000100000004
0x0000700007166a40:   000000010501d3ef 0000000000000000
0x0000700007166a50:   0000700007169158 0000000000000000
0x0000700007166a60:   000000010501d3ef 0000000104f2c600
0x0000700007166a70:   0000700007166a80 0000000104f2c755
0x0000700007166a80:   0000700007166ad0 00000001045df6e1
0x0000700007166a90:   0000700007166a00 0000000000000000
0x0000700007166aa0:   0000000000000000 0000000000000000
0x0000700007166ab0:   0000000000007fd8 00007ff54123c200
0x0000700007166ac0:   0000000000004080 0000600000000029 

Instructions: (pc=0x0000000104976965)
0x0000000104976865:   08 48 8b 14 c2 48 89 14 c1 48 8b 4e 08 4c 89 04
0x0000000104976875:   c1 8b 07 8b 0e 89 0f 89 06 8b 47 04 8b 4e 04 89
0x0000000104976885:   4f 04 89 46 04 5d c3 0f 1f 40 00 55 48 89 e5 49
0x0000000104976895:   89 fa 8b 4f 0c 48 83 f9 03 0f 87 8a 00 00 00 49
0x00000001049768a5:   8b 42 18 48 83 3c c8 00 74 3c 89 ce 89 f1 41 8b
0x00000001049768b5:   52 10 c1 e2 08 89 f7 c1 e7 06 8d 94 17 00 ff ff
0x00000001049768c5:   ff 41 89 52 08 48 8b 04 c8 ff c6 41 89 72 0c 48
0x00000001049768d5:   0f bc c8 48 d3 e8 48 ff c8 49 89 02 09 d1 41 89
0x00000001049768e5:   4a 08 89 c8 5d c3 8d 71 01 83 fe 04 73 3b 89 f2
0x00000001049768f5:   48 83 3c d0 00 75 b5 8d 71 02 83 fe 03 77 2a 89
0x0000000104976905:   f2 48 83 3c d0 00 75 a4 8d 71 03 83 fe 03 77 19
0x0000000104976915:   89 f2 48 83 3c d0 00 75 93 83 c1 04 73 0b 89 ca
0x0000000104976925:   48 83 3c d0 00 89 ce 75 83 41 8b 72 10 41 8b 42
0x0000000104976935:   14 45 31 c0 39 c6 0f 83 bc 00 00 00 89 f1 c1 e1
0x0000000104976945:   08 4c 8d 0d cb 07 87 00 0f 1f 00 49 8b 52 20 48
0x0000000104976955:   8b 3c f2 4c 39 cf 0f 84 88 00 00 00 49 89 7a 18
0x0000000104976965:   48 83 3f 00 0f 85 93 00 00 00 48 83 7f 08 00 0f
0x0000000104976975:   85 8c 00 00 00 48 83 7f 10 00 0f 85 88 00 00 00
0x0000000104976985:   48 83 7f 18 00 0f 85 84 00 00 00 49 8b 52 28 48
0x0000000104976995:   85 d2 74 50 48 8b 42 08 4c 8b 1c f0 48 8d 3d a8
0x00000001049769a5:   fb 85 00 ff 17 48 8b 38 48 8b bf 40 05 00 00 48
0x00000001049769b5:   8b bf 80 00 00 00 48 8b bf d0 08 00 00 49 89 3b
0x00000001049769c5:   48 8b 00 48 8b 80 40 05 00 00 48 8b 80 80 00 00
0x00000001049769d5:   00 4c 89 98 d0 08 00 00 48 8b 42 08 4c 89 0c f0
0x00000001049769e5:   41 8b 42 14 48 ff c6 89 c2 81 c1 00 01 00 00 48
0x00000001049769f5:   39 d6 0f 82 53 ff ff ff 44 89 c0 5d c3 31 d2 eb
0x0000000104976a05:   13 ba 01 00 00 00 eb 0c ba 02 00 00 00 eb 05 ba
0x0000000104976a15:   03 00 00 00 41 89 d0 89 d0 c1 e0 06 09 c8 41 89
0x0000000104976a25:   42 08 4a 8b 3c c7 ff c6 41 89 72 10 ff c2 41 89
0x0000000104976a35:   52 0c 4c 0f bc c7 44 89 c1 48 d3 ef 48 ff cf 49
0x0000000104976a45:   89 3a 41 09 c0 45 89 42 08 44 89 c0 5d c3 90 90
0x0000000104976a55:   90 90 90 90 90 90 90 90 90 90 90 55 48 89 e5 5d 


Stack slot to memory mapping:
stack at sp + 0 slots: 0x0000700007166940 is pointing into the stack for thread: 0x00007ff52f019800
stack at sp + 1 slots: 0x000000010496ba2b: _ZN8PhaseIFG8SquareUpEv+0x11b in /Library/Java/JavaVirtualMachines/temurin-17.jdk/Contents/Home/lib/server/libjvm.dylib at 0x0000000104481000
stack at sp + 2 slots: 0x0 is NULL
stack at sp + 3 slots: 0x0000000400000000 is an unknown value
stack at sp + 4 slots: 0x0000000f00000000 is an unknown value
stack at sp + 5 slots: 0x00000001551e7118 is an unknown value
stack at sp + 6 slots: 0x00007ff54136f2d0 points into unknown readable memory: 0x00000001051e7118 | 18 71 1e 05 01 00 00 00
stack at sp + 7 slots: 0x00007ff510545ad0 points into unknown readable memory: 0x0000000f00000017 | 17 00 00 00 0f 00 00 00


---------------  P R O C E S S  ---------------

Threads class SMR info:
_java_thread_list=0x0000600002dd7700, length=32, elements={
0x00007ff54000a600, 0x00007ff50f01c200, 0x00007ff54000ac00, 0x00007ff5410d5400,
0x00007ff5410d7a00, 0x00007ff52f019800, 0x00007ff5410d8000, 0x00007ff5410d8600,
0x00007ff51f008200, 0x00007ff53f008200, 0x00007ff51f009000, 0x00007ff52f01f200,
0x00007ff5418a1400, 0x00007ff5419c9800, 0x00007ff52f59f000, 0x00007ff51f0f4600,
0x00007ff52f13a600, 0x00007ff5419ef200, 0x00007ff54000be00, 0x00007ff541f68200,
0x00007ff50f0c3000, 0x00007ff50f249600, 0x00007ff51f0efc00, 0x00007ff51f1dd200,
0x00007ff51f464800, 0x00007ff52f5bf400, 0x00007ff52f1db000, 0x00007ff50f249c00,
0x00007ff54119bc00, 0x00007ff53f168a00, 0x00007ff53f3d9200, 0x00007ff51f008a00
}

Java Threads: ( => current thread )
  0x00007ff54000a600 JavaThread "Reference Handler" daemon [_thread_blocked, id=18179, stack(0x0000700006a55000,0x0000700006b55000)]
  0x00007ff50f01c200 JavaThread "Finalizer" daemon [_thread_blocked, id=18435, stack(0x0000700006b58000,0x0000700006c58000)]
  0x00007ff54000ac00 JavaThread "Signal Dispatcher" daemon [_thread_blocked, id=31235, stack(0x0000700006d61000,0x0000700006e61000)]
  0x00007ff5410d5400 JavaThread "Service Thread" daemon [_thread_blocked, id=23299, stack(0x0000700006e64000,0x0000700006f64000)]
  0x00007ff5410d7a00 JavaThread "Monitor Deflation Thread" daemon [_thread_blocked, id=23555, stack(0x0000700006f67000,0x0000700007067000)]
=>0x00007ff52f019800 JavaThread "C2 CompilerThread0" daemon [_thread_in_native, id=24067, stack(0x000070000706a000,0x000070000716a000)]
  0x00007ff5410d8000 JavaThread "C1 CompilerThread0" daemon [_thread_blocked, id=30723, stack(0x000070000716d000,0x000070000726d000)]
  0x00007ff5410d8600 JavaThread "Sweeper thread" daemon [_thread_blocked, id=30211, stack(0x0000700007270000,0x0000700007370000)]
  0x00007ff51f008200 JavaThread "Notification Thread" daemon [_thread_blocked, id=29699, stack(0x0000700007373000,0x0000700007473000)]
  0x00007ff53f008200 JavaThread "Common-Cleaner" daemon [_thread_blocked, id=28931, stack(0x0000700007579000,0x0000700007679000)]
  0x00007ff51f009000 JavaThread "C2 CompilerThread1" daemon [_thread_blocked, id=25091, stack(0x000070000767c000,0x000070000777c000)]
  0x00007ff52f01f200 JavaThread "C2 CompilerThread2" daemon [_thread_blocked, id=25347, stack(0x000070000777f000,0x000070000787f000)]
  0x00007ff5418a1400 JavaThread "Catalina-utility-1" [_thread_blocked, id=41987, stack(0x00007000082a0000,0x00007000083a0000)]
  0x00007ff5419c9800 JavaThread "Catalina-utility-2" [_thread_blocked, id=41731, stack(0x00007000083a3000,0x00007000084a3000)]
  0x00007ff52f59f000 JavaThread "container-0" [_thread_blocked, id=34563, stack(0x00007000084a6000,0x00007000085a6000)]
  0x00007ff51f0f4600 JavaThread "HikariPool-1 housekeeper" daemon [_thread_blocked, id=34819, stack(0x00007000085a9000,0x00007000086a9000)]
  0x00007ff52f13a600 JavaThread "HikariPool-1 connection adder" daemon [_thread_blocked, id=35075, stack(0x00007000086ac000,0x00007000087ac000)]
  0x00007ff5419ef200 JavaThread "File Watcher" daemon [_thread_blocked, id=36099, stack(0x00007000088b2000,0x00007000089b2000)]
  0x00007ff54000be00 JavaThread "Live Reload Server" daemon [_thread_in_native, id=36615, stack(0x00007000089b5000,0x0000700008ab5000)]
  0x00007ff541f68200 JavaThread "http-nio-8080-exec-1" daemon [_thread_blocked, id=40707, stack(0x0000700008ab8000,0x0000700008bb8000)]
  0x00007ff50f0c3000 JavaThread "http-nio-8080-exec-2" daemon [_thread_blocked, id=40195, stack(0x0000700008bbb000,0x0000700008cbb000)]
  0x00007ff50f249600 JavaThread "http-nio-8080-exec-3" daemon [_thread_blocked, id=39939, stack(0x0000700008cbe000,0x0000700008dbe000)]
  0x00007ff51f0efc00 JavaThread "http-nio-8080-exec-4" daemon [_thread_blocked, id=37379, stack(0x0000700008dc1000,0x0000700008ec1000)]
  0x00007ff51f1dd200 JavaThread "http-nio-8080-exec-5" daemon [_thread_blocked, id=39427, stack(0x0000700008ec4000,0x0000700008fc4000)]
  0x00007ff51f464800 JavaThread "http-nio-8080-exec-6" daemon [_thread_blocked, id=37891, stack(0x0000700008fc7000,0x00007000090c7000)]
  0x00007ff52f5bf400 JavaThread "http-nio-8080-exec-7" daemon [_thread_blocked, id=38915, stack(0x00007000090ca000,0x00007000091ca000)]
  0x00007ff52f1db000 JavaThread "http-nio-8080-exec-8" daemon [_thread_blocked, id=38403, stack(0x00007000091cd000,0x00007000092cd000)]
  0x00007ff50f249c00 JavaThread "http-nio-8080-exec-9" daemon [_thread_blocked, id=43523, stack(0x00007000092d0000,0x00007000093d0000)]
  0x00007ff54119bc00 JavaThread "http-nio-8080-exec-10" daemon [_thread_blocked, id=65027, stack(0x00007000093d3000,0x00007000094d3000)]
  0x00007ff53f168a00 JavaThread "http-nio-8080-Poller" daemon [_thread_in_native, id=43779, stack(0x00007000094d6000,0x00007000095d6000)]
  0x00007ff53f3d9200 JavaThread "http-nio-8080-Acceptor" daemon [_thread_in_native, id=64259, stack(0x00007000095d9000,0x00007000096d9000)]
  0x00007ff51f008a00 JavaThread "DestroyJavaVM" [_thread_blocked, id=5891, stack(0x0000700006340000,0x0000700006440000)]

Other Threads:
  0x00007ff50ef044f0 VMThread "VM Thread" [stack: 0x0000700006952000,0x0000700006a52000] [id=17667]
  0x00007ff540907440 WatcherThread [stack: 0x0000700007476000,0x0000700007576000] [id=29443]
  0x00007ff50ef04080 GCTaskThread "GC Thread#0" [stack: 0x0000700006443000,0x0000700006543000] [id=12803]
  0x00007ff53ef0c320 GCTaskThread "GC Thread#1" [stack: 0x0000700007a88000,0x0000700007b88000] [id=27651]
  0x00007ff53ef0cb90 GCTaskThread "GC Thread#2" [stack: 0x0000700007b8b000,0x0000700007c8b000] [id=26115]
  0x00007ff53ef0d000 GCTaskThread "GC Thread#3" [stack: 0x0000700007c8e000,0x0000700007d8e000] [id=26371]
  0x00007ff53ef0d470 GCTaskThread "GC Thread#4" [stack: 0x0000700007d91000,0x0000700007e91000] [id=26883]
  0x00007ff54080fab0 GCTaskThread "GC Thread#5" [stack: 0x0000700007e94000,0x0000700007f94000] [id=43267]
  0x00007ff54080ffa0 GCTaskThread "GC Thread#6" [stack: 0x0000700007f97000,0x0000700008097000] [id=33027]
  0x00007ff53ef0d8e0 GCTaskThread "GC Thread#7" [stack: 0x000070000809a000,0x000070000819a000] [id=42755]
  0x00007ff50f8042b0 ConcurrentGCThread "G1 Main Marker" [stack: 0x0000700006546000,0x0000700006646000] [id=13315]
  0x00007ff540904e60 ConcurrentGCThread "G1 Conc#0" [stack: 0x0000700006649000,0x0000700006749000] [id=14083]
  0x00007ff50ef1fd00 ConcurrentGCThread "G1 Conc#1" [stack: 0x000070000819d000,0x000070000829d000] [id=33803]
  0x00007ff540806730 ConcurrentGCThread "G1 Refine#0" [stack: 0x000070000674c000,0x000070000684c000] [id=21507]
  0x00007ff52ef20d40 ConcurrentGCThread "G1 Refine#1" [stack: 0x00007000087af000,0x00007000088af000] [id=35587]
  0x00007ff540905800 ConcurrentGCThread "G1 Service" [stack: 0x000070000684f000,0x000070000694f000] [id=20995]

Threads with active compile tasks:
C2 CompilerThread0     8012 5049   !   4       org.springframework.util.ClassUtils::getMostSpecificMethod (72 bytes)

VM state: not at safepoint (normal execution)

VM Mutex/Monitor currently owned by a thread: None

Heap address: 0x0000000600000000, size: 8192 MB, Compressed Oops mode: Zero based, Oop shift amount: 3

CDS archive(s) mapped at: [0x0000000800000000-0x0000000800bd4000-0x0000000800bd4000), size 12402688, SharedBaseAddress: 0x0000000800000000, ArchiveRelocationMode: 0.
Compressed class space mapped at: 0x0000000800c00000-0x0000000840c00000, reserved size: 1073741824
Narrow klass base: 0x0000000800000000, Narrow klass shift: 0, Narrow klass range: 0x100000000

GC Precious Log:
 CPUs: 8 total, 8 available
 Memory: 32768M
 Large Page Support: Disabled
 NUMA Support: Disabled
 Compressed Oops: Enabled (Zero based)
 Heap Region Size: 4M
 Heap Min Capacity: 8M
 Heap Initial Capacity: 512M
 Heap Max Capacity: 8G
 Pre-touch: Disabled
 Parallel Workers: 8
 Concurrent Workers: 2
 Concurrent Refinement Workers: 8
 Periodic GC: Disabled

Heap:
 garbage-first heap   total 98304K, used 61602K [0x0000000600000000, 0x0000000800000000)
  region size 4096K, 12 young (49152K), 2 survivors (8192K)
 Metaspace       used 54343K, committed 54656K, reserved 1097728K
  class space    used 7516K, committed 7680K, reserved 1048576K

Heap Regions: E=young(eden), S=young(survivor), O=old, HS=humongous(starts), HC=humongous(continues), CS=collection set, F=free, OA=open archive, CA=closed archive, TAMS=top-at-mark-start (previous, next)
|   0|0x0000000600000000, 0x0000000600400000, 0x0000000600400000|100%| O|  |TAMS 0x0000000600400000, 0x0000000600000000| Untracked 
|   1|0x0000000600400000, 0x0000000600400000, 0x0000000600800000|  0%| F|  |TAMS 0x0000000600400000, 0x0000000600400000| Untracked 
|   2|0x0000000600800000, 0x0000000600c00000, 0x0000000600c00000|100%| O|  |TAMS 0x0000000600c00000, 0x0000000600800000| Untracked 
|   3|0x0000000600c00000, 0x0000000601000000, 0x0000000601000000|100%| O|  |TAMS 0x0000000601000000, 0x0000000600c00000| Untracked 
|   4|0x0000000601000000, 0x000000060129e200, 0x0000000601400000| 65%| O|  |TAMS 0x000000060129e200, 0x0000000601000000| Untracked 
|   5|0x0000000601400000, 0x0000000601400000, 0x0000000601800000|  0%| F|  |TAMS 0x0000000601400000, 0x0000000601400000| Untracked 
|   6|0x0000000601800000, 0x0000000601800000, 0x0000000601c00000|  0%| F|  |TAMS 0x0000000601800000, 0x0000000601800000| Untracked 
|   7|0x0000000601c00000, 0x0000000601c00000, 0x0000000602000000|  0%| F|  |TAMS 0x0000000601c00000, 0x0000000601c00000| Untracked 
|   8|0x0000000602000000, 0x00000006021959e0, 0x0000000602400000| 39%| S|CS|TAMS 0x0000000602000000, 0x0000000602000000| Complete 
|   9|0x0000000602400000, 0x0000000602800000, 0x0000000602800000|100%| S|CS|TAMS 0x0000000602400000, 0x0000000602400000| Complete 
|  10|0x0000000602800000, 0x0000000602800000, 0x0000000602c00000|  0%| F|  |TAMS 0x0000000602800000, 0x0000000602800000| Untracked 
|  11|0x0000000602c00000, 0x0000000602c00000, 0x0000000603000000|  0%| F|  |TAMS 0x0000000602c00000, 0x0000000602c00000| Untracked 
|  12|0x0000000603000000, 0x0000000603044c78, 0x0000000603400000|  6%| E|  |TAMS 0x0000000603000000, 0x0000000603000000| Complete 
|  13|0x0000000603400000, 0x0000000603800000, 0x0000000603800000|100%| E|CS|TAMS 0x0000000603400000, 0x0000000603400000| Complete 
|  14|0x0000000603800000, 0x0000000603c00000, 0x0000000603c00000|100%| E|CS|TAMS 0x0000000603800000, 0x0000000603800000| Complete 
|  15|0x0000000603c00000, 0x0000000604000000, 0x0000000604000000|100%| E|CS|TAMS 0x0000000603c00000, 0x0000000603c00000| Complete 
|  16|0x0000000604000000, 0x0000000604400000, 0x0000000604400000|100%| E|CS|TAMS 0x0000000604000000, 0x0000000604000000| Complete 
|  17|0x0000000604400000, 0x0000000604800000, 0x0000000604800000|100%| E|CS|TAMS 0x0000000604400000, 0x0000000604400000| Complete 
|  18|0x0000000604800000, 0x0000000604c00000, 0x0000000604c00000|100%| E|CS|TAMS 0x0000000604800000, 0x0000000604800000| Complete 
| 117|0x000000061d400000, 0x000000061d800000, 0x000000061d800000|100%| E|CS|TAMS 0x000000061d400000, 0x000000061d400000| Complete 
| 118|0x000000061d800000, 0x000000061dc00000, 0x000000061dc00000|100%| E|CS|TAMS 0x000000061d800000, 0x000000061d800000| Complete 
| 127|0x000000061fc00000, 0x0000000620000000, 0x0000000620000000|100%| E|CS|TAMS 0x000000061fc00000, 0x000000061fc00000| Complete 
|2046|0x00000007ff800000, 0x00000007ffb76000, 0x00000007ffc00000| 86%|OA|  |TAMS 0x00000007ffb76000, 0x00000007ff800000| Untracked 
|2047|0x00000007ffc00000, 0x00000007ffc7f000, 0x0000000800000000| 12%|CA|  |TAMS 0x00000007ffc7f000, 0x00000007ffc00000| Untracked 

Card table byte_map: [0x000000011d00f000,0x000000011e00f000] _byte_map_base: 0x000000011a00f000

Marking Bits (Prev, Next): (CMBitMap*) 0x00007ff50f008210, (CMBitMap*) 0x00007ff50f008250
 Prev Bits: [0x000000011f00f000, 0x000000012700f000)
 Next Bits: [0x000000012700f000, 0x000000012f00f000)

Polling page: 0x00000001032d0000

Metaspace:

Usage:
  Non-class:     45.73 MB used.
      Class:      7.34 MB used.
       Both:     53.07 MB used.

Virtual space:
  Non-class space:       48.00 MB reserved,      45.88 MB ( 96%) committed,  6 nodes.
      Class space:        1.00 GB reserved,       7.50 MB ( <1%) committed,  1 nodes.
             Both:        1.05 GB reserved,      53.38 MB (  5%) committed. 

Chunk freelists:
   Non-Class:  1.56 MB
       Class:  400.00 KB
        Both:  1.95 MB

MaxMetaspaceSize: unlimited
CompressedClassSpaceSize: 1.00 GB
Initial GC threshold: 21.00 MB
Current GC threshold: 59.00 MB
CDS: on
MetaspaceReclaimPolicy: balanced
 - commit_granule_bytes: 65536.
 - commit_granule_words: 8192.
 - virtual_space_node_default_size: 1048576.
 - enlarge_chunks_in_place: 1.
 - new_chunks_are_fully_committed: 0.
 - uncommit_free_chunks: 1.
 - use_allocation_guard: 0.
 - handle_deallocations: 1.


Internal statistics:

num_allocs_failed_limit: 6.
num_arena_births: 378.
num_arena_deaths: 0.
num_vsnodes_births: 7.
num_vsnodes_deaths: 0.
num_space_committed: 854.
num_space_uncommitted: 0.
num_chunks_returned_to_freelist: 6.
num_chunks_taken_from_freelist: 2387.
num_chunk_merges: 6.
num_chunk_splits: 1705.
num_chunks_enlarged: 1354.
num_purges: 0.
num_inconsistent_stats: 0.

CodeHeap 'non-profiled nmethods': size=120028Kb used=3237Kb max_used=3237Kb free=116790Kb
 bounds [0x0000000114ad8000, 0x0000000114e28000, 0x000000011c00f000]
CodeHeap 'profiled nmethods': size=120028Kb used=9040Kb max_used=9471Kb free=110987Kb
 bounds [0x000000010d5a1000, 0x000000010dee1000, 0x0000000114ad8000]
CodeHeap 'non-nmethods': size=5704Kb used=1263Kb max_used=1351Kb free=4440Kb
 bounds [0x000000010d00f000, 0x000000010d27f000, 0x000000010d5a1000]
 total_blobs=5123 nmethods=4548 adapters=487
 compilation: enabled
              stopped_count=0, restarted_count=0
 full_count=0

Compilation events (20 events):
Event: 7.615 Thread 0x00007ff52f019800 nmethod 5054 0x0000000114de6490 code [0x0000000114de6cc0, 0x0000000114df0478]
Event: 7.615 Thread 0x00007ff52f019800 5049   !   4       org.springframework.util.ClassUtils::getMostSpecificMethod (72 bytes)
Event: 7.653 Thread 0x00007ff52f01f200 nmethod 5080 0x0000000114df5690 code [0x0000000114df5ea0, 0x0000000114dff370]
Event: 7.653 Thread 0x00007ff52f01f200 5196       4       org.springframework.core.annotation.TypeMappedAnnotations::isMappingForType (41 bytes)
Event: 7.662 Thread 0x00007ff52f01f200 nmethod 5196 0x0000000114bb4210 code [0x0000000114bb43c0, 0x0000000114bb4a38]
Event: 7.662 Thread 0x00007ff52f01f200 4592       4       java.lang.Class::isAnnotation (17 bytes)
Event: 7.662 Thread 0x00007ff52f01f200 nmethod 4592 0x0000000114bb3f10 code [0x0000000114bb40a0, 0x0000000114bb4138]
Event: 7.662 Thread 0x00007ff52f01f200 4671       4       java.util.stream.Sink::begin (1 bytes)
Event: 7.662 Thread 0x00007ff52f01f200 nmethod 4671 0x0000000114bb3c10 code [0x0000000114bb3d80, 0x0000000114bb3df8]
Event: 7.662 Thread 0x00007ff52f01f200 4493       4       org.springframework.core.ResolvableType::equals (157 bytes)
Event: 7.827 Thread 0x00007ff52f01f200 nmethod 4493 0x0000000114e04510 code [0x0000000114e04de0, 0x0000000114e0b218]
Event: 7.827 Thread 0x00007ff52f01f200 4718       4       org.springframework.core.annotation.MissingMergedAnnotation::withNonMergedAttributes (2 bytes)
Event: 7.827 Thread 0x00007ff52f01f200 nmethod 4718 0x0000000114bb3910 code [0x0000000114bb3a80, 0x0000000114bb3af8]
Event: 7.827 Thread 0x00007ff52f01f200 5057       4       sun.reflect.generics.parser.SignatureParser::mark (9 bytes)
Event: 7.828 Thread 0x00007ff52f01f200 nmethod 5057 0x0000000114bb3390 code [0x0000000114bb3500, 0x0000000114bb3578]
Event: 7.828 Thread 0x00007ff52f01f200 5013       4       java.util.Spliterators$ArraySpliterator::estimateSize (11 bytes)
Event: 7.828 Thread 0x00007ff52f01f200 nmethod 5013 0x0000000114cb2510 code [0x0000000114cb2680, 0x0000000114cb26f8]
Event: 7.847 Thread 0x00007ff51f009000 nmethod 5040 0x0000000114e0de10 code [0x0000000114e0e6a0, 0x0000000114e19b88]
Event: 7.847 Thread 0x00007ff5410d8000 5242       3       java.io.File::isFile (34 bytes)
Event: 7.848 Thread 0x00007ff5410d8000 nmethod 5242 0x000000010db89f10 code [0x000000010db8a100, 0x000000010db8a5c0]

GC Heap History (18 events):
Event: 0.834 GC heap before
{Heap before GC invocations=0 (full 0):
 garbage-first heap   total 532480K, used 28628K [0x0000000600000000, 0x0000000800000000)
  region size 4096K, 6 young (24576K), 0 survivors (0K)
 Metaspace       used 5749K, committed 5888K, reserved 1056768K
  class space    used 676K, committed 768K, reserved 1048576K
}
Event: 0.838 GC heap after
{Heap after GC invocations=1 (full 0):
 garbage-first heap   total 532480K, used 9663K [0x0000000600000000, 0x0000000800000000)
  region size 4096K, 1 young (4096K), 1 survivors (4096K)
 Metaspace       used 5749K, committed 5888K, reserved 1056768K
  class space    used 676K, committed 768K, reserved 1048576K
}
Event: 1.221 GC heap before
{Heap before GC invocations=1 (full 0):
 garbage-first heap   total 532480K, used 30143K [0x0000000600000000, 0x0000000800000000)
  region size 4096K, 6 young (24576K), 1 survivors (4096K)
 Metaspace       used 10586K, committed 10752K, reserved 1064960K
  class space    used 1307K, committed 1408K, reserved 1048576K
}
Event: 1.225 GC heap after
{Heap after GC invocations=2 (full 0):
 garbage-first heap   total 532480K, used 11008K [0x0000000600000000, 0x0000000800000000)
  region size 4096K, 1 young (4096K), 1 survivors (4096K)
 Metaspace       used 10586K, committed 10752K, reserved 1064960K
  class space    used 1307K, committed 1408K, reserved 1048576K
}
Event: 2.168 GC heap before
{Heap before GC invocations=2 (full 0):
 garbage-first heap   total 532480K, used 51968K [0x0000000600000000, 0x0000000800000000)
  region size 4096K, 11 young (45056K), 1 survivors (4096K)
 Metaspace       used 16666K, committed 16896K, reserved 1064960K
  class space    used 2061K, committed 2176K, reserved 1048576K
}
Event: 2.173 GC heap after
{Heap after GC invocations=3 (full 0):
 garbage-first heap   total 532480K, used 13500K [0x0000000600000000, 0x0000000800000000)
  region size 4096K, 1 young (4096K), 1 survivors (4096K)
 Metaspace       used 16666K, committed 16896K, reserved 1064960K
  class space    used 2061K, committed 2176K, reserved 1048576K
}
Event: 3.159 GC heap before
{Heap before GC invocations=3 (full 0):
 garbage-first heap   total 532480K, used 46268K [0x0000000600000000, 0x0000000800000000)
  region size 4096K, 10 young (40960K), 1 survivors (4096K)
 Metaspace       used 21248K, committed 21504K, reserved 1073152K
  class space    used 2688K, committed 2816K, reserved 1048576K
}
Event: 3.164 GC heap after
{Heap after GC invocations=4 (full 0):
 garbage-first heap   total 532480K, used 15275K [0x0000000600000000, 0x0000000800000000)
  region size 4096K, 2 young (8192K), 2 survivors (8192K)
 Metaspace       used 21248K, committed 21504K, reserved 1073152K
  class space    used 2688K, committed 2816K, reserved 1048576K
}
Event: 4.374 GC heap before
{Heap before GC invocations=5 (full 0):
 garbage-first heap   total 98304K, used 64427K [0x0000000600000000, 0x0000000800000000)
  region size 4096K, 14 young (57344K), 2 survivors (8192K)
 Metaspace       used 30411K, committed 30656K, reserved 1081344K
  class space    used 3917K, committed 4032K, reserved 1048576K
}
Event: 4.384 GC heap after
{Heap after GC invocations=6 (full 0):
 garbage-first heap   total 98304K, used 19370K [0x0000000600000000, 0x0000000800000000)
  region size 4096K, 2 young (8192K), 2 survivors (8192K)
 Metaspace       used 30411K, committed 30656K, reserved 1081344K
  class space    used 3917K, committed 4032K, reserved 1048576K
}
Event: 4.465 GC heap before
{Heap before GC invocations=6 (full 0):
 garbage-first heap   total 98304K, used 23466K [0x0000000600000000, 0x0000000800000000)
  region size 4096K, 3 young (12288K), 2 survivors (8192K)
 Metaspace       used 31246K, committed 31552K, reserved 1081344K
  class space    used 4067K, committed 4224K, reserved 1048576K
}
Event: 4.471 GC heap after
{Heap after GC invocations=7 (full 0):
 garbage-first heap   total 98304K, used 20177K [0x0000000600000000, 0x0000000800000000)
  region size 4096K, 1 young (4096K), 1 survivors (4096K)
 Metaspace       used 31246K, committed 31552K, reserved 1081344K
  class space    used 4067K, committed 4224K, reserved 1048576K
}
Event: 4.865 GC heap before
{Heap before GC invocations=7 (full 0):
 garbage-first heap   total 98304K, used 32465K [0x0000000600000000, 0x0000000800000000)
  region size 4096K, 5 young (20480K), 1 survivors (4096K)
 Metaspace       used 35664K, committed 35968K, reserved 1081344K
  class space    used 4778K, committed 4928K, reserved 1048576K
}
Event: 4.867 GC heap after
{Heap after GC invocations=8 (full 0):
 garbage-first heap   total 98304K, used 20058K [0x0000000600000000, 0x0000000800000000)
  region size 4096K, 1 young (4096K), 1 survivors (4096K)
 Metaspace       used 35664K, committed 35968K, reserved 1081344K
  class space    used 4778K, committed 4928K, reserved 1048576K
}
Event: 5.749 GC heap before
{Heap before GC invocations=9 (full 0):
 garbage-first heap   total 98304K, used 61018K [0x0000000600000000, 0x0000000800000000)
  region size 4096K, 11 young (45056K), 1 survivors (4096K)
 Metaspace       used 44619K, committed 44864K, reserved 1089536K
  class space    used 6156K, committed 6272K, reserved 1048576K
}
Event: 5.753 GC heap after
{Heap after GC invocations=10 (full 0):
 garbage-first heap   total 98304K, used 22202K [0x0000000600000000, 0x0000000800000000)
  region size 4096K, 1 young (4096K), 1 survivors (4096K)
 Metaspace       used 44619K, committed 44864K, reserved 1089536K
  class space    used 6156K, committed 6272K, reserved 1048576K
}
Event: 6.547 GC heap before
{Heap before GC invocations=10 (full 0):
 garbage-first heap   total 98304K, used 67258K [0x0000000600000000, 0x0000000800000000)
  region size 4096K, 12 young (49152K), 1 survivors (4096K)
 Metaspace       used 49806K, committed 50176K, reserved 1097728K
  class space    used 6872K, committed 7040K, reserved 1048576K
}
Event: 6.553 GC heap after
{Heap after GC invocations=11 (full 0):
 garbage-first heap   total 98304K, used 24738K [0x0000000600000000, 0x0000000800000000)
  region size 4096K, 2 young (8192K), 2 survivors (8192K)
 Metaspace       used 49806K, committed 50176K, reserved 1097728K
  class space    used 6872K, committed 7040K, reserved 1048576K
}

Dll operation events (20 events):
Event: 3.335 Loading shared library /System/Library/Java/Extensions/libtcnative-1.jnilib failed, dlopen(/System/Library/Java/Extensions/libtcnative-1.jnilib, 0x0001): tried: '/System/Library/Java/Extensions/libtcnative-1.jnilib' (no such file), '/System/Volumes/Preboo
Event: 3.335 Loading shared library /usr/lib/java/libtcnative-1.dylib failed, dlopen(/usr/lib/java/libtcnative-1.dylib, 0x0001): tried: '/usr/lib/java/libtcnative-1.dylib' (no such file), '/System/Volumes/Preboot/Cryptexes/OS/usr/lib/java/libtcnative-1.dylib' (no such
Event: 3.335 Loading shared library /usr/lib/java/libtcnative-1.jnilib failed, dlopen(/usr/lib/java/libtcnative-1.jnilib, 0x0001): tried: '/usr/lib/java/libtcnative-1.jnilib' (no such file), '/System/Volumes/Preboot/Cryptexes/OS/usr/lib/java/libtcnative-1.jnilib' (no 
Event: 3.336 Loading shared library /Users/adrianhernandez/projects/courses/code-401/GIT-Date/libtcnative-1.dylib failed, dlopen(/Users/adrianhernandez/projects/courses/code-401/GIT-Date/libtcnative-1.dylib, 0x0001): tried: '/Users/adrianhernandez/projects/courses/cod
Event: 3.337 Loading shared library /Users/adrianhernandez/projects/courses/code-401/GIT-Date/libtcnative-1.jnilib failed, dlopen(/Users/adrianhernandez/projects/courses/code-401/GIT-Date/libtcnative-1.jnilib, 0x0001): tried: '/Users/adrianhernandez/projects/courses/c
Event: 3.337 Loading shared library /Library/Java/JavaVirtualMachines/temurin-17.jdk/Contents/Home/lib/liblibtcnative-1.dylib failed, dlopen(/Library/Java/JavaVirtualMachines/temurin-17.jdk/Contents/Home/lib/liblibtcnative-1.dylib, 0x0001): tried: '/Library/Java/JavaV
Event: 3.338 Loading shared library /Library/Java/JavaVirtualMachines/temurin-17.jdk/Contents/Home/lib/liblibtcnative-1.jnilib failed, dlopen(/Library/Java/JavaVirtualMachines/temurin-17.jdk/Contents/Home/lib/liblibtcnative-1.jnilib, 0x0001): tried: '/Library/Java/Jav
Event: 3.338 Loading shared library /Users/adrianhernandez/Library/Java/Extensions/liblibtcnative-1.dylib failed, dlopen(/Users/adrianhernandez/Library/Java/Extensions/liblibtcnative-1.dylib, 0x0001): tried: '/Users/adrianhernandez/Library/Java/Extensions/liblibtcnati
Event: 3.339 Loading shared library /Users/adrianhernandez/Library/Java/Extensions/liblibtcnative-1.jnilib failed, dlopen(/Users/adrianhernandez/Library/Java/Extensions/liblibtcnative-1.jnilib, 0x0001): tried: '/Users/adrianhernandez/Library/Java/Extensions/liblibtcna
Event: 3.339 Loading shared library /Library/Java/Extensions/liblibtcnative-1.dylib failed, dlopen(/Library/Java/Extensions/liblibtcnative-1.dylib, 0x0001): tried: '/Library/Java/Extensions/liblibtcnative-1.dylib' (no such file), '/System/Volumes/Preboot/Cryptexes/OS/
Event: 3.339 Loading shared library /Library/Java/Extensions/liblibtcnative-1.jnilib failed, dlopen(/Library/Java/Extensions/liblibtcnative-1.jnilib, 0x0001): tried: '/Library/Java/Extensions/liblibtcnative-1.jnilib' (no such file), '/System/Volumes/Preboot/Cryptexes/
Event: 3.339 Loading shared library /Network/Library/Java/Extensions/liblibtcnative-1.dylib failed, dlopen(/Network/Library/Java/Extensions/liblibtcnative-1.dylib, 0x0001): tried: '/Network/Library/Java/Extensions/liblibtcnative-1.dylib' (no such file), '/System/Volum
Event: 3.339 Loading shared library /Network/Library/Java/Extensions/liblibtcnative-1.jnilib failed, dlopen(/Network/Library/Java/Extensions/liblibtcnative-1.jnilib, 0x0001): tried: '/Network/Library/Java/Extensions/liblibtcnative-1.jnilib' (no such file), '/System/Vo
Event: 3.340 Loading shared library /System/Library/Java/Extensions/liblibtcnative-1.dylib failed, dlopen(/System/Library/Java/Extensions/liblibtcnative-1.dylib, 0x0001): tried: '/System/Library/Java/Extensions/liblibtcnative-1.dylib' (no such file), '/System/Volumes/
Event: 3.340 Loading shared library /System/Library/Java/Extensions/liblibtcnative-1.jnilib failed, dlopen(/System/Library/Java/Extensions/liblibtcnative-1.jnilib, 0x0001): tried: '/System/Library/Java/Extensions/liblibtcnative-1.jnilib' (no such file), '/System/Volum
Event: 3.340 Loading shared library /usr/lib/java/liblibtcnative-1.dylib failed, dlopen(/usr/lib/java/liblibtcnative-1.dylib, 0x0001): tried: '/usr/lib/java/liblibtcnative-1.dylib' (no such file), '/System/Volumes/Preboot/Cryptexes/OS/usr/lib/java/liblibtcnative-1.dyl
Event: 3.340 Loading shared library /usr/lib/java/liblibtcnative-1.jnilib failed, dlopen(/usr/lib/java/liblibtcnative-1.jnilib, 0x0001): tried: '/usr/lib/java/liblibtcnative-1.jnilib' (no such file), '/System/Volumes/Preboot/Cryptexes/OS/usr/lib/java/liblibtcnative-1.
Event: 3.340 Loading shared library /Users/adrianhernandez/projects/courses/code-401/GIT-Date/liblibtcnative-1.dylib failed, dlopen(/Users/adrianhernandez/projects/courses/code-401/GIT-Date/liblibtcnative-1.dylib, 0x0001): tried: '/Users/adrianhernandez/projects/cours
Event: 3.341 Loading shared library /Users/adrianhernandez/projects/courses/code-401/GIT-Date/liblibtcnative-1.jnilib failed, dlopen(/Users/adrianhernandez/projects/courses/code-401/GIT-Date/liblibtcnative-1.jnilib, 0x0001): tried: '/Users/adrianhernandez/projects/cou
Event: 4.716 Loaded shared library /Library/Java/JavaVirtualMachines/temurin-17.jdk/Contents/Home/lib/libextnet.dylib

Deoptimization events (20 events):
Event: 7.032 Thread 0x00007ff53f013200 Uncommon trap: trap_request=0xffffff45 fr.pc=0x0000000114ba35d4 relative=0x0000000000004754
Event: 7.032 Thread 0x00007ff53f013200 Uncommon trap: reason=unstable_if action=reinterpret pc=0x0000000114ba35d4 method=org.springframework.beans.factory.support.AbstractBeanFactory.isTypeMatch(Ljava/lang/String;Lorg/springframework/core/ResolvableType;Z)Z @ 34 c2
Event: 7.032 Thread 0x00007ff53f013200 DEOPT PACKING pc=0x0000000114ba35d4 sp=0x0000700007a83110
Event: 7.032 Thread 0x00007ff53f013200 DEOPT UNPACKING pc=0x000000010d061099 sp=0x0000700007a830d0 mode 2
Event: 7.094 Thread 0x00007ff53f013200 Uncommon trap: trap_request=0xfffffff4 fr.pc=0x0000000114c5b9e8 relative=0x0000000000001128
Event: 7.094 Thread 0x00007ff53f013200 Uncommon trap: reason=null_check action=make_not_entrant pc=0x0000000114c5b9e8 method=org.springframework.beans.factory.support.DefaultSingletonBeanRegistry.getSingleton(Ljava/lang/String;Z)Ljava/lang/Object; @ 90 c2
Event: 7.094 Thread 0x00007ff53f013200 DEOPT PACKING pc=0x0000000114c5b9e8 sp=0x0000700007a83200
Event: 7.094 Thread 0x00007ff53f013200 DEOPT UNPACKING pc=0x000000010d061099 sp=0x0000700007a831a8 mode 2
Event: 7.171 Thread 0x00007ff53f013200 Uncommon trap: trap_request=0xfffffff4 fr.pc=0x0000000114bf3a5c relative=0x000000000000021c
Event: 7.171 Thread 0x00007ff53f013200 Uncommon trap: reason=null_check action=make_not_entrant pc=0x0000000114bf3a5c method=org.springframework.util.ClassUtils.isAssignable(Ljava/lang/Class;Ljava/lang/Class;)Z @ 14 c2
Event: 7.171 Thread 0x00007ff53f013200 DEOPT PACKING pc=0x0000000114bf3a5c sp=0x0000700007a83650
Event: 7.171 Thread 0x00007ff53f013200 DEOPT UNPACKING pc=0x000000010d061099 sp=0x0000700007a83600 mode 2
Event: 7.261 Thread 0x00007ff53f013200 Uncommon trap: trap_request=0xffffff45 fr.pc=0x0000000114b007f0 relative=0x0000000000000530
Event: 7.261 Thread 0x00007ff53f013200 Uncommon trap: reason=unstable_if action=reinterpret pc=0x0000000114b007f0 method=org.springframework.core.annotation.AnnotationsScanner.isWithoutHierarchy(Ljava/lang/reflect/AnnotatedElement;Lorg/springframework/core/annotation/MergedAnnotations$SearchSt
Event: 7.261 Thread 0x00007ff53f013200 DEOPT PACKING pc=0x0000000114b007f0 sp=0x0000700007a838c0
Event: 7.261 Thread 0x00007ff53f013200 DEOPT UNPACKING pc=0x000000010d061099 sp=0x0000700007a83808 mode 2
Event: 7.261 Thread 0x00007ff53f013200 Uncommon trap: trap_request=0xffffff45 fr.pc=0x0000000114cc7998 relative=0x00000000000001b8
Event: 7.261 Thread 0x00007ff53f013200 Uncommon trap: reason=unstable_if action=reinterpret pc=0x0000000114cc7998 method=org.springframework.core.annotation.AnnotationsScanner.isWithoutHierarchy(Ljava/lang/reflect/AnnotatedElement;Lorg/springframework/core/annotation/MergedAnnotations$SearchSt
Event: 7.261 Thread 0x00007ff53f013200 DEOPT PACKING pc=0x0000000114cc7998 sp=0x0000700007a83840
Event: 7.261 Thread 0x00007ff53f013200 DEOPT UNPACKING pc=0x000000010d061099 sp=0x0000700007a837f0 mode 2

Classes unloaded (0 events):
No events

Classes redefined (0 events):
No events

Internal exceptions (20 events):
Event: 6.432 Thread 0x00007ff53f013200 Exception <a 'java/lang/ClassNotFoundException'{0x000000060369e850}: org/springframework/security/config/annotation/authentication/configuration/AuthenticationConfigurationCustomizer> (0x000000060369e850) 
thrown [src/hotspot/share/classfile/systemDictionary.cpp, line 256]
Event: 6.577 Thread 0x00007ff53f013200 Exception <a 'java/lang/ClassNotFoundException'{0x000000061fd94020}: java/lang/ObjectCustomizer> (0x000000061fd94020) 
thrown [src/hotspot/share/classfile/systemDictionary.cpp, line 256]
Event: 6.578 Thread 0x00007ff53f013200 Exception <a 'java/lang/ClassNotFoundException'{0x000000061fd9d088}: org/springframework/security/config/annotation/web/configuration/WebSecurityConfigurationCustomizer> (0x000000061fd9d088) 
thrown [src/hotspot/share/classfile/systemDictionary.cpp, line 256]
Event: 6.578 Thread 0x00007ff53f013200 Exception <a 'java/lang/ClassNotFoundException'{0x000000061fdab130}: org/springframework/context/annotation/ImportAwareCustomizer> (0x000000061fdab130) 
thrown [src/hotspot/share/classfile/systemDictionary.cpp, line 256]
Event: 6.579 Thread 0x00007ff53f013200 Exception <a 'java/lang/ClassNotFoundException'{0x000000061fdb1120}: org/springframework/beans/factory/AwareCustomizer> (0x000000061fdb1120) 
thrown [src/hotspot/share/classfile/systemDictionary.cpp, line 256]
Event: 6.579 Thread 0x00007ff53f013200 Exception <a 'java/lang/ClassNotFoundException'{0x000000061fdb6508}: org/springframework/beans/factory/BeanClassLoaderAwareCustomizer> (0x000000061fdb6508) 
thrown [src/hotspot/share/classfile/systemDictionary.cpp, line 256]
Event: 6.579 Thread 0x00007ff53f013200 Exception <a 'java/lang/ClassNotFoundException'{0x000000061fdbc4d8}: org/springframework/beans/factory/AwareCustomizer> (0x000000061fdbc4d8) 
thrown [src/hotspot/share/classfile/systemDictionary.cpp, line 256]
Event: 6.613 Thread 0x00007ff53f013200 Implicit null exception at 0x0000000114bca73d to 0x0000000114bca7f6
Event: 6.740 Thread 0x00007ff53f013200 Exception <a 'java/lang/ClassNotFoundException'{0x000000061d57f060}: java/lang/ObjectCustomizer> (0x000000061d57f060) 
thrown [src/hotspot/share/classfile/systemDictionary.cpp, line 256]
Event: 6.741 Thread 0x00007ff53f013200 Exception <a 'java/lang/ClassNotFoundException'{0x000000061d588110}: org/springframework/security/config/annotation/web/configuration/HttpSecurityConfigurationCustomizer> (0x000000061d588110) 
thrown [src/hotspot/share/classfile/systemDictionary.cpp, line 256]
Event: 6.899 Thread 0x00007ff53f013200 Exception <a 'java/lang/NoSuchMethodError'{0x00000006045011f0}: 'void java.lang.invoke.DirectMethodHandle$Holder.invokeVirtual(java.lang.Object, java.lang.Object, int)'> (0x00000006045011f0) 
thrown [src/hotspot/share/interpreter/linkResolver.cpp, line 759]
Event: 6.904 Thread 0x00007ff53f013200 Exception <a 'java/lang/NoSuchMethodError'{0x000000060451bba0}: 'void java.lang.invoke.DirectMethodHandle$Holder.invokeVirtual(java.lang.Object, java.lang.Object, long)'> (0x000000060451bba0) 
thrown [src/hotspot/share/interpreter/linkResolver.cpp, line 759]
Event: 7.042 Thread 0x00007ff53f013200 Exception <a 'java/lang/IncompatibleClassChangeError'{0x0000000604265e10}: Found class java.lang.Object, but interface was expected> (0x0000000604265e10) 
thrown [src/hotspot/share/interpreter/linkResolver.cpp, line 826]
Event: 7.088 Thread 0x00007ff53f013200 Exception <a 'java/lang/NoSuchMethodError'{0x00000006043c62e8}: 'int java.lang.invoke.DirectMethodHandle$Holder.invokeStaticInit(java.lang.Object, java.lang.Object, java.lang.Object, java.lang.Object)'> (0x00000006043c62e8) 
thrown [src/hotspot/share/interpreter/linkResolver.cpp, line 759]
Event: 7.094 Thread 0x00007ff53f013200 Implicit null exception at 0x0000000114c5b53b to 0x0000000114c5b9d8
Event: 7.171 Thread 0x00007ff53f013200 Implicit null exception at 0x0000000114bf385a to 0x0000000114bf3a48
Event: 7.275 Thread 0x00007ff53f013200 Exception <a 'java/lang/NoSuchMethodError'{0x0000000603ae9518}: 'java.lang.Object java.lang.invoke.DirectMethodHandle$Holder.invokeSpecial(java.lang.Object, java.lang.Object, int, java.lang.Object, int, java.lang.Object)'> (0x0000000603ae9518) 
thrown [src/hotspot/share/interpreter/linkResolver.cpp, line 759]
Event: 7.276 Thread 0x00007ff53f013200 Exception <a 'java/lang/NoSuchMethodError'{0x0000000603af15c0}: 'java.lang.Object java.lang.invoke.DirectMethodHandle$Holder.newInvokeSpecial(java.lang.Object, java.lang.Object, int, java.lang.Object, int)'> (0x0000000603af15c0) 
thrown [src/hotspot/share/interpreter/linkResolver.cpp, line 759]
Event: 7.276 Thread 0x00007ff53f013200 Exception <a 'java/lang/NoSuchMethodError'{0x0000000603af56c0}: 'java.lang.Object java.lang.invoke.DirectMethodHandle$Holder.invokeSpecial(java.lang.Object, java.lang.Object, java.lang.Object, int, java.lang.Object, int)'> (0x0000000603af56c0) 
thrown [src/hotspot/share/interpreter/linkResolver.cpp, line 759]
Event: 7.278 Thread 0x00007ff53f013200 Exception <a 'java/lang/NoSuchMethodError'{0x0000000603aff868}: 'void java.lang.invoke.DirectMethodHandle$Holder.invokeVirtual(java.lang.Object, java.lang.Object)'> (0x0000000603aff868) 
thrown [src/hotspot/share/interpreter/linkResolver.cpp, line 759]

VM Operations (20 events):
Event: 6.262 Executing VM operation: HandshakeAllThreads
Event: 6.262 Executing VM operation: HandshakeAllThreads done
Event: 6.369 Executing VM operation: ICBufferFull
Event: 6.370 Executing VM operation: ICBufferFull done
Event: 6.429 Executing VM operation: HandshakeAllThreads
Event: 6.429 Executing VM operation: HandshakeAllThreads done
Event: 6.546 Executing VM operation: G1CollectForAllocation
Event: 6.553 Executing VM operation: G1CollectForAllocation done
Event: 6.811 Executing VM operation: HandshakeAllThreads
Event: 6.811 Executing VM operation: HandshakeAllThreads done
Event: 6.924 Executing VM operation: HandshakeAllThreads
Event: 6.924 Executing VM operation: HandshakeAllThreads done
Event: 6.964 Executing VM operation: HandshakeAllThreads
Event: 6.964 Executing VM operation: HandshakeAllThreads done
Event: 7.012 Executing VM operation: HandshakeAllThreads
Event: 7.012 Executing VM operation: HandshakeAllThreads done
Event: 7.258 Executing VM operation: ICBufferFull
Event: 7.258 Executing VM operation: ICBufferFull done
Event: 7.315 Executing VM operation: HandshakeAllThreads
Event: 7.315 Executing VM operation: HandshakeAllThreads done

Events (20 events):
Event: 7.326 Protecting memory [0x0000700007985000,0x0000700007989000] with protection modes 3
Event: 7.326 Thread 0x00007ff53f013200 Thread exited: 0x00007ff53f013200
Event: 7.326 loading class java/beans/ThreadGroupContext
Event: 7.326 loading class java/beans/ThreadGroupContext done
Event: 7.326 loading class java/beans/ThreadGroupContext$1
Event: 7.326 loading class java/beans/WeakIdentityMap
Event: 7.326 loading class java/beans/WeakIdentityMap done
Event: 7.326 loading class java/beans/ThreadGroupContext$1 done
Event: 7.326 loading class java/beans/WeakIdentityMap$Entry
Event: 7.326 loading class java/beans/WeakIdentityMap$Entry done
Event: 7.327 loading class java/util/stream/LongStream
Event: 7.328 loading class java/util/stream/LongStream done
Event: 7.328 loading class java/util/stream/DoubleStream
Event: 7.328 loading class java/util/stream/DoubleStream done
Event: 7.328 Protecting memory [0x0000700007882000,0x0000700007886000] with protection modes 3
Event: 7.328 Thread 0x00007ff5410ddc00 Thread exited: 0x00007ff5410ddc00
Event: 7.328 Protecting memory [0x0000700006340000,0x0000700006344000] with protection modes 3
Event: 7.328 Thread 0x00007ff51f008a00 Thread exited: 0x00007ff51f008a00
Event: 7.328 Protecting memory [0x0000700006340000,0x0000700006344000] with protection modes 0
Event: 7.328 Thread 0x00007ff51f008a00 Thread added: 0x00007ff51f008a00


Dynamic libraries:
0x0000000103325000 	/Library/Java/JavaVirtualMachines/temurin-17.jdk/Contents/Home/lib/libjli.dylib
0x00007ff813bbf000 	/usr/lib/libz.1.dylib
0x00007ff813ca3000 	/usr/lib/libSystem.B.dylib
0x00007ff813c9e000 	/usr/lib/system/libcache.dylib
0x00007ff813c59000 	/usr/lib/system/libcommonCrypto.dylib
0x00007ff813c82000 	/usr/lib/system/libcompiler_rt.dylib
0x00007ff813c78000 	/usr/lib/system/libcopyfile.dylib
0x00007ff807da1000 	/usr/lib/system/libcorecrypto.dylib
0x00007ff807e65000 	/usr/lib/system/libdispatch.dylib
0x00007ff807fed000 	/usr/lib/system/libdyld.dylib
0x00007ff813c94000 	/usr/lib/system/libkeymgr.dylib
0x00007ff813c38000 	/usr/lib/system/libmacho.dylib
0x00007ff81320c000 	/usr/lib/system/libquarantine.dylib
0x00007ff813c92000 	/usr/lib/system/libremovefile.dylib
0x00007ff80ccb2000 	/usr/lib/system/libsystem_asl.dylib
0x00007ff807d43000 	/usr/lib/system/libsystem_blocks.dylib
0x00007ff807eaf000 	/usr/lib/system/libsystem_c.dylib
0x00007ff813c8a000 	/usr/lib/system/libsystem_collections.dylib
0x00007ff81249b000 	/usr/lib/system/libsystem_configuration.dylib
0x00007ff811513000 	/usr/lib/system/libsystem_containermanager.dylib
0x00007ff8138f7000 	/usr/lib/system/libsystem_coreservices.dylib
0x00007ff80ad2f000 	/usr/lib/system/libsystem_darwin.dylib
0x00007ff813c95000 	/usr/lib/system/libsystem_dnssd.dylib
0x00007ff807eac000 	/usr/lib/system/libsystem_featureflags.dylib
0x00007ff808018000 	/usr/lib/system/libsystem_info.dylib
0x00007ff813bd2000 	/usr/lib/system/libsystem_m.dylib
0x00007ff807e38000 	/usr/lib/system/libsystem_malloc.dylib
0x00007ff80cc41000 	/usr/lib/system/libsystem_networkextension.dylib
0x00007ff80b174000 	/usr/lib/system/libsystem_notify.dylib
0x00007ff81249f000 	/usr/lib/system/libsystem_sandbox.dylib
0x00007ff813c8f000 	/usr/lib/system/libsystem_secinit.dylib
0x00007ff807fa7000 	/usr/lib/system/libsystem_kernel.dylib
0x00007ff80800e000 	/usr/lib/system/libsystem_platform.dylib
0x00007ff807fe1000 	/usr/lib/system/libsystem_pthread.dylib
0x00007ff80e60a000 	/usr/lib/system/libsystem_symptoms.dylib
0x00007ff807d87000 	/usr/lib/system/libsystem_trace.dylib
0x00007ff813c65000 	/usr/lib/system/libunwind.dylib
0x00007ff807d47000 	/usr/lib/system/libxpc.dylib
0x00007ff807f91000 	/usr/lib/libc++abi.dylib
0x00007ff807c72000 	/usr/lib/libobjc.A.dylib
0x00007ff813c70000 	/usr/lib/liboah.dylib
0x00007ff807f38000 	/usr/lib/libc++.1.dylib
0x00007ff820073000 	/System/Library/Frameworks/Cocoa.framework/Versions/A/Cocoa
0x00007ff80b1d3000 	/System/Library/Frameworks/AppKit.framework/Versions/C/AppKit
0x00007ff80dd90000 	/System/Library/Frameworks/CoreData.framework/Versions/A/CoreData
0x00007ff808ebe000 	/System/Library/Frameworks/Foundation.framework/Versions/C/Foundation
0x00007ff80c1dc000 	/System/Library/PrivateFrameworks/UIFoundation.framework/Versions/A/UIFoundation
0x00007ffb0a1b6000 	/System/Library/PrivateFrameworks/CollectionViewCore.framework/Versions/A/CollectionViewCore
0x00007ff81a031000 	/System/Library/PrivateFrameworks/RemoteViewServices.framework/Versions/A/RemoteViewServices
0x00007ff811ceb000 	/System/Library/PrivateFrameworks/XCTTargetBootstrap.framework/Versions/A/XCTTargetBootstrap
0x00007ff815b14000 	/System/Library/PrivateFrameworks/InternationalSupport.framework/Versions/A/InternationalSupport
0x00007ff815b9d000 	/System/Library/PrivateFrameworks/UserActivity.framework/Versions/A/UserActivity
0x00007ffb20488000 	/System/Library/PrivateFrameworks/WindowManagement.framework/Versions/A/WindowManagement
0x00007ff808ba8000 	/System/Library/Frameworks/SystemConfiguration.framework/Versions/A/SystemConfiguration
0x00007ff814f0c000 	/usr/lib/libspindump.dylib
0x00007ff80c3aa000 	/System/Library/Frameworks/UniformTypeIdentifiers.framework/Versions/A/UniformTypeIdentifiers
0x00007ff8101cb000 	/usr/lib/libapp_launch_measurement.dylib
0x00007ff80f351000 	/System/Library/PrivateFrameworks/CoreAnalytics.framework/Versions/A/CoreAnalytics
0x00007ff8101ce000 	/System/Library/PrivateFrameworks/CoreAutoLayout.framework/Versions/A/CoreAutoLayout
0x00007ff81155f000 	/System/Library/Frameworks/Metal.framework/Versions/A/Metal
0x00007ff8124aa000 	/usr/lib/liblangid.dylib
0x00007ff811cf0000 	/System/Library/PrivateFrameworks/CoreSVG.framework/Versions/A/CoreSVG
0x00007ff80cce4000 	/System/Library/PrivateFrameworks/SkyLight.framework/Versions/A/SkyLight
0x00007ff80d0ce000 	/System/Library/Frameworks/CoreGraphics.framework/Versions/A/CoreGraphics
0x00007ff81a703000 	/System/Library/Frameworks/Accelerate.framework/Versions/A/Accelerate
0x00007ff814981000 	/System/Library/PrivateFrameworks/IconServices.framework/Versions/A/IconServices
0x00007ff811542000 	/System/Library/Frameworks/IOSurface.framework/Versions/A/IOSurface
0x00007ff80f37b000 	/usr/lib/libDiagnosticMessagesClient.dylib
0x00007ff81dc85000 	/System/Library/Frameworks/ApplicationServices.framework/Versions/A/ApplicationServices
0x00007ff811cd7000 	/System/Library/PrivateFrameworks/DFRFoundation.framework/Versions/A/DFRFoundation
0x00007ff80aa9b000 	/usr/lib/libicucore.A.dylib
0x00007ff8169b7000 	/System/Library/Frameworks/AudioToolbox.framework/Versions/A/AudioToolbox
0x00007ff815b1f000 	/System/Library/PrivateFrameworks/DataDetectorsCore.framework/Versions/A/DataDetectorsCore
0x00007ff90d18d000 	/System/Library/PrivateFrameworks/TextInput.framework/Versions/A/TextInput
0x00007ff80cc59000 	/usr/lib/libMobileGestalt.dylib
0x00007ff8119df000 	/System/Library/Frameworks/Carbon.framework/Versions/A/Frameworks/HIToolbox.framework/Versions/A/HIToolbox
0x00007ff80fb6c000 	/System/Library/Frameworks/QuartzCore.framework/Versions/A/QuartzCore
0x00007ff80a719000 	/System/Library/Frameworks/Security.framework/Versions/A/Security
0x00007ff81a069000 	/System/Library/Frameworks/Carbon.framework/Versions/A/Frameworks/SpeechRecognition.framework/Versions/A/SpeechRecognition
0x00007ff80ff0b000 	/System/Library/PrivateFrameworks/CoreUI.framework/Versions/A/CoreUI
0x00007ff809ffa000 	/System/Library/Frameworks/CoreAudio.framework/Versions/A/CoreAudio
0x00007ff80f455000 	/System/Library/Frameworks/DiskArbitration.framework/Versions/A/DiskArbitration
0x00007ff81532e000 	/System/Library/PrivateFrameworks/MultitouchSupport.framework/Versions/A/MultitouchSupport
0x00007ff80cc58000 	/usr/lib/libenergytrace.dylib
0x00007ff80b0b5000 	/System/Library/Frameworks/IOKit.framework/Versions/A/IOKit
0x00007ff81a462000 	/System/Library/Frameworks/CoreServices.framework/Versions/A/CoreServices
0x00007ff810163000 	/System/Library/PrivateFrameworks/PerformanceAnalysis.framework/Versions/A/PerformanceAnalysis
0x00007ffa1d6f1000 	/System/Library/Frameworks/OpenGL.framework/Versions/A/OpenGL
0x00007ff810216000 	/usr/lib/libxml2.2.dylib
0x00007ff81311f000 	/System/Library/PrivateFrameworks/MobileKeyBag.framework/Versions/A/MobileKeyBag
0x00007ff80d7f2000 	/System/Library/Frameworks/ColorSync.framework/Versions/A/ColorSync
0x00007ff808043000 	/System/Library/Frameworks/CoreFoundation.framework/Versions/A/CoreFoundation
0x00007ff812087000 	/System/Library/Frameworks/CoreImage.framework/Versions/A/CoreImage
0x00007ff809e0b000 	/System/Library/Frameworks/CoreText.framework/Versions/A/CoreText
0x00007ff811d28000 	/System/Library/Frameworks/ImageIO.framework/Versions/A/ImageIO
0x00007ff813ca9000 	/System/Library/PrivateFrameworks/SoftLinking.framework/Versions/A/SoftLinking
0x00007ff813f2b000 	/usr/lib/libcompression.dylib
0x00007ff815a46000 	/System/Library/PrivateFrameworks/TextureIO.framework/Versions/A/TextureIO
0x00007ff81464a000 	/usr/lib/libate.dylib
0x00007ff8143f7000 	/usr/lib/liblzma.5.dylib
0x00007ff813ca5000 	/usr/lib/libfakelink.dylib
0x00007ff80c89b000 	/System/Library/Frameworks/CFNetwork.framework/Versions/A/CFNetwork
0x00007ff813de2000 	/usr/lib/libarchive.2.dylib
0x00007ff81830a000 	/System/Library/Frameworks/Combine.framework/Versions/A/Combine
0x00007ff81642f000 	/usr/lib/swift/libswiftCore.dylib
0x00007ff90a1d2000 	/usr/lib/swift/libswiftCoreFoundation.dylib
0x00007ff90818b000 	/usr/lib/swift/libswiftDarwin.dylib
0x00007ff81bc84000 	/usr/lib/swift/libswiftDispatch.dylib
0x00007ff90a1ee000 	/usr/lib/swift/libswiftIOKit.dylib
0x00007ff81e0be000 	/usr/lib/swift/libswiftObjectiveC.dylib
0x00007ff90a1e3000 	/usr/lib/swift/libswiftXPC.dylib
0x00007ffb26d62000 	/usr/lib/swift/libswift_Concurrency.dylib
0x00007ffb26ea1000 	/usr/lib/swift/libswift_StringProcessing.dylib
0x00007ff81e0c2000 	/usr/lib/swift/libswiftos.dylib
0x00007ff80b036000 	/System/Library/PrivateFrameworks/CoreServicesInternal.framework/Versions/A/CoreServicesInternal
0x00007ff813233000 	/usr/lib/libbsm.0.dylib
0x00007ff813c3d000 	/usr/lib/system/libkxld.dylib
0x00007ff810197000 	/System/Library/Frameworks/CoreServices.framework/Versions/A/Frameworks/FSEvents.framework/Versions/A/FSEvents
0x00007ff80ad3a000 	/System/Library/Frameworks/CoreServices.framework/Versions/A/Frameworks/CarbonCore.framework/Versions/A/CarbonCore
0x00007ff80f3be000 	/System/Library/Frameworks/CoreServices.framework/Versions/A/Frameworks/Metadata.framework/Versions/A/Metadata
0x00007ff8138fd000 	/System/Library/Frameworks/CoreServices.framework/Versions/A/Frameworks/OSServices.framework/Versions/A/OSServices
0x00007ff813e6a000 	/System/Library/Frameworks/CoreServices.framework/Versions/A/Frameworks/SearchKit.framework/Versions/A/SearchKit
0x00007ff80e591000 	/System/Library/Frameworks/CoreServices.framework/Versions/A/Frameworks/AE.framework/Versions/A/AE
0x00007ff8084dd000 	/System/Library/Frameworks/CoreServices.framework/Versions/A/Frameworks/LaunchServices.framework/Versions/A/LaunchServices
0x00007ff8143a8000 	/System/Library/Frameworks/CoreServices.framework/Versions/A/Frameworks/DictionaryServices.framework/Versions/A/DictionaryServices
0x00007ff8101a4000 	/System/Library/Frameworks/CoreServices.framework/Versions/A/Frameworks/SharedFileList.framework/Versions/A/SharedFileList
0x00007ff813ef6000 	/usr/lib/libapple_nghttp2.dylib
0x00007ff80c897000 	/usr/lib/libnetwork.dylib
0x00007ff80e209000 	/usr/lib/libsqlite3.dylib
0x00007ff80e612000 	/System/Library/Frameworks/Network.framework/Versions/A/Network
0x00007ffb25d4c000 	/usr/lib/libCoreEntitlements.dylib
0x00007ffb13687000 	/System/Library/PrivateFrameworks/MessageSecurity.framework/Versions/A/MessageSecurity
0x00007ff80e1f0000 	/System/Library/PrivateFrameworks/ProtocolBuffer.framework/Versions/A/ProtocolBuffer
0x00007ff8138d6000 	/System/Library/PrivateFrameworks/AppleFSCompression.framework/Versions/A/AppleFSCompression
0x00007ff81321b000 	/usr/lib/libcoretls.dylib
0x00007ff814411000 	/usr/lib/libcoretls_cfhelpers.dylib
0x00007ff813f25000 	/usr/lib/libpam.2.dylib
0x00007ff81447f000 	/usr/lib/libxar.1.dylib
0x00007ff81495d000 	/usr/lib/libheimdal-asn1.dylib
0x00007ff813caa000 	/usr/lib/libpcap.A.dylib
0x00007ff80e601000 	/usr/lib/libdns_services.dylib
0x00007ff8124a6000 	/System/Library/PrivateFrameworks/AppleSystemInfo.framework/Versions/A/AppleSystemInfo
0x00007ff812f28000 	/System/Library/PrivateFrameworks/IOMobileFramebuffer.framework/Versions/A/IOMobileFramebuffer
0x00007ff8138e7000 	/usr/lib/libbz2.1.0.dylib
0x00007ff81320f000 	/usr/lib/libCheckFix.dylib
0x00007ff80ccc9000 	/System/Library/PrivateFrameworks/TCC.framework/Versions/A/TCC
0x00007ff8124ac000 	/System/Library/PrivateFrameworks/CoreNLP.framework/Versions/A/CoreNLP
0x00007ff80f37d000 	/System/Library/PrivateFrameworks/MetadataUtilities.framework/Versions/A/MetadataUtilities
0x00007ff813243000 	/usr/lib/libmecab.dylib
0x00007ff808c27000 	/usr/lib/libCRFSuite.dylib
0x00007ff81329d000 	/usr/lib/libgermantok.dylib
0x00007ff813ed1000 	/usr/lib/libThaiTokenizer.dylib
0x00007ff80f45d000 	/System/Library/Frameworks/Accelerate.framework/Versions/A/Frameworks/vImage.framework/Versions/A/vImage
0x00007ff81a435000 	/System/Library/Frameworks/Accelerate.framework/Versions/A/Frameworks/vecLib.framework/Versions/A/vecLib
0x00007ff8144c1000 	/System/Library/Frameworks/Accelerate.framework/Versions/A/Frameworks/vecLib.framework/Versions/A/libvMisc.dylib
0x00007ff812d4d000 	/System/Library/Frameworks/Accelerate.framework/Versions/A/Frameworks/vecLib.framework/Versions/A/libvDSP.dylib
0x00007ff808899000 	/System/Library/Frameworks/Accelerate.framework/Versions/A/Frameworks/vecLib.framework/Versions/A/libBLAS.dylib
0x00007ff814009000 	/System/Library/Frameworks/Accelerate.framework/Versions/A/Frameworks/vecLib.framework/Versions/A/libLAPACK.dylib
0x00007ff8132a0000 	/System/Library/Frameworks/Accelerate.framework/Versions/A/Frameworks/vecLib.framework/Versions/A/libLinearAlgebra.dylib
0x00007ff813f0e000 	/System/Library/Frameworks/Accelerate.framework/Versions/A/Frameworks/vecLib.framework/Versions/A/libSparseBLAS.dylib
0x00007ff814003000 	/System/Library/Frameworks/Accelerate.framework/Versions/A/Frameworks/vecLib.framework/Versions/A/libQuadrature.dylib
0x00007ff812598000 	/System/Library/Frameworks/Accelerate.framework/Versions/A/Frameworks/vecLib.framework/Versions/A/libBNNS.dylib
0x00007ff808b31000 	/System/Library/Frameworks/Accelerate.framework/Versions/A/Frameworks/vecLib.framework/Versions/A/libSparse.dylib
0x00007ffb12986000 	/System/Library/PrivateFrameworks/MIL.framework/Versions/A/MIL
0x00007ff813cdf000 	/usr/lib/libiconv.2.dylib
0x00007ff813c37000 	/usr/lib/libcharset.1.dylib
0x00007ff81017b000 	/System/Library/Frameworks/OpenDirectory.framework/Versions/A/Frameworks/CFOpenDirectory.framework/Versions/A/CFOpenDirectory
0x00007ff81016f000 	/System/Library/Frameworks/OpenDirectory.framework/Versions/A/OpenDirectory
0x00007ff814413000 	/System/Library/PrivateFrameworks/APFS.framework/Versions/A/APFS
0x00007ff813152000 	/System/Library/Frameworks/SecurityFoundation.framework/Versions/A/SecurityFoundation
0x00007ff81448d000 	/usr/lib/libutil.dylib
0x00007ffb11b17000 	/System/Library/PrivateFrameworks/InstalledContentLibrary.framework/Versions/A/InstalledContentLibrary
0x00007ff80b079000 	/System/Library/PrivateFrameworks/CoreServicesStore.framework/Versions/A/CoreServicesStore
0x00007ffb08d59000 	/System/Library/PrivateFrameworks/AppleMobileFileIntegrity.framework/Versions/A/AppleMobileFileIntegrity
0x00007ff90a1b2000 	/usr/lib/libmis.dylib
0x00007ff9187e6000 	/System/Library/PrivateFrameworks/MobileSystemServices.framework/Versions/A/MobileSystemServices
0x00007ffa12a14000 	/System/Library/PrivateFrameworks/ConfigProfileHelper.framework/Versions/A/ConfigProfileHelper
0x00007ff813ed3000 	/System/Library/PrivateFrameworks/AppleSauce.framework/Versions/A/AppleSauce
0x00007ff8098d0000 	/System/Library/PrivateFrameworks/LanguageModeling.framework/Versions/A/LanguageModeling
0x00007ff814491000 	/usr/lib/libxslt.1.dylib
0x00007ff813dd1000 	/usr/lib/libcmph.dylib
0x00007ff812f16000 	/System/Library/PrivateFrameworks/CoreEmoji.framework/Versions/A/CoreEmoji
0x00007ff812592000 	/System/Library/PrivateFrameworks/LinguisticData.framework/Versions/A/LinguisticData
0x00007ff808ae7000 	/System/Library/PrivateFrameworks/Lexicon.framework/Versions/A/Lexicon
0x00007ff8131e0000 	/System/Library/PrivateFrameworks/BackgroundTaskManagement.framework/Versions/A/BackgroundTaskManagement
0x00007ffb25e86000 	/usr/lib/libTLE.dylib
0x00007ffb26de6000 	/usr/lib/swift/libswift_RegexParser.dylib
0x00007ff8151f4000 	/System/Library/PrivateFrameworks/AppleJPEG.framework/Versions/A/AppleJPEG
0x00007ff814942000 	/usr/lib/libexpat.1.dylib
0x00007ff8158a2000 	/System/Library/Frameworks/ImageIO.framework/Versions/A/Resources/libPng.dylib
0x00007ff8158cf000 	/System/Library/Frameworks/ImageIO.framework/Versions/A/Resources/libTIFF.dylib
0x00007ff8159c0000 	/System/Library/Frameworks/ImageIO.framework/Versions/A/Resources/libGIF.dylib
0x00007ff81523f000 	/System/Library/Frameworks/ImageIO.framework/Versions/A/Resources/libJP2.dylib
0x00007ff815960000 	/System/Library/Frameworks/ImageIO.framework/Versions/A/Resources/libJPEG.dylib
0x00007ff815957000 	/System/Library/Frameworks/ImageIO.framework/Versions/A/Resources/libRadiance.dylib
0x00007ff811875000 	/System/Library/PrivateFrameworks/FontServices.framework/libFontParser.dylib
0x00007ff80e536000 	/System/Library/PrivateFrameworks/RunningBoardServices.framework/Versions/A/RunningBoardServices
0x00007ff8206b0000 	/System/Library/PrivateFrameworks/IOSurfaceAccelerator.framework/Versions/A/IOSurfaceAccelerator
0x00007ff81532a000 	/System/Library/PrivateFrameworks/WatchdogClient.framework/Versions/A/WatchdogClient
0x00007ff809a32000 	/System/Library/Frameworks/CoreDisplay.framework/Versions/A/CoreDisplay
0x00007ff811764000 	/System/Library/Frameworks/CoreMedia.framework/Versions/A/CoreMedia
0x00007ff811556000 	/System/Library/PrivateFrameworks/IOAccelerator.framework/Versions/A/IOAccelerator
0x00007ff8102f5000 	/System/Library/Frameworks/CoreVideo.framework/Versions/A/CoreVideo
0x00007ff813f23000 	/System/Library/Frameworks/MetalPerformanceShaders.framework/Versions/A/MetalPerformanceShaders
0x00007ff815367000 	/System/Library/Frameworks/VideoToolbox.framework/Versions/A/VideoToolbox
0x00007ff80e47a000 	/System/Library/PrivateFrameworks/BaseBoard.framework/Versions/A/BaseBoard
0x00007ff815950000 	/System/Library/PrivateFrameworks/GPUWrangler.framework/Versions/A/GPUWrangler
0x00007ff815934000 	/System/Library/PrivateFrameworks/IOPresentment.framework/Versions/A/IOPresentment
0x00007ff81595a000 	/System/Library/PrivateFrameworks/DSExternalDisplay.framework/Versions/A/DSExternalDisplay
0x00007ffb0e186000 	/System/Library/PrivateFrameworks/GPUCompiler.framework/Versions/31001/Libraries/libllvm-flatbuffers.dylib
0x00007ffa1d6e5000 	/System/Library/Frameworks/OpenGL.framework/Versions/A/Libraries/libCoreFSCache.dylib
0x00007ffb0e182000 	/System/Library/PrivateFrameworks/GPUCompiler.framework/Versions/31001/Libraries/libGPUCompilerUtils.dylib
0x00007ff8159c6000 	/System/Library/PrivateFrameworks/CMCaptureCore.framework/Versions/A/CMCaptureCore
0x00007ffa22fb5000 	/System/Library/Frameworks/ExtensionFoundation.framework/Versions/A/ExtensionFoundation
0x00007ff81c401000 	/System/Library/PrivateFrameworks/CoreTime.framework/Versions/A/CoreTime
0x00007ff814ef6000 	/System/Library/PrivateFrameworks/AppServerSupport.framework/Versions/A/AppServerSupport
0x00007ff817282000 	/System/Library/PrivateFrameworks/perfdata.framework/Versions/A/perfdata
0x00007ff809b5e000 	/System/Library/PrivateFrameworks/AudioToolboxCore.framework/Versions/A/AudioToolboxCore
0x00007ff81173e000 	/System/Library/PrivateFrameworks/caulk.framework/Versions/A/caulk
0x00007ff816b4f000 	/usr/lib/libAudioStatistics.dylib
0x00007ff909635000 	/System/Library/PrivateFrameworks/SystemPolicy.framework/Versions/A/SystemPolicy
0x00007ff816ded000 	/usr/lib/libSMC.dylib
0x00007ff81ff18000 	/System/Library/Frameworks/CoreMIDI.framework/Versions/A/CoreMIDI
0x00007ff815870000 	/usr/lib/libAudioToolboxUtility.dylib
0x00007ff82544b000 	/System/Library/PrivateFrameworks/OSAServicesClient.framework/Versions/A/OSAServicesClient
0x00007ff81728f000 	/usr/lib/libperfcheck.dylib
0x00007ff814826000 	/System/Library/PrivateFrameworks/PlugInKit.framework/Versions/A/PlugInKit
0x00007ff813145000 	/System/Library/PrivateFrameworks/AssertionServices.framework/Versions/A/AssertionServices
0x00007ffa1d740000 	/System/Library/Frameworks/OpenGL.framework/Versions/A/Libraries/libGLU.dylib
0x00007ffa1d704000 	/System/Library/Frameworks/OpenGL.framework/Versions/A/Libraries/libGFXShared.dylib
0x00007ffa1d90d000 	/System/Library/Frameworks/OpenGL.framework/Versions/A/Libraries/libGL.dylib
0x00007ffa1d70d000 	/System/Library/Frameworks/OpenGL.framework/Versions/A/Libraries/libGLImage.dylib
0x00007ffa1d701000 	/System/Library/Frameworks/OpenGL.framework/Versions/A/Libraries/libCVMSPluginSupport.dylib
0x00007ffb25e65000 	/usr/lib/libRosetta.dylib
0x00007ffa1d6ec000 	/System/Library/Frameworks/OpenGL.framework/Versions/A/Libraries/libCoreVMClient.dylib
0x00007ff81241f000 	/System/Library/Frameworks/MetalPerformanceShaders.framework/Versions/A/Frameworks/MPSCore.framework/Versions/A/MPSCore
0x00007ff813840000 	/System/Library/Frameworks/MetalPerformanceShaders.framework/Versions/A/Frameworks/MPSImage.framework/Versions/A/MPSImage
0x00007ff8132b6000 	/System/Library/Frameworks/MetalPerformanceShaders.framework/Versions/A/Frameworks/MPSNeuralNetwork.framework/Versions/A/MPSNeuralNetwork
0x00007ff813729000 	/System/Library/Frameworks/MetalPerformanceShaders.framework/Versions/A/Frameworks/MPSMatrix.framework/Versions/A/MPSMatrix
0x00007ff8134e4000 	/System/Library/Frameworks/MetalPerformanceShaders.framework/Versions/A/Frameworks/MPSRayIntersector.framework/Versions/A/MPSRayIntersector
0x00007ff813764000 	/System/Library/Frameworks/MetalPerformanceShaders.framework/Versions/A/Frameworks/MPSNDArray.framework/Versions/A/MPSNDArray
0x00007ffa24325000 	/System/Library/Frameworks/MetalPerformanceShaders.framework/Versions/A/Frameworks/MPSFunctions.framework/Versions/A/MPSFunctions
0x00007ff80875a000 	/System/Library/PrivateFrameworks/MetalTools.framework/Versions/A/MetalTools
0x00007ff8124a5000 	/System/Library/PrivateFrameworks/AggregateDictionary.framework/Versions/A/AggregateDictionary
0x00007ff8146e1000 	/usr/lib/libIOReport.dylib
0x00007ffa1ecf0000 	/System/Library/Frameworks/OpenCL.framework/Versions/A/OpenCL
0x00007ff814a88000 	/System/Library/PrivateFrameworks/GraphVisualizer.framework/Versions/A/GraphVisualizer
0x00007ffb0e097000 	/System/Library/PrivateFrameworks/FontServices.framework/Versions/A/FontServices
0x00007ff814eb1000 	/System/Library/PrivateFrameworks/OTSVG.framework/Versions/A/OTSVG
0x00007ff80febf000 	/System/Library/Frameworks/ApplicationServices.framework/Versions/A/Frameworks/ATS.framework/Versions/A/Resources/libFontRegistry.dylib
0x00007ff814f00000 	/System/Library/PrivateFrameworks/FontServices.framework/libhvf.dylib
0x00007ffb0e098000 	/System/Library/PrivateFrameworks/FontServices.framework/libXTFontStaticRegistryData.dylib
0x00007ffb1f331000 	/System/Library/PrivateFrameworks/VideoToolboxParavirtualizationSupport.framework/Versions/A/VideoToolboxParavirtualizationSupport
0x00007ff8148f2000 	/System/Library/PrivateFrameworks/AppleVA.framework/Versions/A/AppleVA
0x00007ff816b8f000 	/System/Library/Frameworks/ApplicationServices.framework/Versions/A/Frameworks/ATS.framework/Versions/A/ATS
0x00007ff80d8e2000 	/System/Library/Frameworks/ApplicationServices.framework/Versions/A/Frameworks/HIServices.framework/Versions/A/HIServices
0x00007ff8159d2000 	/System/Library/Frameworks/ApplicationServices.framework/Versions/A/Frameworks/PrintCore.framework/Versions/A/PrintCore
0x00007ff816f42000 	/System/Library/Frameworks/ApplicationServices.framework/Versions/A/Frameworks/QD.framework/Versions/A/QD
0x00007ff816f3a000 	/System/Library/Frameworks/ApplicationServices.framework/Versions/A/Frameworks/ColorSyncLegacy.framework/Versions/A/ColorSyncLegacy
0x00007ff816b63000 	/System/Library/Frameworks/ApplicationServices.framework/Versions/A/Frameworks/SpeechSynthesis.framework/Versions/A/SpeechSynthesis
0x00007ff815990000 	/System/Library/Frameworks/ApplicationServices.framework/Versions/A/Frameworks/ATSUI.framework/Versions/A/ATSUI
0x00007ff816ecd000 	/usr/lib/libcups.2.dylib
0x00007ff81729e000 	/System/Library/Frameworks/Kerberos.framework/Versions/A/Kerberos
0x00007ff8172ad000 	/System/Library/Frameworks/GSS.framework/Versions/A/GSS
0x00007ff816bfd000 	/usr/lib/libresolv.9.dylib
0x00007ff814f11000 	/System/Library/PrivateFrameworks/Heimdal.framework/Versions/A/Heimdal
0x00007ff81e041000 	/System/Library/Frameworks/Kerberos.framework/Versions/A/Libraries/libHeimdalProxy.dylib
0x00007ff8172f8000 	/System/Library/PrivateFrameworks/CommonAuth.framework/Versions/A/CommonAuth
0x00007ffa2228b000 	/System/Library/Frameworks/AVFAudio.framework/Versions/A/AVFAudio
0x00007ff825494000 	/System/Library/PrivateFrameworks/AXCoreUtilities.framework/Versions/A/AXCoreUtilities
0x00007ff816adf000 	/System/Library/PrivateFrameworks/AudioSession.framework/Versions/A/AudioSession
0x00007ff8180e1000 	/System/Library/Frameworks/IOBluetooth.framework/Versions/A/IOBluetooth
0x00007ff8149f8000 	/System/Library/PrivateFrameworks/MediaExperience.framework/Versions/A/MediaExperience
0x00007ff816986000 	/System/Library/PrivateFrameworks/AudioSession.framework/libSessionUtility.dylib
0x00007ff816f4e000 	/System/Library/PrivateFrameworks/AudioResourceArbitration.framework/Versions/A/AudioResourceArbitration
0x00007ff81b03a000 	/System/Library/PrivateFrameworks/PowerLog.framework/Versions/A/PowerLog
0x00007ff81af7c000 	/System/Library/Frameworks/CoreBluetooth.framework/Versions/A/CoreBluetooth
0x00007ff81e042000 	/System/Library/Frameworks/AudioUnit.framework/Versions/A/AudioUnit
0x00007ff812faf000 	/System/Library/PrivateFrameworks/CoreUtils.framework/Versions/A/CoreUtils
0x00007ffb0cc48000 	/System/Library/PrivateFrameworks/CoreUtilsExtras.framework/Versions/A/CoreUtilsExtras
0x00007ffb119aa000 	/System/Library/PrivateFrameworks/IO80211.framework/Versions/A/IO80211
0x00007ff814966000 	/System/Library/PrivateFrameworks/IconFoundation.framework/Versions/A/IconFoundation
0x00007ff81a059000 	/System/Library/PrivateFrameworks/SpeechRecognitionCore.framework/Versions/A/SpeechRecognitionCore
0x0000000104481000 	/Library/Java/JavaVirtualMachines/temurin-17.jdk/Contents/Home/lib/server/libjvm.dylib
0x00000001032dc000 	/Library/Java/JavaVirtualMachines/temurin-17.jdk/Contents/Home/lib/libjimage.dylib
0x00000001033bd000 	/Library/Java/JavaVirtualMachines/temurin-17.jdk/Contents/Home/lib/libjava.dylib
0x00000001033a7000 	/Library/Java/JavaVirtualMachines/temurin-17.jdk/Contents/Home/lib/libnio.dylib
0x000000010365d000 	/Library/Java/JavaVirtualMachines/temurin-17.jdk/Contents/Home/lib/libnet.dylib
0x0000000103643000 	/Library/Java/JavaVirtualMachines/temurin-17.jdk/Contents/Home/lib/libzip.dylib
0x0000000103677000 	/Library/Java/JavaVirtualMachines/temurin-17.jdk/Contents/Home/lib/libverify.dylib
0x000000010339c000 	/Library/Java/JavaVirtualMachines/temurin-17.jdk/Contents/Home/lib/libmanagement.dylib
0x0000000103689000 	/Library/Java/JavaVirtualMachines/temurin-17.jdk/Contents/Home/lib/libmanagement_ext.dylib
0x0000000103651000 	/Library/Java/JavaVirtualMachines/temurin-17.jdk/Contents/Home/lib/libextnet.dylib


VM Arguments:
jvm_args: -Dfile.encoding=UTF-8 -Duser.country=US -Duser.language=en -Duser.variant 
java_command: com.GITDate.GITDate.GitDateApplication
java_class_path (initial): /Users/adrianhernandez/projects/courses/code-401/GIT-Date/GITDate/build/classes/java/main:/Users/adrianhernandez/projects/courses/code-401/GIT-Date/GITDate/build/resources/main:/Users/adrianhernandez/.gradle/caches/modules-2/files-2.1/org.springframework.boot/spring-boot-devtools/2.7.8/963bc838a51a9271bcb71af51f58d761d4b13cda/spring-boot-devtools-2.7.8.jar:/Users/adrianhernandez/.gradle/caches/modules-2/files-2.1/org.springframework.boot/spring-boot-starter-data-jpa/2.7.8/ace969cae39b4479ffedd58e04c5a6eca60c94a5/spring-boot-starter-data-jpa-2.7.8.jar:/Users/adrianhernandez/.gradle/caches/modules-2/files-2.1/org.springframework.boot/spring-boot-starter-security/2.7.8/dab6861ecbd4477c6189ee5c4964b72606c014c6/spring-boot-starter-security-2.7.8.jar:/Users/adrianhernandez/.gradle/caches/modules-2/files-2.1/org.springframework.boot/spring-boot-starter-thymeleaf/2.7.8/fa1c619458d1e09fc749fce98c114d37af5af90b/spring-boot-starter-thymeleaf-2.7.8.jar:/Users/adrianhernandez/.gradle/caches/modules-2/files-2.1/org.springframework.boot/spring-boot-starter-web/2.7.8/7596f0263544e8230a5bf5357a02fb391f036f77/spring-boot-starter-web-2.7.8.jar:/Users/adrianhernandez/.gradle/caches/modules-2/files-2.1/org.thymeleaf.extras/thymeleaf-extras-springsecurity5/3.0.5.RELEASE/8ac42b63d03d7ccbfdcb4fc8c4322001e6081515/thymeleaf-extras-springsecurity5-3.0.5.RELEASE.jar:/Users/adrianhernandez/.gradle/caches/modules-2/files-2.1/org.postgresql/postgresql/42.3.8/d81533a6ff4376590f9ce7ba74b8f3723066f25c/postgresql-42.3.8.jar:/Users/adrianhernandez/.gradle/caches/modules-2/files-2.1/org.springframework.boot/spring-boot-starter-aop/2.7.8/72fc6a1e13d5e46b20c0d9e45574bfb0d6e7af6d/spring-boot-starter-aop-2.7.8.jar:/Users/adrianhernandez/.gradle/caches/modules-2/files-2.1/org.springframework.boot/spring-boot-starter-jdbc/2.7.8/5821d4af88c26bc5e23b7131ff8e68c67275d8b6/spring-boot-starter-jdbc-2.7.8.jar:/Users/adrianhernandez/.gradle/caches/modules-2/files-2.1/org.springframework.
Launcher Type: SUN_STANDARD

[Global flags]
     intx CICompilerCount                          = 4                                         {product} {ergonomic}
     uint ConcGCThreads                            = 2                                         {product} {ergonomic}
     uint G1ConcRefinementThreads                  = 8                                         {product} {ergonomic}
   size_t G1HeapRegionSize                         = 4194304                                   {product} {ergonomic}
    uintx GCDrainStackTargetSize                   = 64                                        {product} {ergonomic}
   size_t InitialHeapSize                          = 536870912                                 {product} {ergonomic}
   size_t MarkStackSize                            = 4194304                                   {product} {ergonomic}
   size_t MaxHeapSize                              = 8589934592                                {product} {ergonomic}
   size_t MaxNewSize                               = 5150605312                                {product} {ergonomic}
   size_t MinHeapDeltaBytes                        = 4194304                                   {product} {ergonomic}
   size_t MinHeapSize                              = 8388608                                   {product} {ergonomic}
    uintx NonNMethodCodeHeapSize                   = 5839372                                {pd product} {ergonomic}
    uintx NonProfiledCodeHeapSize                  = 122909434                              {pd product} {ergonomic}
    uintx ProfiledCodeHeapSize                     = 122909434                              {pd product} {ergonomic}
    uintx ReservedCodeCacheSize                    = 251658240                              {pd product} {ergonomic}
     bool SegmentedCodeCache                       = true                                      {product} {ergonomic}
   size_t SoftMaxHeapSize                          = 8589934592                             {manageable} {ergonomic}
     bool UseCompressedClassPointers               = true                           {product lp64_product} {ergonomic}
     bool UseCompressedOops                        = true                           {product lp64_product} {ergonomic}
     bool UseG1GC                                  = true                                      {product} {ergonomic}
     bool UseNUMA                                  = false                                     {product} {ergonomic}
     bool UseNUMAInterleaving                      = false                                     {product} {ergonomic}

Logging:
Log output configuration:
 #0: stdout all=warning uptime,level,tags
 #1: stderr all=off uptime,level,tags

Environment Variables:
PATH=/usr/local/bin:/System/Cryptexes/App/usr/bin:/usr/bin:/bin:/usr/sbin:/sbin:/usr/local/bin
SHELL=/bin/zsh
LANG=en_US.UTF-8
TERM=xterm-256color
TMPDIR=/var/folders/xx/78khx7294fv8n2j926k775h40000gn/T/

Signal Handlers:
   SIGSEGV: crash_handler in libjvm.dylib, mask=11100110000111110111111111111111, flags=SA_RESTART|SA_SIGINFO
    SIGBUS: crash_handler in libjvm.dylib, mask=11100110000111110111111111111111, flags=SA_RESTART|SA_SIGINFO
    SIGFPE: crash_handler in libjvm.dylib, mask=11100110000111110111111111111111, flags=SA_RESTART|SA_SIGINFO
   SIGPIPE: javaSignalHandler in libjvm.dylib, mask=11100110000111110111111111111111, flags=SA_RESTART|SA_SIGINFO
   SIGXFSZ: javaSignalHandler in libjvm.dylib, mask=11100110000111110111111111111111, flags=SA_RESTART|SA_SIGINFO
    SIGILL: crash_handler in libjvm.dylib, mask=11100110000111110111111111111111, flags=SA_RESTART|SA_SIGINFO
   SIGUSR2: SR_handler in libjvm.dylib, mask=00100000000000000000000000000000, flags=SA_RESTART|SA_SIGINFO
    SIGHUP: UserHandler in libjvm.dylib, mask=11100110000111110111111111111111, flags=SA_RESTART|SA_SIGINFO
    SIGINT: UserHandler in libjvm.dylib, mask=11100110000111110111111111111111, flags=SA_RESTART|SA_SIGINFO
   SIGTERM: UserHandler in libjvm.dylib, mask=11100110000111110111111111111111, flags=SA_RESTART|SA_SIGINFO
   SIGQUIT: UserHandler in libjvm.dylib, mask=11100110000111110111111111111111, flags=SA_RESTART|SA_SIGINFO
  *** Handler was modified!
  *** Expected: javaSignalHandler in libjvm.dylib, mask=11100110100111111111111111111111, flags=SA_RESTART|SA_SIGINFO
   SIGTRAP: crash_handler in libjvm.dylib, mask=11100110000111110111111111111111, flags=SA_RESTART|SA_SIGINFO


---------------  S Y S T E M  ---------------

OS:
uname: Darwin 22.3.0 Darwin Kernel Version 22.3.0: Thu Jan  5 20:53:49 PST 2023; root:xnu-8792.81.2~2/RELEASE_X86_64 x86_64
OS uptime: 9 days 4:07 hours
rlimit (soft/hard): STACK 8192k/65532k , CORE 0k/infinity , NPROC 5568/8352 , NOFILE 10240/infinity , AS infinity/infinity , CPU infinity/infinity , DATA infinity/infinity , FSIZE infinity/infinity , MEMLOCK infinity/infinity , RSS infinity/infinity
load average: 4.66 4.34 3.89

CPU: total 8 (initial active 8) (4 cores per cpu, 2 threads per core) family 6 model 126 stepping 5 microcode 0xb8, cx8, cmov, fxsr, ht, mmx, 3dnowpref, sse, sse2, sse3, ssse3, sse4.1, sse4.2, popcnt, lzcnt, tsc, tscinvbit, avx, avx2, aes, erms, clmul, bmi1, bmi2, adx, sha, fma, vzeroupper, clflush, clflushopt

Memory: 4k page, physical 33554432k(3600560k free), swap 2097152k(1680128k free)

vm_info: OpenJDK 64-Bit Server VM (17.0.5+8) for bsd-amd64 JRE (17.0.5+8), built on Oct 19 2022 04:30:55 by "temurin" with clang 4.2.1 Compatible Apple LLVM 10.0.1 (clang-1001.0.46.4)

END.
