#
# A fatal error has been detected by the Java Runtime Environment:
#
#  SIGSEGV (0xb) at pc=0x0000000101fd828c, pid=59605, tid=22791
#
# JRE version: OpenJDK Runtime Environment Temurin-17.0.5+8 (17.0.5+8) (build 17.0.5+8)
# Java VM: OpenJDK 64-Bit Server VM Temurin-17.0.5+8 (17.0.5+8, mixed mode, sharing, tiered, compressed oops, compressed class ptrs, g1 gc, bsd-amd64)
# Problematic frame:
# V  [libjvm.dylib+0x58328c]  jni_GetByteField+0xbc
#
# No core dump will be written. Core dumps have been disabled. To enable core dumping, try "ulimit -c unlimited" before starting Java again
#
# If you would like to submit a bug report, please visit:
#   https://github.com/adoptium/adoptium-support/issues
#

---------------  S U M M A R Y ------------

Command Line: -Dfile.encoding=UTF-8 -Duser.country=US -Duser.language=en -Duser.variant com.GITDate.GITDate.GitDateApplication

Host: "MacBookPro16,2" x86_64 2000 MHz, 8 cores, 32G, Darwin 22.3.0, macOS 10.16 (22D49)
Time: Thu Feb  9 15:39:22 2023 PST elapsed time: 30.631248 seconds (0d 0h 0m 30s)

---------------  T H R E A D  ---------------

Current thread (0x00007ff40b0cf000):  JavaThread "File Watcher" daemon [_thread_in_vm, id=22791, stack(0x00007000107e3000,0x00007000108e3000)]

Stack: [0x00007000107e3000,0x00007000108e3000],  sp=0x00007000108e25c0,  free space=1021k
Native frames: (J=compiled Java code, j=interpreted, Vv=VM code, C=native code)
V  [libjvm.dylib+0x58328c]  jni_GetByteField+0xbc
C  [libjava.dylib+0xeff3]  JNU_GetStringPlatformChars+0x523
C  [libjava.dylib+0x8ff7]  Java_java_io_UnixFileSystem_list+0x67
j  java.io.UnixFileSystem.list(Ljava/io/File;)[Ljava/lang/String;+0 java.base@17.0.5
J 5711 c1 java.io.File.normalizedList()[Ljava/lang/String; java.base@17.0.5 (86 bytes) @ 0x000000010b4caedc [0x000000010b4cac40+0x000000000000029c]
J 5710 c1 java.io.File.listFiles()[Ljava/io/File; java.base@17.0.5 (52 bytes) @ 0x000000010b4ca2fc [0x000000010b4ca280+0x000000000000007c]
J 5713 c1 org.springframework.boot.devtools.filewatch.DirectorySnapshot.collectFiles(Ljava/io/File;Ljava/util/Set;)V (99 bytes) @ 0x000000010b4cb9f4 [0x000000010b4cb960+0x0000000000000094]
j  org.springframework.boot.devtools.filewatch.DirectorySnapshot.<init>(Ljava/io/File;)V+58
j  org.springframework.boot.devtools.filewatch.FileSystemWatcher$Watcher.getCurrentSnapshots()Ljava/util/Map;+49
j  org.springframework.boot.devtools.filewatch.FileSystemWatcher$Watcher.scan()V+20
j  org.springframework.boot.devtools.filewatch.FileSystemWatcher$Watcher.run()V+30
j  java.lang.Thread.run()V+11 java.base@17.0.5
v  ~StubRoutines::call_stub
V  [libjvm.dylib+0x51bf56]  JavaCalls::call_helper(JavaValue*, methodHandle const&, JavaCallArguments*, JavaThread*)+0x2b6
V  [libjvm.dylib+0x51afb7]  JavaCalls::call_virtual(JavaValue*, Klass*, Symbol*, Symbol*, JavaCallArguments*, JavaThread*)+0x147
V  [libjvm.dylib+0x51b083]  JavaCalls::call_virtual(JavaValue*, Handle, Klass*, Symbol*, Symbol*, JavaThread*)+0x63
V  [libjvm.dylib+0x5c60d4]  thread_entry(JavaThread*, JavaThread*)+0xb4
V  [libjvm.dylib+0xaa40af]  JavaThread::thread_main_inner()+0x14f
V  [libjvm.dylib+0xaa241f]  Thread::call_run()+0xcf
V  [libjvm.dylib+0x8af1eb]  thread_native_entry(Thread*)+0x14b
C  [libsystem_pthread.dylib+0x6259]  _pthread_start+0x7d
C  [libsystem_pthread.dylib+0x1c7b]  thread_start+0xf

Java frames: (J=compiled Java code, j=interpreted, Vv=VM code)
j  java.io.UnixFileSystem.list(Ljava/io/File;)[Ljava/lang/String;+0 java.base@17.0.5
J 5711 c1 java.io.File.normalizedList()[Ljava/lang/String; java.base@17.0.5 (86 bytes) @ 0x000000010b4caedc [0x000000010b4cac40+0x000000000000029c]
J 5710 c1 java.io.File.listFiles()[Ljava/io/File; java.base@17.0.5 (52 bytes) @ 0x000000010b4ca2fc [0x000000010b4ca280+0x000000000000007c]
J 5713 c1 org.springframework.boot.devtools.filewatch.DirectorySnapshot.collectFiles(Ljava/io/File;Ljava/util/Set;)V (99 bytes) @ 0x000000010b4cb9f4 [0x000000010b4cb960+0x0000000000000094]
j  org.springframework.boot.devtools.filewatch.DirectorySnapshot.<init>(Ljava/io/File;)V+58
j  org.springframework.boot.devtools.filewatch.FileSystemWatcher$Watcher.getCurrentSnapshots()Ljava/util/Map;+49
j  org.springframework.boot.devtools.filewatch.FileSystemWatcher$Watcher.scan()V+20
j  org.springframework.boot.devtools.filewatch.FileSystemWatcher$Watcher.run()V+30
j  java.lang.Thread.run()V+11 java.base@17.0.5
v  ~StubRoutines::call_stub

siginfo: si_signo: 11 (SIGSEGV), si_code: 1 (SEGV_MAPERR), si_addr: 0x0000000000001048

Register to memory mapping:

RAX=0x0000000000001040 is an unknown value
RBX=0x0 is NULL
RCX=0x00000001027baac1: UseCompressedClassPointers+0 in /Library/Java/JavaVirtualMachines/temurin-17.jdk/Contents/Home/lib/server/libjvm.dylib at 0x0000000101a55000
RDX=0x0000000000000042 is an unknown value
RSP=0x00007000108e25c0 is pointing into the stack for thread: 0x00007ff40b0cf000
RBP=0x00007000108e25f0 is pointing into the stack for thread: 0x00007ff40b0cf000
RSI=0x00007ff3f8f18890 points into unknown readable memory: 0x0000000000001040 | 40 10 00 00 00 00 00 00
RDI=0x00007ff3f8f18890 points into unknown readable memory: 0x0000000000001040 | 40 10 00 00 00 00 00 00
R8 ={method} {0x0000000800078868} 'listFiles' '()[Ljava/io/File;' in 'java/io/File'
R9 =0x0000000000001040 is an unknown value
R10=0x0000000000000010 is an unknown value
R11=0x0000000000000042 is an unknown value
R12=0x00007ff40b0cf2a8 points into unknown readable memory: 0x000000010277be78 | 78 be 77 02 01 00 00 00
R13=0x00007ff40b0cf000 is a thread
R14=0x0000000000000042 is an unknown value
R15=0x00007ff3f8f18890 points into unknown readable memory: 0x0000000000001040 | 40 10 00 00 00 00 00 00


Registers:
RAX=0x0000000000001040, RBX=0x0000000000000000, RCX=0x00000001027baac1, RDX=0x0000000000000042
RSP=0x00007000108e25c0, RBP=0x00007000108e25f0, RSI=0x00007ff3f8f18890, RDI=0x00007ff3f8f18890
R8 =0x0000000800078868, R9 =0x0000000000001040, R10=0x0000000000000010, R11=0x0000000000000042
R12=0x00007ff40b0cf2a8, R13=0x00007ff40b0cf000, R14=0x0000000000000042, R15=0x00007ff3f8f18890
RIP=0x0000000101fd828c, EFLAGS=0x0000000000010202, ERR=0x0000000000000004
  TRAPNO=0x000000000000000e

Top of Stack: (sp=0x00007000108e25c0)
0x00007000108e25c0:   000000010277be78 0000000000000000
0x00007000108e25d0:   00007ff40b0cf2a8 0000000800694dc0
0x00007000108e25e0:   00007ff40b0cf2a8 00007ff3f8f18890
0x00007000108e25f0:   00007000108e2640 000000010099fff3
0x00007000108e2600:   0000000000000000 0000000800019150
0x00007000108e2610:   00007000108e2780 0000000000000000
0x00007000108e2620:   00007ff40b0cf2a8 0000000800694dc0
0x00007000108e2630:   00007000108e2728 00007ff3f8f18890
0x00007000108e2640:   00007000108e26a0 0000000100999ff7
0x00007000108e2650:   00007000108e2690 00007ff409805a80
0x00007000108e2660:   00000008009aeed8 00007ff40b0cf000
0x00007000108e2670:   000000080017ba90 00000008000abcd0
0x00007000108e2680:   0000000000000000 0000000800694dc0
0x00007000108e2690:   00007000108e2730 00007ff40b0cf000
0x00007000108e26a0:   00007000108e2708 000000010a5f053a
0x00007000108e26b0:   000000060421ca68 0000000000000014
0x00007000108e26c0:   00007000108e26c0 0000000000000000
0x00007000108e26d0:   00007000108e2730 00000008000ac7f8
0x00007000108e26e0:   0000000000000000 00000007ffb1b8a8
0x00007000108e26f0:   00000008000abcd0 0000000000000000
0x00007000108e2700:   00007000108e2740 00007000108e2978
0x00007000108e2710:   000000010b4caedc 0000000000000000
0x00007000108e2720:   000000010a5edf7b 0000000132599a28
0x00007000108e2730:   0000000600194f60 000000010b4caedc
0x00007000108e2740:   00007000108e2790 00000001009a0652
0x00007000108e2750:   0000000000000000 00007000108e2840
0x00007000108e2760:   00007000108e2780 00007ff40b0cf000
0x00007000108e2770:   00007000108e2830 00007ff807ec0913
0x00007000108e2780:   0000000063e5842a 000060000003c7e3
0x00007000108e2790:   00007000108e2850 0000000132599a28
0x00007000108e27a0:   000341ed01000009 00000000007c15d4
0x00007000108e27b0:   00000014000001f5 0000000000000000 

Instructions: (pc=0x0000000101fd828c)
0x0000000101fd818c:   5d c3 49 8d 7f ff ff 15 98 00 7a 00 48 8d 0d 22
0x0000000101fd819c:   29 7e 00 80 39 00 0f 85 34 ff ff ff 48 8b 58 08
0x0000000101fd81ac:   48 8d 0d 5d 58 7e 00 80 39 00 0f 85 3f ff ff ff
0x0000000101fd81bc:   e9 51 ff ff ff 66 2e 0f 1f 84 00 00 00 00 00 0f
0x0000000101fd81cc:   1f 44 00 00 55 48 89 e5 41 57 41 56 41 55 41 54
0x0000000101fd81dc:   53 50 49 89 d6 49 89 f7 49 89 fc 4c 8d af 58 fd
0x0000000101fd81ec:   ff ff b8 55 21 ff ff 03 87 b8 00 00 00 83 f8 02
0x0000000101fd81fc:   72 0b 4c 89 ef e8 4a 08 52 00 45 31 ed 41 c7 85
0x0000000101fd820c:   38 03 00 00 05 00 00 00 f0 83 04 24 00 49 8b 85
0x0000000101fd821c:   40 03 00 00 a8 01 74 0d be 01 00 00 00 4c 89 ef
0x0000000101fd822c:   e8 6f df 3b 00 41 83 bd 2c 03 00 00 00 75 0b 41
0x0000000101fd823c:   8b 85 28 03 00 00 a8 0c 74 0a 31 f6 4c 89 ef e8
0x0000000101fd824c:   40 22 52 00 41 c7 85 38 03 00 00 06 00 00 00 4c
0x0000000101fd825c:   89 e7 4c 89 fe 4c 89 f2 90 0f 1f 40 00 41 f6 c7
0x0000000101fd826c:   01 0f 85 cb 00 00 00 4c 89 ff ff 15 74 00 7a 00
0x0000000101fd827c:   48 8d 0d 3e 28 7e 00 80 39 00 0f 84 cc 00 00 00
0x0000000101fd828c:   8b 58 08 48 8d 15 ea f7 79 00 8a 4a 08 48 d3 e3
0x0000000101fd829c:   48 03 1a 48 8d 0d 6a 57 7e 00 80 39 00 74 17 45
0x0000000101fd82ac:   31 c9 4c 89 ef 4c 89 fe 48 89 c2 48 89 d9 4d 89
0x0000000101fd82bc:   f0 e8 2e b8 15 00 49 c1 ee 02 49 63 ce 8a 04 01
0x0000000101fd82cc:   44 0f be f0 44 89 f7 90 0f 1f 40 00 49 8b 9d e8
0x0000000101fd82dc:   00 00 00 48 8b 43 10 48 83 38 00 74 0c 48 89 df
0x0000000101fd82ec:   e8 ff 85 f3 ff 48 8b 43 10 48 8b 4b 08 48 89 41
0x0000000101fd82fc:   10 48 8b 43 08 48 8b 4b 18 48 89 48 18 48 8b 43
0x0000000101fd830c:   08 48 8b 4b 20 48 89 48 20 49 8d bd 88 02 00 00
0x0000000101fd831c:   e8 7f 63 e8 ff 41 c7 85 38 03 00 00 04 00 00 00
0x0000000101fd832c:   44 89 f0 48 83 c4 08 5b 41 5c 41 5d 41 5e 41 5f
0x0000000101fd833c:   5d c3 49 8d 7f ff ff 15 e8 fe 79 00 48 8d 0d 72
0x0000000101fd834c:   27 7e 00 80 39 00 0f 85 34 ff ff ff 48 8b 58 08
0x0000000101fd835c:   48 8d 0d ad 56 7e 00 80 39 00 0f 85 3f ff ff ff
0x0000000101fd836c:   e9 51 ff ff ff 66 2e 0f 1f 84 00 00 00 00 00 0f
0x0000000101fd837c:   1f 44 00 00 55 48 89 e5 41 57 41 56 41 55 41 54 


Stack slot to memory mapping:
stack at sp + 0 slots: 0x000000010277be78: jni_NativeInterface+0 in /Library/Java/JavaVirtualMachines/temurin-17.jdk/Contents/Home/lib/server/libjvm.dylib at 0x0000000101a55000
stack at sp + 1 slots: 0x0 is NULL
stack at sp + 2 slots: 0x00007ff40b0cf2a8 points into unknown readable memory: 0x000000010277be78 | 78 be 77 02 01 00 00 00
stack at sp + 3 slots: 0x0000000800694dc0 is pointing into metadata
stack at sp + 4 slots: 0x00007ff40b0cf2a8 points into unknown readable memory: 0x000000010277be78 | 78 be 77 02 01 00 00 00
stack at sp + 5 slots: 0x00007ff3f8f18890 points into unknown readable memory: 0x0000000000001040 | 40 10 00 00 00 00 00 00
stack at sp + 6 slots: 0x00007000108e2640 is pointing into the stack for thread: 0x00007ff40b0cf000
stack at sp + 7 slots: 0x000000010099fff3: JNU_GetStringPlatformChars+0x523 in /Library/Java/JavaVirtualMachines/temurin-17.jdk/Contents/Home/lib/libjava.dylib at 0x0000000100991000


---------------  P R O C E S S  ---------------

Threads class SMR info:
_java_thread_list=0x0000600003e98a40, length=29, elements={
0x00007ff40a00c000, 0x00007ff3d904ec00, 0x00007ff40a008c00, 0x00007ff40a012400,
0x00007ff40900f600, 0x00007ff40a012a00, 0x00007ff40a013000, 0x00007ff40a013600,
0x00007ff40b869000, 0x00007ff40906d000, 0x00007ff409101e00, 0x00007ff3aa979e00,
0x00007ff40b24dc00, 0x00007ff4092e1400, 0x00007ff40b0cf000, 0x00007ff40c010a00,
0x00007ff40b7cc000, 0x00007ff40a891000, 0x00007ff3aa07fc00, 0x00007ff40c221800,
0x00007ff40c058000, 0x00007ff40c22e200, 0x00007ff40c22e800, 0x00007ff40c22ee00,
0x00007ff40c22f400, 0x00007ff3aa072400, 0x00007ff40b8e8400, 0x00007ff3c9035a00,
0x00007ff40b7cc600
}

Java Threads: ( => current thread )
  0x00007ff40a00c000 JavaThread "Reference Handler" daemon [_thread_blocked, id=18691, stack(0x000070000ea89000,0x000070000eb89000)]
  0x00007ff3d904ec00 JavaThread "Finalizer" daemon [_thread_blocked, id=19203, stack(0x000070000eb8c000,0x000070000ec8c000)]
  0x00007ff40a008c00 JavaThread "Signal Dispatcher" daemon [_thread_blocked, id=31747, stack(0x000070000ed95000,0x000070000ee95000)]
  0x00007ff40a012400 JavaThread "Service Thread" daemon [_thread_blocked, id=31491, stack(0x000070000ee98000,0x000070000ef98000)]
  0x00007ff40900f600 JavaThread "Monitor Deflation Thread" daemon [_thread_blocked, id=23811, stack(0x000070000ef9b000,0x000070000f09b000)]
  0x00007ff40a012a00 JavaThread "C2 CompilerThread0" daemon [_thread_blocked, id=30979, stack(0x000070000f09e000,0x000070000f19e000)]
  0x00007ff40a013000 JavaThread "C1 CompilerThread0" daemon [_thread_blocked, id=30723, stack(0x000070000f1a1000,0x000070000f2a1000)]
  0x00007ff40a013600 JavaThread "Sweeper thread" daemon [_thread_blocked, id=30211, stack(0x000070000f2a4000,0x000070000f3a4000)]
  0x00007ff40b869000 JavaThread "Notification Thread" daemon [_thread_blocked, id=24835, stack(0x000070000f3a7000,0x000070000f4a7000)]
  0x00007ff40906d000 JavaThread "Common-Cleaner" daemon [_thread_blocked, id=29187, stack(0x000070000f5ad000,0x000070000f6ad000)]
  0x00007ff409101e00 JavaThread "Catalina-utility-1" [_thread_blocked, id=42243, stack(0x00007000102d4000,0x00007000103d4000)]
  0x00007ff3aa979e00 JavaThread "Catalina-utility-2" [_thread_blocked, id=34563, stack(0x00007000103d7000,0x00007000104d7000)]
  0x00007ff40b24dc00 JavaThread "container-0" [_thread_blocked, id=41731, stack(0x00007000104da000,0x00007000105da000)]
  0x00007ff4092e1400 JavaThread "HikariPool-1 housekeeper" daemon [_thread_blocked, id=41219, stack(0x00007000105dd000,0x00007000106dd000)]
=>0x00007ff40b0cf000 JavaThread "File Watcher" daemon [_thread_in_vm, id=22791, stack(0x00007000107e3000,0x00007000108e3000)]
  0x00007ff40c010a00 JavaThread "Live Reload Server" daemon [_thread_in_native, id=35591, stack(0x00007000108e6000,0x00007000109e6000)]
  0x00007ff40b7cc000 JavaThread "http-nio-8080-exec-1" daemon [_thread_blocked, id=36099, stack(0x00007000109e9000,0x0000700010ae9000)]
  0x00007ff40a891000 JavaThread "http-nio-8080-exec-2" daemon [_thread_blocked, id=36355, stack(0x0000700010aec000,0x0000700010bec000)]
  0x00007ff3aa07fc00 JavaThread "http-nio-8080-exec-3" daemon [_thread_blocked, id=40451, stack(0x0000700010bef000,0x0000700010cef000)]
  0x00007ff40c221800 JavaThread "http-nio-8080-exec-4" daemon [_thread_blocked, id=39939, stack(0x0000700010cf2000,0x0000700010df2000)]
  0x00007ff40c058000 JavaThread "http-nio-8080-exec-5" daemon [_thread_blocked, id=36867, stack(0x0000700010df5000,0x0000700010ef5000)]
  0x00007ff40c22e200 JavaThread "http-nio-8080-exec-6" daemon [_thread_blocked, id=39427, stack(0x0000700010ef8000,0x0000700010ff8000)]
  0x00007ff40c22e800 JavaThread "http-nio-8080-exec-7" daemon [_thread_blocked, id=37379, stack(0x0000700010ffb000,0x00007000110fb000)]
  0x00007ff40c22ee00 JavaThread "http-nio-8080-exec-8" daemon [_thread_blocked, id=38659, stack(0x00007000110fe000,0x00007000111fe000)]
  0x00007ff40c22f400 JavaThread "http-nio-8080-exec-9" daemon [_thread_blocked, id=37635, stack(0x0000700011201000,0x0000700011301000)]
  0x00007ff3aa072400 JavaThread "http-nio-8080-exec-10" daemon [_thread_blocked, id=37891, stack(0x0000700011304000,0x0000700011404000)]
  0x00007ff40b8e8400 JavaThread "http-nio-8080-Poller" daemon [_thread_in_native, id=65283, stack(0x0000700011407000,0x0000700011507000)]
  0x00007ff3c9035a00 JavaThread "http-nio-8080-Acceptor" daemon [_thread_in_native, id=64771, stack(0x000070001150a000,0x000070001160a000)]
  0x00007ff40b7cc600 JavaThread "DestroyJavaVM" [_thread_blocked, id=4867, stack(0x000070000e374000,0x000070000e474000)]

Other Threads:
  0x00007ff3f9206730 VMThread "VM Thread" [stack: 0x000070000e986000,0x000070000ea86000] [id=18179]
  0x00007ff3f9105000 WatcherThread [stack: 0x000070000f4aa000,0x000070000f5aa000] [id=29699]
  0x00007ff3f92062c0 GCTaskThread "GC Thread#0" [stack: 0x000070000e477000,0x000070000e577000] [id=13571]
  0x00007ff3f9211930 GCTaskThread "GC Thread#1" [stack: 0x000070000fabc000,0x000070000fbbc000] [id=26627]
  0x00007ff3f9211da0 GCTaskThread "GC Thread#2" [stack: 0x000070000fbbf000,0x000070000fcbf000] [id=27907]
  0x00007ff3f9212210 GCTaskThread "GC Thread#3" [stack: 0x000070000fcc2000,0x000070000fdc2000] [id=26883]
  0x00007ff3f9212680 GCTaskThread "GC Thread#4" [stack: 0x000070000fdc5000,0x000070000fec5000] [id=27395]
  0x00007ff3f91122a0 GCTaskThread "GC Thread#5" [stack: 0x000070000fec8000,0x000070000ffc8000] [id=43267]
  0x00007ff3f9112540 GCTaskThread "GC Thread#6" [stack: 0x000070000ffcb000,0x00007000100cb000] [id=33283]
  0x00007ff409810220 GCTaskThread "GC Thread#7" [stack: 0x00007000100ce000,0x00007000101ce000] [id=43011]
  0x00007ff3f93043c0 ConcurrentGCThread "G1 Main Marker" [stack: 0x000070000e57a000,0x000070000e67a000] [id=13059]
  0x00007ff3f9004c10 ConcurrentGCThread "G1 Conc#0" [stack: 0x000070000e67d000,0x000070000e77d000] [id=12291]
  0x00007ff3f9311db0 ConcurrentGCThread "G1 Conc#1" [stack: 0x00007000101d1000,0x00007000102d1000] [id=34059]
  0x00007ff3f9005470 ConcurrentGCThread "G1 Refine#0" [stack: 0x000070000e780000,0x000070000e880000] [id=21507]
  0x00007ff3f9320850 ConcurrentGCThread "G1 Refine#1" [stack: 0x000070000f8b6000,0x000070000f9b6000] [id=25863]
  0x00007ff3f9005d00 ConcurrentGCThread "G1 Service" [stack: 0x000070000e883000,0x000070000e983000] [id=16643]

Threads with active compile tasks:

VM state: not at safepoint (normal execution)

VM Mutex/Monitor currently owned by a thread: None

Heap address: 0x0000000600000000, size: 8192 MB, Compressed Oops mode: Zero based, Oop shift amount: 3

CDS archive(s) mapped at: [0x0000000800000000-0x0000000800bd4000-0x0000000800bd4000), size 12402688, SharedBaseAddress: 0x0000000800000000, ArchiveRelocationMode: 0.
Compressed class space mapped at: 0x0000000800c00000-0x0000000840c00000, reserved size: 1073741824
Narrow klass base: 0x0000000800000000, Narrow klass shift: 0, Narrow klass range: 0x100000000

GC Precious Log:
 CPUs: 8 total, 8 available
 Memory: 32768M
 Large Page Support: Disabled
 NUMA Support: Disabled
 Compressed Oops: Enabled (Zero based)
 Heap Region Size: 4M
 Heap Min Capacity: 8M
 Heap Initial Capacity: 512M
 Heap Max Capacity: 8G
 Pre-touch: Disabled
 Parallel Workers: 8
 Concurrent Workers: 2
 Concurrent Refinement Workers: 8
 Periodic GC: Disabled

Heap:
 garbage-first heap   total 98304K, used 35546K [0x0000000600000000, 0x0000000800000000)
  region size 4096K, 4 young (16384K), 2 survivors (8192K)
 Metaspace       used 60581K, committed 60928K, reserved 1105920K
  class space    used 8318K, committed 8512K, reserved 1048576K

Heap Regions: E=young(eden), S=young(survivor), O=old, HS=humongous(starts), HC=humongous(continues), CS=collection set, F=free, OA=open archive, CA=closed archive, TAMS=top-at-mark-start (previous, next)
|   0|0x0000000600000000, 0x0000000600400000, 0x0000000600400000|100%| O|  |TAMS 0x0000000600400000, 0x0000000600000000| Untracked 
|   1|0x0000000600400000, 0x0000000600800000, 0x0000000600800000|100%| O|  |TAMS 0x00000006005fc000, 0x0000000600400000| Untracked 
|   2|0x0000000600800000, 0x0000000600c00000, 0x0000000600c00000|100%| O|  |TAMS 0x0000000600c00000, 0x0000000600800000| Untracked 
|   3|0x0000000600c00000, 0x0000000601000000, 0x0000000601000000|100%| O|  |TAMS 0x0000000601000000, 0x0000000600c00000| Untracked 
|   4|0x0000000601000000, 0x0000000601400000, 0x0000000601400000|100%| O|  |TAMS 0x0000000601400000, 0x0000000601000000| Untracked 
|   5|0x0000000601400000, 0x0000000601487000, 0x0000000601800000| 13%| O|  |TAMS 0x0000000601400000, 0x0000000601400000| Untracked 
|   6|0x0000000601800000, 0x0000000601800000, 0x0000000601c00000|  0%| F|  |TAMS 0x0000000601800000, 0x0000000601800000| Untracked 
|   7|0x0000000601c00000, 0x0000000601c00000, 0x0000000602000000|  0%| F|  |TAMS 0x0000000601c00000, 0x0000000601c00000| Untracked 
|   8|0x0000000602000000, 0x0000000602000000, 0x0000000602400000|  0%| F|  |TAMS 0x0000000602000000, 0x0000000602000000| Untracked 
|   9|0x0000000602400000, 0x0000000602400000, 0x0000000602800000|  0%| F|  |TAMS 0x0000000602400000, 0x0000000602400000| Untracked 
|  10|0x0000000602800000, 0x0000000602800000, 0x0000000602c00000|  0%| F|  |TAMS 0x0000000602800000, 0x0000000602800000| Untracked 
|  11|0x0000000602c00000, 0x0000000602c00000, 0x0000000603000000|  0%| F|  |TAMS 0x0000000602c00000, 0x0000000602c00000| Untracked 
|  12|0x0000000603000000, 0x0000000603000000, 0x0000000603400000|  0%| F|  |TAMS 0x0000000603000000, 0x0000000603000000| Untracked 
|  13|0x0000000603400000, 0x0000000603400000, 0x0000000603800000|  0%| F|  |TAMS 0x0000000603400000, 0x0000000603400000| Untracked 
|  14|0x0000000603800000, 0x0000000603800000, 0x0000000603c00000|  0%| F|  |TAMS 0x0000000603800000, 0x0000000603800000| Untracked 
|  15|0x0000000603c00000, 0x0000000603e3a900, 0x0000000604000000| 55%| S|CS|TAMS 0x0000000603c00000, 0x0000000603c00000| Complete 
|  16|0x0000000604000000, 0x0000000604400000, 0x0000000604400000|100%| S|CS|TAMS 0x0000000604000000, 0x0000000604000000| Complete 
|  17|0x0000000604400000, 0x0000000604400000, 0x0000000604800000|  0%| F|  |TAMS 0x0000000604400000, 0x0000000604400000| Untracked 
|  18|0x0000000604800000, 0x0000000604800000, 0x0000000604c00000|  0%| F|  |TAMS 0x0000000604800000, 0x0000000604800000| Untracked 
| 117|0x000000061d400000, 0x000000061d400000, 0x000000061d800000|  0%| F|  |TAMS 0x000000061d400000, 0x000000061d400000| Untracked 
| 118|0x000000061d800000, 0x000000061dc00000, 0x000000061dc00000|100%| E|  |TAMS 0x000000061d800000, 0x000000061d800000| Complete 
| 127|0x000000061fc00000, 0x0000000620000000, 0x0000000620000000|100%| E|CS|TAMS 0x000000061fc00000, 0x000000061fc00000| Complete 
|2046|0x00000007ff800000, 0x00000007ffb76000, 0x00000007ffc00000| 86%|OA|  |TAMS 0x00000007ffb76000, 0x00000007ff800000| Untracked 
|2047|0x00000007ffc00000, 0x00000007ffc7f000, 0x0000000800000000| 12%|CA|  |TAMS 0x00000007ffc7f000, 0x00000007ffc00000| Untracked 

Card table byte_map: [0x000000011a5e3000,0x000000011b5e3000] _byte_map_base: 0x00000001175e3000

Marking Bits (Prev, Next): (CMBitMap*) 0x00007ff3d9008250, (CMBitMap*) 0x00007ff3d9008210
 Prev Bits: [0x00000001245e3000, 0x000000012c5e3000)
 Next Bits: [0x000000011c5e3000, 0x00000001245e3000)

Polling page: 0x00000001008a4000

Metaspace:

Usage:
  Non-class:     51.04 MB used.
      Class:      8.12 MB used.
       Both:     59.16 MB used.

Virtual space:
  Non-class space:       56.00 MB reserved,      51.19 MB ( 91%) committed,  7 nodes.
      Class space:        1.00 GB reserved,       8.31 MB ( <1%) committed,  1 nodes.
             Both:        1.05 GB reserved,      59.50 MB (  6%) committed. 

Chunk freelists:
   Non-Class:  448.00 KB
       Class:  3.62 MB
        Both:  4.06 MB

MaxMetaspaceSize: unlimited
CompressedClassSpaceSize: 1.00 GB
Initial GC threshold: 21.00 MB
Current GC threshold: 98.69 MB
CDS: on
MetaspaceReclaimPolicy: balanced
 - commit_granule_bytes: 65536.
 - commit_granule_words: 8192.
 - virtual_space_node_default_size: 1048576.
 - enlarge_chunks_in_place: 1.
 - new_chunks_are_fully_committed: 0.
 - uncommit_free_chunks: 1.
 - use_allocation_guard: 0.
 - handle_deallocations: 1.


Internal statistics:

num_allocs_failed_limit: 9.
num_arena_births: 396.
num_arena_deaths: 0.
num_vsnodes_births: 8.
num_vsnodes_deaths: 0.
num_space_committed: 952.
num_space_uncommitted: 0.
num_chunks_returned_to_freelist: 9.
num_chunks_taken_from_freelist: 2626.
num_chunk_merges: 9.
num_chunk_splits: 1897.
num_chunks_enlarged: 1536.
num_purges: 0.
num_inconsistent_stats: 0.

CodeHeap 'non-profiled nmethods': size=120028Kb used=3659Kb max_used=3659Kb free=116368Kb
 bounds [0x00000001120ac000, 0x000000011244c000, 0x00000001195e3000]
CodeHeap 'profiled nmethods': size=120028Kb used=9760Kb max_used=9760Kb free=110267Kb
 bounds [0x000000010ab75000, 0x000000010b505000, 0x00000001120ac000]
CodeHeap 'non-nmethods': size=5704Kb used=1294Kb max_used=1336Kb free=4409Kb
 bounds [0x000000010a5e3000, 0x000000010a853000, 0x000000010ab75000]
 total_blobs=5758 nmethods=5137 adapters=534
 compilation: enabled
              stopped_count=0, restarted_count=0
 full_count=0

Compilation events (20 events):
Event: 25.684 Thread 0x00007ff40a013000 5831       3       org.thymeleaf.engine.TemplateModelController::shouldProcessText (30 bytes)
Event: 25.684 Thread 0x00007ff40a013000 nmethod 5831 0x000000010b4f9d10 code [0x000000010b4f9f00, 0x000000010b4fa310]
Event: 25.684 Thread 0x00007ff40a013000 5828       3       org.springframework.expression.spel.support.ReflectivePropertyAccessor$PropertyCacheKey::hashCode (19 bytes)
Event: 25.684 Thread 0x00007ff40a013000 nmethod 5828 0x000000010b4fa490 code [0x000000010b4fa640, 0x000000010b4fa870]
Event: 25.684 Thread 0x00007ff40a013000 5833   !   3       org.apache.catalina.connector.Request::notifyAttributeAssigned (224 bytes)
Event: 25.684 Thread 0x00007ff40a012a00 5839       4       java.nio.CharBuffer::limit (6 bytes)
Event: 25.685 Thread 0x00007ff40a012a00 nmethod 5839 0x000000011243d990 code [0x000000011243db20, 0x000000011243dc18]
Event: 25.685 Thread 0x00007ff40a012a00 5840       4       java.nio.ByteBuffer::limit (8 bytes)
Event: 25.686 Thread 0x00007ff40a013000 nmethod 5833 0x000000010b4fa990 code [0x000000010b4fad20, 0x000000010b4fc9b0]
Event: 25.686 Thread 0x00007ff40a013000 5834       1       org.apache.tomcat.util.buf.AbstractChunk::getOffset (5 bytes)
Event: 25.686 Thread 0x00007ff40a013000 nmethod 5834 0x000000011243dd10 code [0x000000011243dea0, 0x000000011243df70]
Event: 25.686 Thread 0x00007ff40a013000 5835       1       org.apache.tomcat.util.buf.AbstractChunk::setLimit (6 bytes)
Event: 25.686 Thread 0x00007ff40a013000 nmethod 5835 0x000000011243e010 code [0x000000011243e1a0, 0x000000011243e270]
Event: 25.686 Thread 0x00007ff40a012a00 nmethod 5840 0x000000011243e310 code [0x000000011243e4a0, 0x000000011243e598]
Event: 25.686 Thread 0x00007ff40a013000 5836       1       org.apache.tomcat.util.buf.AbstractChunk::setEnd (6 bytes)
Event: 25.686 Thread 0x00007ff40a013000 nmethod 5836 0x000000011243e690 code [0x000000011243e820, 0x000000011243e8f0]
Event: 25.686 Thread 0x00007ff40a013000 5837       1       org.apache.tomcat.util.buf.MessageBytes::getType (5 bytes)
Event: 25.686 Thread 0x00007ff40a013000 nmethod 5837 0x000000011243e990 code [0x000000011243eb20, 0x000000011243ebf0]
Event: 25.686 Thread 0x00007ff40a013000 5838       1       java.nio.DirectByteBuffer::isReadOnly (2 bytes)
Event: 25.686 Thread 0x00007ff40a013000 nmethod 5838 0x000000011243ec90 code [0x000000011243ee20, 0x000000011243eef0]

GC Heap History (20 events):
Event: 0.917 GC heap before
{Heap before GC invocations=1 (full 0):
 garbage-first heap   total 532480K, used 26070K [0x0000000600000000, 0x0000000800000000)
  region size 4096K, 6 young (24576K), 1 survivors (4096K)
 Metaspace       used 10470K, committed 10688K, reserved 1064960K
  class space    used 1295K, committed 1408K, reserved 1048576K
}
Event: 0.920 GC heap after
{Heap after GC invocations=2 (full 0):
 garbage-first heap   total 532480K, used 11335K [0x0000000600000000, 0x0000000800000000)
  region size 4096K, 1 young (4096K), 1 survivors (4096K)
 Metaspace       used 10470K, committed 10688K, reserved 1064960K
  class space    used 1295K, committed 1408K, reserved 1048576K
}
Event: 1.608 GC heap before
{Heap before GC invocations=2 (full 0):
 garbage-first heap   total 532480K, used 52295K [0x0000000600000000, 0x0000000800000000)
  region size 4096K, 11 young (45056K), 1 survivors (4096K)
 Metaspace       used 16620K, committed 16896K, reserved 1064960K
  class space    used 2058K, committed 2176K, reserved 1048576K
}
Event: 1.611 GC heap after
{Heap after GC invocations=3 (full 0):
 garbage-first heap   total 532480K, used 13814K [0x0000000600000000, 0x0000000800000000)
  region size 4096K, 1 young (4096K), 1 survivors (4096K)
 Metaspace       used 16620K, committed 16896K, reserved 1064960K
  class space    used 2058K, committed 2176K, reserved 1048576K
}
Event: 2.336 GC heap before
{Heap before GC invocations=3 (full 0):
 garbage-first heap   total 532480K, used 46582K [0x0000000600000000, 0x0000000800000000)
  region size 4096K, 10 young (40960K), 1 survivors (4096K)
 Metaspace       used 21303K, committed 21504K, reserved 1073152K
  class space    used 2705K, committed 2816K, reserved 1048576K
}
Event: 2.340 GC heap after
{Heap after GC invocations=4 (full 0):
 garbage-first heap   total 532480K, used 15726K [0x0000000600000000, 0x0000000800000000)
  region size 4096K, 2 young (8192K), 2 survivors (8192K)
 Metaspace       used 21303K, committed 21504K, reserved 1073152K
  class space    used 2705K, committed 2816K, reserved 1048576K
}
Event: 3.291 GC heap before
{Heap before GC invocations=5 (full 0):
 garbage-first heap   total 98304K, used 64878K [0x0000000600000000, 0x0000000800000000)
  region size 4096K, 14 young (57344K), 2 survivors (8192K)
 Metaspace       used 30424K, committed 30720K, reserved 1081344K
  class space    used 3917K, committed 4032K, reserved 1048576K
}
Event: 3.300 GC heap after
{Heap after GC invocations=6 (full 0):
 garbage-first heap   total 98304K, used 19677K [0x0000000600000000, 0x0000000800000000)
  region size 4096K, 2 young (8192K), 2 survivors (8192K)
 Metaspace       used 30424K, committed 30720K, reserved 1081344K
  class space    used 3917K, committed 4032K, reserved 1048576K
}
Event: 3.381 GC heap before
{Heap before GC invocations=6 (full 0):
 garbage-first heap   total 98304K, used 23773K [0x0000000600000000, 0x0000000800000000)
  region size 4096K, 3 young (12288K), 2 survivors (8192K)
 Metaspace       used 31224K, committed 31552K, reserved 1081344K
  class space    used 4065K, committed 4224K, reserved 1048576K
}
Event: 3.389 GC heap after
{Heap after GC invocations=7 (full 0):
 garbage-first heap   total 98304K, used 20507K [0x0000000600000000, 0x0000000800000000)
  region size 4096K, 1 young (4096K), 1 survivors (4096K)
 Metaspace       used 31224K, committed 31552K, reserved 1081344K
  class space    used 4065K, committed 4224K, reserved 1048576K
}
Event: 3.707 GC heap before
{Heap before GC invocations=7 (full 0):
 garbage-first heap   total 98304K, used 32795K [0x0000000600000000, 0x0000000800000000)
  region size 4096K, 5 young (20480K), 1 survivors (4096K)
 Metaspace       used 35699K, committed 35968K, reserved 1081344K
  class space    used 4781K, committed 4928K, reserved 1048576K
}
Event: 3.709 GC heap after
{Heap after GC invocations=8 (full 0):
 garbage-first heap   total 98304K, used 20520K [0x0000000600000000, 0x0000000800000000)
  region size 4096K, 1 young (4096K), 1 survivors (4096K)
 Metaspace       used 35699K, committed 35968K, reserved 1081344K
  class space    used 4781K, committed 4928K, reserved 1048576K
}
Event: 4.455 GC heap before
{Heap before GC invocations=9 (full 0):
 garbage-first heap   total 98304K, used 57384K [0x0000000600000000, 0x0000000800000000)
  region size 4096K, 11 young (45056K), 1 survivors (4096K)
 Metaspace       used 44812K, committed 45120K, reserved 1089536K
  class space    used 6188K, committed 6336K, reserved 1048576K
}
Event: 4.458 GC heap after
{Heap after GC invocations=10 (full 0):
 garbage-first heap   total 98304K, used 22615K [0x0000000600000000, 0x0000000800000000)
  region size 4096K, 1 young (4096K), 1 survivors (4096K)
 Metaspace       used 44812K, committed 45120K, reserved 1089536K
  class space    used 6188K, committed 6336K, reserved 1048576K
}
Event: 5.173 GC heap before
{Heap before GC invocations=10 (full 0):
 garbage-first heap   total 98304K, used 67671K [0x0000000600000000, 0x0000000800000000)
  region size 4096K, 12 young (49152K), 1 survivors (4096K)
 Metaspace       used 49853K, committed 50240K, reserved 1097728K
  class space    used 6885K, committed 7104K, reserved 1048576K
}
Event: 5.177 GC heap after
{Heap after GC invocations=11 (full 0):
 garbage-first heap   total 98304K, used 25338K [0x0000000600000000, 0x0000000800000000)
  region size 4096K, 2 young (8192K), 2 survivors (8192K)
 Metaspace       used 49853K, committed 50240K, reserved 1097728K
  class space    used 6885K, committed 7104K, reserved 1048576K
}
Event: 12.055 GC heap before
{Heap before GC invocations=11 (full 0):
 garbage-first heap   total 98304K, used 66298K [0x0000000600000000, 0x0000000800000000)
  region size 4096K, 12 young (49152K), 2 survivors (8192K)
 Metaspace       used 55761K, committed 56128K, reserved 1097728K
  class space    used 7694K, committed 7872K, reserved 1048576K
}
Event: 12.064 GC heap after
{Heap after GC invocations=12 (full 0):
 garbage-first heap   total 98304K, used 28544K [0x0000000600000000, 0x0000000800000000)
  region size 4096K, 2 young (8192K), 2 survivors (8192K)
 Metaspace       used 55761K, committed 56128K, reserved 1097728K
  class space    used 7694K, committed 7872K, reserved 1048576K
}
Event: 12.509 GC heap before
{Heap before GC invocations=12 (full 0):
 garbage-first heap   total 98304K, used 44928K [0x0000000600000000, 0x0000000800000000)
  region size 4096K, 7 young (28672K), 2 survivors (8192K)
 Metaspace       used 60114K, committed 60416K, reserved 1105920K
  class space    used 8239K, committed 8384K, reserved 1048576K
}
Event: 12.514 GC heap after
{Heap after GC invocations=13 (full 0):
 garbage-first heap   total 98304K, used 31450K [0x0000000600000000, 0x0000000800000000)
  region size 4096K, 2 young (8192K), 2 survivors (8192K)
 Metaspace       used 60114K, committed 60416K, reserved 1105920K
  class space    used 8239K, committed 8384K, reserved 1048576K
}

Dll operation events (20 events):
Event: 2.471 Loading shared library /System/Library/Java/Extensions/libtcnative-1.jnilib failed, dlopen(/System/Library/Java/Extensions/libtcnative-1.jnilib, 0x0001): tried: '/System/Library/Java/Extensions/libtcnative-1.jnilib' (no such file), '/System/Volumes/Preboo
Event: 2.471 Loading shared library /usr/lib/java/libtcnative-1.dylib failed, dlopen(/usr/lib/java/libtcnative-1.dylib, 0x0001): tried: '/usr/lib/java/libtcnative-1.dylib' (no such file), '/System/Volumes/Preboot/Cryptexes/OS/usr/lib/java/libtcnative-1.dylib' (no such
Event: 2.471 Loading shared library /usr/lib/java/libtcnative-1.jnilib failed, dlopen(/usr/lib/java/libtcnative-1.jnilib, 0x0001): tried: '/usr/lib/java/libtcnative-1.jnilib' (no such file), '/System/Volumes/Preboot/Cryptexes/OS/usr/lib/java/libtcnative-1.jnilib' (no 
Event: 2.471 Loading shared library /Users/adrianhernandez/projects/courses/code-401/GIT-Date/libtcnative-1.dylib failed, dlopen(/Users/adrianhernandez/projects/courses/code-401/GIT-Date/libtcnative-1.dylib, 0x0001): tried: '/Users/adrianhernandez/projects/courses/cod
Event: 2.471 Loading shared library /Users/adrianhernandez/projects/courses/code-401/GIT-Date/libtcnative-1.jnilib failed, dlopen(/Users/adrianhernandez/projects/courses/code-401/GIT-Date/libtcnative-1.jnilib, 0x0001): tried: '/Users/adrianhernandez/projects/courses/c
Event: 2.472 Loading shared library /Library/Java/JavaVirtualMachines/temurin-17.jdk/Contents/Home/lib/liblibtcnative-1.dylib failed, dlopen(/Library/Java/JavaVirtualMachines/temurin-17.jdk/Contents/Home/lib/liblibtcnative-1.dylib, 0x0001): tried: '/Library/Java/JavaV
Event: 2.472 Loading shared library /Library/Java/JavaVirtualMachines/temurin-17.jdk/Contents/Home/lib/liblibtcnative-1.jnilib failed, dlopen(/Library/Java/JavaVirtualMachines/temurin-17.jdk/Contents/Home/lib/liblibtcnative-1.jnilib, 0x0001): tried: '/Library/Java/Jav
Event: 2.472 Loading shared library /Users/adrianhernandez/Library/Java/Extensions/liblibtcnative-1.dylib failed, dlopen(/Users/adrianhernandez/Library/Java/Extensions/liblibtcnative-1.dylib, 0x0001): tried: '/Users/adrianhernandez/Library/Java/Extensions/liblibtcnati
Event: 2.472 Loading shared library /Users/adrianhernandez/Library/Java/Extensions/liblibtcnative-1.jnilib failed, dlopen(/Users/adrianhernandez/Library/Java/Extensions/liblibtcnative-1.jnilib, 0x0001): tried: '/Users/adrianhernandez/Library/Java/Extensions/liblibtcna
Event: 2.472 Loading shared library /Library/Java/Extensions/liblibtcnative-1.dylib failed, dlopen(/Library/Java/Extensions/liblibtcnative-1.dylib, 0x0001): tried: '/Library/Java/Extensions/liblibtcnative-1.dylib' (no such file), '/System/Volumes/Preboot/Cryptexes/OS/
Event: 2.472 Loading shared library /Library/Java/Extensions/liblibtcnative-1.jnilib failed, dlopen(/Library/Java/Extensions/liblibtcnative-1.jnilib, 0x0001): tried: '/Library/Java/Extensions/liblibtcnative-1.jnilib' (no such file), '/System/Volumes/Preboot/Cryptexes/
Event: 2.472 Loading shared library /Network/Library/Java/Extensions/liblibtcnative-1.dylib failed, dlopen(/Network/Library/Java/Extensions/liblibtcnative-1.dylib, 0x0001): tried: '/Network/Library/Java/Extensions/liblibtcnative-1.dylib' (no such file), '/System/Volum
Event: 2.472 Loading shared library /Network/Library/Java/Extensions/liblibtcnative-1.jnilib failed, dlopen(/Network/Library/Java/Extensions/liblibtcnative-1.jnilib, 0x0001): tried: '/Network/Library/Java/Extensions/liblibtcnative-1.jnilib' (no such file), '/System/Vo
Event: 2.473 Loading shared library /System/Library/Java/Extensions/liblibtcnative-1.dylib failed, dlopen(/System/Library/Java/Extensions/liblibtcnative-1.dylib, 0x0001): tried: '/System/Library/Java/Extensions/liblibtcnative-1.dylib' (no such file), '/System/Volumes/
Event: 2.473 Loading shared library /System/Library/Java/Extensions/liblibtcnative-1.jnilib failed, dlopen(/System/Library/Java/Extensions/liblibtcnative-1.jnilib, 0x0001): tried: '/System/Library/Java/Extensions/liblibtcnative-1.jnilib' (no such file), '/System/Volum
Event: 2.473 Loading shared library /usr/lib/java/liblibtcnative-1.dylib failed, dlopen(/usr/lib/java/liblibtcnative-1.dylib, 0x0001): tried: '/usr/lib/java/liblibtcnative-1.dylib' (no such file), '/System/Volumes/Preboot/Cryptexes/OS/usr/lib/java/liblibtcnative-1.dyl
Event: 2.473 Loading shared library /usr/lib/java/liblibtcnative-1.jnilib failed, dlopen(/usr/lib/java/liblibtcnative-1.jnilib, 0x0001): tried: '/usr/lib/java/liblibtcnative-1.jnilib' (no such file), '/System/Volumes/Preboot/Cryptexes/OS/usr/lib/java/liblibtcnative-1.
Event: 2.473 Loading shared library /Users/adrianhernandez/projects/courses/code-401/GIT-Date/liblibtcnative-1.dylib failed, dlopen(/Users/adrianhernandez/projects/courses/code-401/GIT-Date/liblibtcnative-1.dylib, 0x0001): tried: '/Users/adrianhernandez/projects/cours
Event: 2.473 Loading shared library /Users/adrianhernandez/projects/courses/code-401/GIT-Date/liblibtcnative-1.jnilib failed, dlopen(/Users/adrianhernandez/projects/courses/code-401/GIT-Date/liblibtcnative-1.jnilib, 0x0001): tried: '/Users/adrianhernandez/projects/cou
Event: 3.590 Loaded shared library /Library/Java/JavaVirtualMachines/temurin-17.jdk/Contents/Home/lib/libextnet.dylib

Deoptimization events (20 events):
Event: 14.287 Thread 0x00007ff40a891000 Uncommon trap: trap_request=0xffffffdc fr.pc=0x0000000112425564 relative=0x0000000000000244
Event: 14.287 Thread 0x00007ff40a891000 Uncommon trap: reason=class_check action=make_not_entrant pc=0x0000000112425564 method=java.util.ArrayList.toArray([Ljava/lang/Object;)[Ljava/lang/Object; @ 21 c2
Event: 14.287 Thread 0x00007ff40a891000 DEOPT PACKING pc=0x0000000112425564 sp=0x0000700010be6e10
Event: 14.287 Thread 0x00007ff40a891000 DEOPT UNPACKING pc=0x000000010a635099 sp=0x0000700010be6dd0 mode 2
Event: 14.291 Thread 0x00007ff40a891000 Uncommon trap: trap_request=0xffffffc6 fr.pc=0x00000001121c7a9c relative=0x00000000000002dc
Event: 14.291 Thread 0x00007ff40a891000 Uncommon trap: reason=bimorphic_or_optimized_type_check action=maybe_recompile pc=0x00000001121c7a9c method=java.util.Collections$SetFromMap.contains(Ljava/lang/Object;)Z @ 5 c2
Event: 14.291 Thread 0x00007ff40a891000 DEOPT PACKING pc=0x00000001121c7a9c sp=0x0000700010be8490
Event: 14.291 Thread 0x00007ff40a891000 DEOPT UNPACKING pc=0x000000010a635099 sp=0x0000700010be8458 mode 2
Event: 14.291 Thread 0x00007ff40a891000 Uncommon trap: trap_request=0xffffffc6 fr.pc=0x00000001121c7a9c relative=0x00000000000002dc
Event: 14.291 Thread 0x00007ff40a891000 Uncommon trap: reason=bimorphic_or_optimized_type_check action=maybe_recompile pc=0x00000001121c7a9c method=java.util.Collections$SetFromMap.contains(Ljava/lang/Object;)Z @ 5 c2
Event: 14.291 Thread 0x00007ff40a891000 DEOPT PACKING pc=0x00000001121c7a9c sp=0x0000700010be83d0
Event: 14.291 Thread 0x00007ff40a891000 DEOPT UNPACKING pc=0x000000010a635099 sp=0x0000700010be8398 mode 2
Event: 14.306 Thread 0x00007ff40a891000 Uncommon trap: trap_request=0xffffff45 fr.pc=0x000000011213f5fc relative=0x000000000000005c
Event: 14.306 Thread 0x00007ff40a891000 Uncommon trap: reason=unstable_if action=reinterpret pc=0x000000011213f5fc method=java.util.Objects.equals(Ljava/lang/Object;Ljava/lang/Object;)Z @ 6 c2
Event: 14.306 Thread 0x00007ff40a891000 DEOPT PACKING pc=0x000000011213f5fc sp=0x0000700010be8af0
Event: 14.306 Thread 0x00007ff40a891000 DEOPT UNPACKING pc=0x000000010a635099 sp=0x0000700010be8ab0 mode 2
Event: 24.325 Thread 0x00007ff40c221800 Uncommon trap: trap_request=0xffffffcc fr.pc=0x0000000112435078 relative=0x0000000000000358
Event: 24.325 Thread 0x00007ff40c221800 Uncommon trap: reason=intrinsic_or_type_checked_inlining action=make_not_entrant pc=0x0000000112435078 method=java.util.ArrayList.toArray([Ljava/lang/Object;)[Ljava/lang/Object; @ 36 c2
Event: 24.325 Thread 0x00007ff40c221800 DEOPT PACKING pc=0x0000000112435078 sp=0x0000700010dedf80
Event: 24.325 Thread 0x00007ff40c221800 DEOPT UNPACKING pc=0x000000010a635099 sp=0x0000700010dedf50 mode 2

Classes unloaded (0 events):
No events

Classes redefined (0 events):
No events

Internal exceptions (20 events):
Event: 5.180 Thread 0x00007ff40b107200 Exception <a 'java/lang/ClassNotFoundException'{0x000000061fc31d58}: org/springframework/security/config/annotation/web/configuration/WebSecurityConfigurationCustomizer> (0x000000061fc31d58) 
thrown [src/hotspot/share/classfile/systemDictionary.cpp, line 256]
Event: 5.181 Thread 0x00007ff40b107200 Exception <a 'java/lang/ClassNotFoundException'{0x000000061fc3fe00}: org/springframework/context/annotation/ImportAwareCustomizer> (0x000000061fc3fe00) 
thrown [src/hotspot/share/classfile/systemDictionary.cpp, line 256]
Event: 5.181 Thread 0x00007ff40b107200 Exception <a 'java/lang/ClassNotFoundException'{0x000000061fc45df0}: org/springframework/beans/factory/AwareCustomizer> (0x000000061fc45df0) 
thrown [src/hotspot/share/classfile/systemDictionary.cpp, line 256]
Event: 5.182 Thread 0x00007ff40b107200 Exception <a 'java/lang/ClassNotFoundException'{0x000000061fc4b1d8}: org/springframework/beans/factory/BeanClassLoaderAwareCustomizer> (0x000000061fc4b1d8) 
thrown [src/hotspot/share/classfile/systemDictionary.cpp, line 256]
Event: 5.182 Thread 0x00007ff40b107200 Exception <a 'java/lang/ClassNotFoundException'{0x000000061fc511a8}: org/springframework/beans/factory/AwareCustomizer> (0x000000061fc511a8) 
thrown [src/hotspot/share/classfile/systemDictionary.cpp, line 256]
Event: 5.213 Thread 0x00007ff40b107200 Implicit null exception at 0x000000011219a3bd to 0x000000011219a476
Event: 5.315 Thread 0x00007ff40b107200 Exception <a 'java/lang/ClassNotFoundException'{0x000000061d41d310}: java/lang/ObjectCustomizer> (0x000000061d41d310) 
thrown [src/hotspot/share/classfile/systemDictionary.cpp, line 256]
Event: 5.316 Thread 0x00007ff40b107200 Exception <a 'java/lang/ClassNotFoundException'{0x000000061d4263c0}: org/springframework/security/config/annotation/web/configuration/HttpSecurityConfigurationCustomizer> (0x000000061d4263c0) 
thrown [src/hotspot/share/classfile/systemDictionary.cpp, line 256]
Event: 5.459 Thread 0x00007ff40b107200 Exception <a 'java/lang/NoSuchMethodError'{0x0000000604b51fb8}: 'void java.lang.invoke.DirectMethodHandle$Holder.invokeVirtual(java.lang.Object, java.lang.Object, int)'> (0x0000000604b51fb8) 
thrown [src/hotspot/share/interpreter/linkResolver.cpp, line 759]
Event: 5.461 Thread 0x00007ff40b107200 Exception <a 'java/lang/NoSuchMethodError'{0x0000000604b6c968}: 'void java.lang.invoke.DirectMethodHandle$Holder.invokeVirtual(java.lang.Object, java.lang.Object, long)'> (0x0000000604b6c968) 
thrown [src/hotspot/share/interpreter/linkResolver.cpp, line 759]
Event: 5.567 Thread 0x00007ff40b107200 Exception <a 'java/lang/IncompatibleClassChangeError'{0x00000006040bf230}: Found class java.lang.Object, but interface was expected> (0x00000006040bf230) 
thrown [src/hotspot/share/interpreter/linkResolver.cpp, line 826]
Event: 5.598 Thread 0x00007ff40b107200 Exception <a 'java/lang/NoSuchMethodError'{0x0000000604222498}: 'int java.lang.invoke.DirectMethodHandle$Holder.invokeStaticInit(java.lang.Object, java.lang.Object, java.lang.Object, java.lang.Object)'> (0x0000000604222498) 
thrown [src/hotspot/share/interpreter/linkResolver.cpp, line 759]
Event: 5.662 Thread 0x00007ff40b107200 Implicit null exception at 0x00000001121c9f5a to 0x00000001121ca148
Event: 5.739 Thread 0x00007ff40b107200 Exception <a 'java/lang/NoSuchMethodError'{0x0000000603954620}: 'java.lang.Object java.lang.invoke.DirectMethodHandle$Holder.invokeSpecial(java.lang.Object, java.lang.Object, int, java.lang.Object, int, java.lang.Object)'> (0x0000000603954620) 
thrown [src/hotspot/share/interpreter/linkResolver.cpp, line 759]
Event: 5.739 Thread 0x00007ff40b107200 Exception <a 'java/lang/NoSuchMethodError'{0x000000060395c6c8}: 'java.lang.Object java.lang.invoke.DirectMethodHandle$Holder.newInvokeSpecial(java.lang.Object, java.lang.Object, int, java.lang.Object, int)'> (0x000000060395c6c8) 
thrown [src/hotspot/share/interpreter/linkResolver.cpp, line 759]
Event: 5.740 Thread 0x00007ff40b107200 Exception <a 'java/lang/NoSuchMethodError'{0x00000006039607c8}: 'java.lang.Object java.lang.invoke.DirectMethodHandle$Holder.invokeSpecial(java.lang.Object, java.lang.Object, java.lang.Object, int, java.lang.Object, int)'> (0x00000006039607c8) 
thrown [src/hotspot/share/interpreter/linkResolver.cpp, line 759]
Event: 5.741 Thread 0x00007ff40b107200 Exception <a 'java/lang/NoSuchMethodError'{0x000000060396a988}: 'void java.lang.invoke.DirectMethodHandle$Holder.invokeVirtual(java.lang.Object, java.lang.Object)'> (0x000000060396a988) 
thrown [src/hotspot/share/interpreter/linkResolver.cpp, line 759]
Event: 12.178 Thread 0x00007ff40b7cc000 Exception <a 'java/lang/NoSuchMethodError'{0x000000061d9869b0}: 'java.lang.Object java.lang.invoke.DirectMethodHandle$Holder.invokeStaticInit(java.lang.Object, java.lang.Object, java.lang.Object, java.lang.Object, java.lang.Object, java.lang.Object)'> (0x000000061d9869b0) 
thrown [src/hotspot/share/interpreter/linkResolver.cpp, line 759]
Event: 14.264 Thread 0x00007ff40a891000 Exception <a 'java/lang/NoSuchMethodError'{0x000000061fd7aed8}: 'java.lang.Object java.lang.invoke.DirectMethodHandle$Holder.invokeInterface(java.lang.Object, java.lang.Object, java.lang.Object, java.lang.Object)'> (0x000000061fd7aed8) 
thrown [src/hotspot/share/interpreter/linkResolver.cpp, line 759]
Event: 14.292 Thread 0x00007ff40a891000 Exception <a 'java/lang/NoClassDefFoundError'{0x000000061fe84fe0}: sun/reflect/Reflection> (0x000000061fe84fe0) 
thrown [src/hotspot/share/classfile/systemDictionary.cpp, line 245]

VM Operations (20 events):
Event: 12.199 Executing VM operation: HandshakeAllThreads
Event: 12.199 Executing VM operation: HandshakeAllThreads done
Event: 12.509 Executing VM operation: CollectForMetadataAllocation
Event: 12.514 Executing VM operation: CollectForMetadataAllocation done
Event: 12.536 Executing VM operation: G1Concurrent
Event: 12.540 Executing VM operation: G1Concurrent done
Event: 12.549 Executing VM operation: G1Concurrent
Event: 12.549 Executing VM operation: G1Concurrent done
Event: 13.551 Executing VM operation: Cleanup
Event: 13.551 Executing VM operation: Cleanup done
Event: 14.555 Executing VM operation: Cleanup
Event: 14.556 Executing VM operation: Cleanup done
Event: 16.564 Executing VM operation: Cleanup
Event: 16.564 Executing VM operation: Cleanup done
Event: 19.574 Executing VM operation: Cleanup
Event: 19.574 Executing VM operation: Cleanup done
Event: 24.592 Executing VM operation: Cleanup
Event: 24.593 Executing VM operation: Cleanup done
Event: 26.602 Executing VM operation: Cleanup
Event: 26.602 Executing VM operation: Cleanup done

Events (20 events):
Event: 12.278 loading class java/util/EnumMap$EntryIterator$Entry
Event: 12.278 loading class java/util/EnumMap$EntryIterator$Entry done
Event: 14.249 Protecting memory [0x000070000f7b3000,0x000070000f7b7000] with protection modes 3
Event: 14.249 Protecting memory [0x000070000f6b0000,0x000070000f6b4000] with protection modes 3
Event: 14.249 Thread 0x00007ff3aaa29400 Thread exited: 0x00007ff3aaa29400
Event: 14.249 Thread 0x00007ff3ab06cc00 Thread exited: 0x00007ff3ab06cc00
Event: 14.289 loading class java/text/MessageFormat$Field
Event: 14.289 loading class java/text/MessageFormat$Field done
Event: 14.292 loading class sun/reflect/Reflection
Event: 14.292 loading class sun/reflect/Reflection done
Event: 14.294 loading class jdk/internal/loader/BootLoader$PackageHelper
Event: 14.294 loading class jdk/internal/loader/BootLoader$PackageHelper done
Event: 14.306 loading class java/time/format/DateTimeFormatterBuilder$ZoneTextPrinterParser
Event: 14.306 loading class java/time/format/DateTimeFormatterBuilder$ZoneTextPrinterParser done
Event: 14.306 loading class java/time/format/DateTimeFormatterBuilder$ReducedPrinterParser
Event: 14.306 loading class java/time/format/DateTimeFormatterBuilder$ReducedPrinterParser done
Event: 14.310 loading class java/lang/Throwable$WrappedPrintWriter
Event: 14.310 loading class java/lang/Throwable$PrintStreamOrWriter
Event: 14.310 loading class java/lang/Throwable$PrintStreamOrWriter done
Event: 14.310 loading class java/lang/Throwable$WrappedPrintWriter done


Dynamic libraries:
0x00000001008f9000 	/Library/Java/JavaVirtualMachines/temurin-17.jdk/Contents/Home/lib/libjli.dylib
0x00007ff813bbf000 	/usr/lib/libz.1.dylib
0x00007ff813ca3000 	/usr/lib/libSystem.B.dylib
0x00007ff813c9e000 	/usr/lib/system/libcache.dylib
0x00007ff813c59000 	/usr/lib/system/libcommonCrypto.dylib
0x00007ff813c82000 	/usr/lib/system/libcompiler_rt.dylib
0x00007ff813c78000 	/usr/lib/system/libcopyfile.dylib
0x00007ff807da1000 	/usr/lib/system/libcorecrypto.dylib
0x00007ff807e65000 	/usr/lib/system/libdispatch.dylib
0x00007ff807fed000 	/usr/lib/system/libdyld.dylib
0x00007ff813c94000 	/usr/lib/system/libkeymgr.dylib
0x00007ff813c38000 	/usr/lib/system/libmacho.dylib
0x00007ff81320c000 	/usr/lib/system/libquarantine.dylib
0x00007ff813c92000 	/usr/lib/system/libremovefile.dylib
0x00007ff80ccb2000 	/usr/lib/system/libsystem_asl.dylib
0x00007ff807d43000 	/usr/lib/system/libsystem_blocks.dylib
0x00007ff807eaf000 	/usr/lib/system/libsystem_c.dylib
0x00007ff813c8a000 	/usr/lib/system/libsystem_collections.dylib
0x00007ff81249b000 	/usr/lib/system/libsystem_configuration.dylib
0x00007ff811513000 	/usr/lib/system/libsystem_containermanager.dylib
0x00007ff8138f7000 	/usr/lib/system/libsystem_coreservices.dylib
0x00007ff80ad2f000 	/usr/lib/system/libsystem_darwin.dylib
0x00007ff813c95000 	/usr/lib/system/libsystem_dnssd.dylib
0x00007ff807eac000 	/usr/lib/system/libsystem_featureflags.dylib
0x00007ff808018000 	/usr/lib/system/libsystem_info.dylib
0x00007ff813bd2000 	/usr/lib/system/libsystem_m.dylib
0x00007ff807e38000 	/usr/lib/system/libsystem_malloc.dylib
0x00007ff80cc41000 	/usr/lib/system/libsystem_networkextension.dylib
0x00007ff80b174000 	/usr/lib/system/libsystem_notify.dylib
0x00007ff81249f000 	/usr/lib/system/libsystem_sandbox.dylib
0x00007ff813c8f000 	/usr/lib/system/libsystem_secinit.dylib
0x00007ff807fa7000 	/usr/lib/system/libsystem_kernel.dylib
0x00007ff80800e000 	/usr/lib/system/libsystem_platform.dylib
0x00007ff807fe1000 	/usr/lib/system/libsystem_pthread.dylib
0x00007ff80e60a000 	/usr/lib/system/libsystem_symptoms.dylib
0x00007ff807d87000 	/usr/lib/system/libsystem_trace.dylib
0x00007ff813c65000 	/usr/lib/system/libunwind.dylib
0x00007ff807d47000 	/usr/lib/system/libxpc.dylib
0x00007ff807f91000 	/usr/lib/libc++abi.dylib
0x00007ff807c72000 	/usr/lib/libobjc.A.dylib
0x00007ff813c70000 	/usr/lib/liboah.dylib
0x00007ff807f38000 	/usr/lib/libc++.1.dylib
0x00007ff820073000 	/System/Library/Frameworks/Cocoa.framework/Versions/A/Cocoa
0x00007ff80b1d3000 	/System/Library/Frameworks/AppKit.framework/Versions/C/AppKit
0x00007ff80dd90000 	/System/Library/Frameworks/CoreData.framework/Versions/A/CoreData
0x00007ff808ebe000 	/System/Library/Frameworks/Foundation.framework/Versions/C/Foundation
0x00007ff80c1dc000 	/System/Library/PrivateFrameworks/UIFoundation.framework/Versions/A/UIFoundation
0x00007ffb0a1b6000 	/System/Library/PrivateFrameworks/CollectionViewCore.framework/Versions/A/CollectionViewCore
0x00007ff81a031000 	/System/Library/PrivateFrameworks/RemoteViewServices.framework/Versions/A/RemoteViewServices
0x00007ff811ceb000 	/System/Library/PrivateFrameworks/XCTTargetBootstrap.framework/Versions/A/XCTTargetBootstrap
0x00007ff815b14000 	/System/Library/PrivateFrameworks/InternationalSupport.framework/Versions/A/InternationalSupport
0x00007ff815b9d000 	/System/Library/PrivateFrameworks/UserActivity.framework/Versions/A/UserActivity
0x00007ffb20488000 	/System/Library/PrivateFrameworks/WindowManagement.framework/Versions/A/WindowManagement
0x00007ff808ba8000 	/System/Library/Frameworks/SystemConfiguration.framework/Versions/A/SystemConfiguration
0x00007ff814f0c000 	/usr/lib/libspindump.dylib
0x00007ff80c3aa000 	/System/Library/Frameworks/UniformTypeIdentifiers.framework/Versions/A/UniformTypeIdentifiers
0x00007ff8101cb000 	/usr/lib/libapp_launch_measurement.dylib
0x00007ff80f351000 	/System/Library/PrivateFrameworks/CoreAnalytics.framework/Versions/A/CoreAnalytics
0x00007ff8101ce000 	/System/Library/PrivateFrameworks/CoreAutoLayout.framework/Versions/A/CoreAutoLayout
0x00007ff81155f000 	/System/Library/Frameworks/Metal.framework/Versions/A/Metal
0x00007ff8124aa000 	/usr/lib/liblangid.dylib
0x00007ff811cf0000 	/System/Library/PrivateFrameworks/CoreSVG.framework/Versions/A/CoreSVG
0x00007ff80cce4000 	/System/Library/PrivateFrameworks/SkyLight.framework/Versions/A/SkyLight
0x00007ff80d0ce000 	/System/Library/Frameworks/CoreGraphics.framework/Versions/A/CoreGraphics
0x00007ff81a703000 	/System/Library/Frameworks/Accelerate.framework/Versions/A/Accelerate
0x00007ff814981000 	/System/Library/PrivateFrameworks/IconServices.framework/Versions/A/IconServices
0x00007ff811542000 	/System/Library/Frameworks/IOSurface.framework/Versions/A/IOSurface
0x00007ff80f37b000 	/usr/lib/libDiagnosticMessagesClient.dylib
0x00007ff81dc85000 	/System/Library/Frameworks/ApplicationServices.framework/Versions/A/ApplicationServices
0x00007ff811cd7000 	/System/Library/PrivateFrameworks/DFRFoundation.framework/Versions/A/DFRFoundation
0x00007ff80aa9b000 	/usr/lib/libicucore.A.dylib
0x00007ff8169b7000 	/System/Library/Frameworks/AudioToolbox.framework/Versions/A/AudioToolbox
0x00007ff815b1f000 	/System/Library/PrivateFrameworks/DataDetectorsCore.framework/Versions/A/DataDetectorsCore
0x00007ff90d18d000 	/System/Library/PrivateFrameworks/TextInput.framework/Versions/A/TextInput
0x00007ff80cc59000 	/usr/lib/libMobileGestalt.dylib
0x00007ff8119df000 	/System/Library/Frameworks/Carbon.framework/Versions/A/Frameworks/HIToolbox.framework/Versions/A/HIToolbox
0x00007ff80fb6c000 	/System/Library/Frameworks/QuartzCore.framework/Versions/A/QuartzCore
0x00007ff80a719000 	/System/Library/Frameworks/Security.framework/Versions/A/Security
0x00007ff81a069000 	/System/Library/Frameworks/Carbon.framework/Versions/A/Frameworks/SpeechRecognition.framework/Versions/A/SpeechRecognition
0x00007ff80ff0b000 	/System/Library/PrivateFrameworks/CoreUI.framework/Versions/A/CoreUI
0x00007ff809ffa000 	/System/Library/Frameworks/CoreAudio.framework/Versions/A/CoreAudio
0x00007ff80f455000 	/System/Library/Frameworks/DiskArbitration.framework/Versions/A/DiskArbitration
0x00007ff81532e000 	/System/Library/PrivateFrameworks/MultitouchSupport.framework/Versions/A/MultitouchSupport
0x00007ff80cc58000 	/usr/lib/libenergytrace.dylib
0x00007ff80b0b5000 	/System/Library/Frameworks/IOKit.framework/Versions/A/IOKit
0x00007ff81a462000 	/System/Library/Frameworks/CoreServices.framework/Versions/A/CoreServices
0x00007ff810163000 	/System/Library/PrivateFrameworks/PerformanceAnalysis.framework/Versions/A/PerformanceAnalysis
0x00007ffa1d6f1000 	/System/Library/Frameworks/OpenGL.framework/Versions/A/OpenGL
0x00007ff810216000 	/usr/lib/libxml2.2.dylib
0x00007ff81311f000 	/System/Library/PrivateFrameworks/MobileKeyBag.framework/Versions/A/MobileKeyBag
0x00007ff80d7f2000 	/System/Library/Frameworks/ColorSync.framework/Versions/A/ColorSync
0x00007ff808043000 	/System/Library/Frameworks/CoreFoundation.framework/Versions/A/CoreFoundation
0x00007ff812087000 	/System/Library/Frameworks/CoreImage.framework/Versions/A/CoreImage
0x00007ff809e0b000 	/System/Library/Frameworks/CoreText.framework/Versions/A/CoreText
0x00007ff811d28000 	/System/Library/Frameworks/ImageIO.framework/Versions/A/ImageIO
0x00007ff813ca9000 	/System/Library/PrivateFrameworks/SoftLinking.framework/Versions/A/SoftLinking
0x00007ff813f2b000 	/usr/lib/libcompression.dylib
0x00007ff815a46000 	/System/Library/PrivateFrameworks/TextureIO.framework/Versions/A/TextureIO
0x00007ff81464a000 	/usr/lib/libate.dylib
0x00007ff8143f7000 	/usr/lib/liblzma.5.dylib
0x00007ff813ca5000 	/usr/lib/libfakelink.dylib
0x00007ff80c89b000 	/System/Library/Frameworks/CFNetwork.framework/Versions/A/CFNetwork
0x00007ff813de2000 	/usr/lib/libarchive.2.dylib
0x00007ff81830a000 	/System/Library/Frameworks/Combine.framework/Versions/A/Combine
0x00007ff81642f000 	/usr/lib/swift/libswiftCore.dylib
0x00007ff90a1d2000 	/usr/lib/swift/libswiftCoreFoundation.dylib
0x00007ff90818b000 	/usr/lib/swift/libswiftDarwin.dylib
0x00007ff81bc84000 	/usr/lib/swift/libswiftDispatch.dylib
0x00007ff90a1ee000 	/usr/lib/swift/libswiftIOKit.dylib
0x00007ff81e0be000 	/usr/lib/swift/libswiftObjectiveC.dylib
0x00007ff90a1e3000 	/usr/lib/swift/libswiftXPC.dylib
0x00007ffb26d62000 	/usr/lib/swift/libswift_Concurrency.dylib
0x00007ffb26ea1000 	/usr/lib/swift/libswift_StringProcessing.dylib
0x00007ff81e0c2000 	/usr/lib/swift/libswiftos.dylib
0x00007ff80b036000 	/System/Library/PrivateFrameworks/CoreServicesInternal.framework/Versions/A/CoreServicesInternal
0x00007ff813233000 	/usr/lib/libbsm.0.dylib
0x00007ff813c3d000 	/usr/lib/system/libkxld.dylib
0x00007ff810197000 	/System/Library/Frameworks/CoreServices.framework/Versions/A/Frameworks/FSEvents.framework/Versions/A/FSEvents
0x00007ff80ad3a000 	/System/Library/Frameworks/CoreServices.framework/Versions/A/Frameworks/CarbonCore.framework/Versions/A/CarbonCore
0x00007ff80f3be000 	/System/Library/Frameworks/CoreServices.framework/Versions/A/Frameworks/Metadata.framework/Versions/A/Metadata
0x00007ff8138fd000 	/System/Library/Frameworks/CoreServices.framework/Versions/A/Frameworks/OSServices.framework/Versions/A/OSServices
0x00007ff813e6a000 	/System/Library/Frameworks/CoreServices.framework/Versions/A/Frameworks/SearchKit.framework/Versions/A/SearchKit
0x00007ff80e591000 	/System/Library/Frameworks/CoreServices.framework/Versions/A/Frameworks/AE.framework/Versions/A/AE
0x00007ff8084dd000 	/System/Library/Frameworks/CoreServices.framework/Versions/A/Frameworks/LaunchServices.framework/Versions/A/LaunchServices
0x00007ff8143a8000 	/System/Library/Frameworks/CoreServices.framework/Versions/A/Frameworks/DictionaryServices.framework/Versions/A/DictionaryServices
0x00007ff8101a4000 	/System/Library/Frameworks/CoreServices.framework/Versions/A/Frameworks/SharedFileList.framework/Versions/A/SharedFileList
0x00007ff813ef6000 	/usr/lib/libapple_nghttp2.dylib
0x00007ff80c897000 	/usr/lib/libnetwork.dylib
0x00007ff80e209000 	/usr/lib/libsqlite3.dylib
0x00007ff80e612000 	/System/Library/Frameworks/Network.framework/Versions/A/Network
0x00007ffb25d4c000 	/usr/lib/libCoreEntitlements.dylib
0x00007ffb13687000 	/System/Library/PrivateFrameworks/MessageSecurity.framework/Versions/A/MessageSecurity
0x00007ff80e1f0000 	/System/Library/PrivateFrameworks/ProtocolBuffer.framework/Versions/A/ProtocolBuffer
0x00007ff8138d6000 	/System/Library/PrivateFrameworks/AppleFSCompression.framework/Versions/A/AppleFSCompression
0x00007ff81321b000 	/usr/lib/libcoretls.dylib
0x00007ff814411000 	/usr/lib/libcoretls_cfhelpers.dylib
0x00007ff813f25000 	/usr/lib/libpam.2.dylib
0x00007ff81447f000 	/usr/lib/libxar.1.dylib
0x00007ff81495d000 	/usr/lib/libheimdal-asn1.dylib
0x00007ff813caa000 	/usr/lib/libpcap.A.dylib
0x00007ff80e601000 	/usr/lib/libdns_services.dylib
0x00007ff8124a6000 	/System/Library/PrivateFrameworks/AppleSystemInfo.framework/Versions/A/AppleSystemInfo
0x00007ff812f28000 	/System/Library/PrivateFrameworks/IOMobileFramebuffer.framework/Versions/A/IOMobileFramebuffer
0x00007ff8138e7000 	/usr/lib/libbz2.1.0.dylib
0x00007ff81320f000 	/usr/lib/libCheckFix.dylib
0x00007ff80ccc9000 	/System/Library/PrivateFrameworks/TCC.framework/Versions/A/TCC
0x00007ff8124ac000 	/System/Library/PrivateFrameworks/CoreNLP.framework/Versions/A/CoreNLP
0x00007ff80f37d000 	/System/Library/PrivateFrameworks/MetadataUtilities.framework/Versions/A/MetadataUtilities
0x00007ff813243000 	/usr/lib/libmecab.dylib
0x00007ff808c27000 	/usr/lib/libCRFSuite.dylib
0x00007ff81329d000 	/usr/lib/libgermantok.dylib
0x00007ff813ed1000 	/usr/lib/libThaiTokenizer.dylib
0x00007ff80f45d000 	/System/Library/Frameworks/Accelerate.framework/Versions/A/Frameworks/vImage.framework/Versions/A/vImage
0x00007ff81a435000 	/System/Library/Frameworks/Accelerate.framework/Versions/A/Frameworks/vecLib.framework/Versions/A/vecLib
0x00007ff8144c1000 	/System/Library/Frameworks/Accelerate.framework/Versions/A/Frameworks/vecLib.framework/Versions/A/libvMisc.dylib
0x00007ff812d4d000 	/System/Library/Frameworks/Accelerate.framework/Versions/A/Frameworks/vecLib.framework/Versions/A/libvDSP.dylib
0x00007ff808899000 	/System/Library/Frameworks/Accelerate.framework/Versions/A/Frameworks/vecLib.framework/Versions/A/libBLAS.dylib
0x00007ff814009000 	/System/Library/Frameworks/Accelerate.framework/Versions/A/Frameworks/vecLib.framework/Versions/A/libLAPACK.dylib
0x00007ff8132a0000 	/System/Library/Frameworks/Accelerate.framework/Versions/A/Frameworks/vecLib.framework/Versions/A/libLinearAlgebra.dylib
0x00007ff813f0e000 	/System/Library/Frameworks/Accelerate.framework/Versions/A/Frameworks/vecLib.framework/Versions/A/libSparseBLAS.dylib
0x00007ff814003000 	/System/Library/Frameworks/Accelerate.framework/Versions/A/Frameworks/vecLib.framework/Versions/A/libQuadrature.dylib
0x00007ff812598000 	/System/Library/Frameworks/Accelerate.framework/Versions/A/Frameworks/vecLib.framework/Versions/A/libBNNS.dylib
0x00007ff808b31000 	/System/Library/Frameworks/Accelerate.framework/Versions/A/Frameworks/vecLib.framework/Versions/A/libSparse.dylib
0x00007ffb12986000 	/System/Library/PrivateFrameworks/MIL.framework/Versions/A/MIL
0x00007ff813cdf000 	/usr/lib/libiconv.2.dylib
0x00007ff813c37000 	/usr/lib/libcharset.1.dylib
0x00007ff81017b000 	/System/Library/Frameworks/OpenDirectory.framework/Versions/A/Frameworks/CFOpenDirectory.framework/Versions/A/CFOpenDirectory
0x00007ff81016f000 	/System/Library/Frameworks/OpenDirectory.framework/Versions/A/OpenDirectory
0x00007ff814413000 	/System/Library/PrivateFrameworks/APFS.framework/Versions/A/APFS
0x00007ff813152000 	/System/Library/Frameworks/SecurityFoundation.framework/Versions/A/SecurityFoundation
0x00007ff81448d000 	/usr/lib/libutil.dylib
0x00007ffb11b17000 	/System/Library/PrivateFrameworks/InstalledContentLibrary.framework/Versions/A/InstalledContentLibrary
0x00007ff80b079000 	/System/Library/PrivateFrameworks/CoreServicesStore.framework/Versions/A/CoreServicesStore
0x00007ffb08d59000 	/System/Library/PrivateFrameworks/AppleMobileFileIntegrity.framework/Versions/A/AppleMobileFileIntegrity
0x00007ff90a1b2000 	/usr/lib/libmis.dylib
0x00007ff9187e6000 	/System/Library/PrivateFrameworks/MobileSystemServices.framework/Versions/A/MobileSystemServices
0x00007ffa12a14000 	/System/Library/PrivateFrameworks/ConfigProfileHelper.framework/Versions/A/ConfigProfileHelper
0x00007ff813ed3000 	/System/Library/PrivateFrameworks/AppleSauce.framework/Versions/A/AppleSauce
0x00007ff8098d0000 	/System/Library/PrivateFrameworks/LanguageModeling.framework/Versions/A/LanguageModeling
0x00007ff814491000 	/usr/lib/libxslt.1.dylib
0x00007ff813dd1000 	/usr/lib/libcmph.dylib
0x00007ff812f16000 	/System/Library/PrivateFrameworks/CoreEmoji.framework/Versions/A/CoreEmoji
0x00007ff812592000 	/System/Library/PrivateFrameworks/LinguisticData.framework/Versions/A/LinguisticData
0x00007ff808ae7000 	/System/Library/PrivateFrameworks/Lexicon.framework/Versions/A/Lexicon
0x00007ff8131e0000 	/System/Library/PrivateFrameworks/BackgroundTaskManagement.framework/Versions/A/BackgroundTaskManagement
0x00007ffb25e86000 	/usr/lib/libTLE.dylib
0x00007ffb26de6000 	/usr/lib/swift/libswift_RegexParser.dylib
0x00007ff8151f4000 	/System/Library/PrivateFrameworks/AppleJPEG.framework/Versions/A/AppleJPEG
0x00007ff814942000 	/usr/lib/libexpat.1.dylib
0x00007ff8158a2000 	/System/Library/Frameworks/ImageIO.framework/Versions/A/Resources/libPng.dylib
0x00007ff8158cf000 	/System/Library/Frameworks/ImageIO.framework/Versions/A/Resources/libTIFF.dylib
0x00007ff8159c0000 	/System/Library/Frameworks/ImageIO.framework/Versions/A/Resources/libGIF.dylib
0x00007ff81523f000 	/System/Library/Frameworks/ImageIO.framework/Versions/A/Resources/libJP2.dylib
0x00007ff815960000 	/System/Library/Frameworks/ImageIO.framework/Versions/A/Resources/libJPEG.dylib
0x00007ff815957000 	/System/Library/Frameworks/ImageIO.framework/Versions/A/Resources/libRadiance.dylib
0x00007ff811875000 	/System/Library/PrivateFrameworks/FontServices.framework/libFontParser.dylib
0x00007ff80e536000 	/System/Library/PrivateFrameworks/RunningBoardServices.framework/Versions/A/RunningBoardServices
0x00007ff8206b0000 	/System/Library/PrivateFrameworks/IOSurfaceAccelerator.framework/Versions/A/IOSurfaceAccelerator
0x00007ff81532a000 	/System/Library/PrivateFrameworks/WatchdogClient.framework/Versions/A/WatchdogClient
0x00007ff809a32000 	/System/Library/Frameworks/CoreDisplay.framework/Versions/A/CoreDisplay
0x00007ff811764000 	/System/Library/Frameworks/CoreMedia.framework/Versions/A/CoreMedia
0x00007ff811556000 	/System/Library/PrivateFrameworks/IOAccelerator.framework/Versions/A/IOAccelerator
0x00007ff8102f5000 	/System/Library/Frameworks/CoreVideo.framework/Versions/A/CoreVideo
0x00007ff813f23000 	/System/Library/Frameworks/MetalPerformanceShaders.framework/Versions/A/MetalPerformanceShaders
0x00007ff815367000 	/System/Library/Frameworks/VideoToolbox.framework/Versions/A/VideoToolbox
0x00007ff80e47a000 	/System/Library/PrivateFrameworks/BaseBoard.framework/Versions/A/BaseBoard
0x00007ff815950000 	/System/Library/PrivateFrameworks/GPUWrangler.framework/Versions/A/GPUWrangler
0x00007ff815934000 	/System/Library/PrivateFrameworks/IOPresentment.framework/Versions/A/IOPresentment
0x00007ff81595a000 	/System/Library/PrivateFrameworks/DSExternalDisplay.framework/Versions/A/DSExternalDisplay
0x00007ffb0e186000 	/System/Library/PrivateFrameworks/GPUCompiler.framework/Versions/31001/Libraries/libllvm-flatbuffers.dylib
0x00007ffa1d6e5000 	/System/Library/Frameworks/OpenGL.framework/Versions/A/Libraries/libCoreFSCache.dylib
0x00007ffb0e182000 	/System/Library/PrivateFrameworks/GPUCompiler.framework/Versions/31001/Libraries/libGPUCompilerUtils.dylib
0x00007ff8159c6000 	/System/Library/PrivateFrameworks/CMCaptureCore.framework/Versions/A/CMCaptureCore
0x00007ffa22fb5000 	/System/Library/Frameworks/ExtensionFoundation.framework/Versions/A/ExtensionFoundation
0x00007ff81c401000 	/System/Library/PrivateFrameworks/CoreTime.framework/Versions/A/CoreTime
0x00007ff814ef6000 	/System/Library/PrivateFrameworks/AppServerSupport.framework/Versions/A/AppServerSupport
0x00007ff817282000 	/System/Library/PrivateFrameworks/perfdata.framework/Versions/A/perfdata
0x00007ff809b5e000 	/System/Library/PrivateFrameworks/AudioToolboxCore.framework/Versions/A/AudioToolboxCore
0x00007ff81173e000 	/System/Library/PrivateFrameworks/caulk.framework/Versions/A/caulk
0x00007ff816b4f000 	/usr/lib/libAudioStatistics.dylib
0x00007ff909635000 	/System/Library/PrivateFrameworks/SystemPolicy.framework/Versions/A/SystemPolicy
0x00007ff816ded000 	/usr/lib/libSMC.dylib
0x00007ff81ff18000 	/System/Library/Frameworks/CoreMIDI.framework/Versions/A/CoreMIDI
0x00007ff815870000 	/usr/lib/libAudioToolboxUtility.dylib
0x00007ff82544b000 	/System/Library/PrivateFrameworks/OSAServicesClient.framework/Versions/A/OSAServicesClient
0x00007ff81728f000 	/usr/lib/libperfcheck.dylib
0x00007ff814826000 	/System/Library/PrivateFrameworks/PlugInKit.framework/Versions/A/PlugInKit
0x00007ff813145000 	/System/Library/PrivateFrameworks/AssertionServices.framework/Versions/A/AssertionServices
0x00007ffa1d740000 	/System/Library/Frameworks/OpenGL.framework/Versions/A/Libraries/libGLU.dylib
0x00007ffa1d704000 	/System/Library/Frameworks/OpenGL.framework/Versions/A/Libraries/libGFXShared.dylib
0x00007ffa1d90d000 	/System/Library/Frameworks/OpenGL.framework/Versions/A/Libraries/libGL.dylib
0x00007ffa1d70d000 	/System/Library/Frameworks/OpenGL.framework/Versions/A/Libraries/libGLImage.dylib
0x00007ffa1d701000 	/System/Library/Frameworks/OpenGL.framework/Versions/A/Libraries/libCVMSPluginSupport.dylib
0x00007ffb25e65000 	/usr/lib/libRosetta.dylib
0x00007ffa1d6ec000 	/System/Library/Frameworks/OpenGL.framework/Versions/A/Libraries/libCoreVMClient.dylib
0x00007ff81241f000 	/System/Library/Frameworks/MetalPerformanceShaders.framework/Versions/A/Frameworks/MPSCore.framework/Versions/A/MPSCore
0x00007ff813840000 	/System/Library/Frameworks/MetalPerformanceShaders.framework/Versions/A/Frameworks/MPSImage.framework/Versions/A/MPSImage
0x00007ff8132b6000 	/System/Library/Frameworks/MetalPerformanceShaders.framework/Versions/A/Frameworks/MPSNeuralNetwork.framework/Versions/A/MPSNeuralNetwork
0x00007ff813729000 	/System/Library/Frameworks/MetalPerformanceShaders.framework/Versions/A/Frameworks/MPSMatrix.framework/Versions/A/MPSMatrix
0x00007ff8134e4000 	/System/Library/Frameworks/MetalPerformanceShaders.framework/Versions/A/Frameworks/MPSRayIntersector.framework/Versions/A/MPSRayIntersector
0x00007ff813764000 	/System/Library/Frameworks/MetalPerformanceShaders.framework/Versions/A/Frameworks/MPSNDArray.framework/Versions/A/MPSNDArray
0x00007ffa24325000 	/System/Library/Frameworks/MetalPerformanceShaders.framework/Versions/A/Frameworks/MPSFunctions.framework/Versions/A/MPSFunctions
0x00007ff80875a000 	/System/Library/PrivateFrameworks/MetalTools.framework/Versions/A/MetalTools
0x00007ff8124a5000 	/System/Library/PrivateFrameworks/AggregateDictionary.framework/Versions/A/AggregateDictionary
0x00007ff8146e1000 	/usr/lib/libIOReport.dylib
0x00007ffa1ecf0000 	/System/Library/Frameworks/OpenCL.framework/Versions/A/OpenCL
0x00007ff814a88000 	/System/Library/PrivateFrameworks/GraphVisualizer.framework/Versions/A/GraphVisualizer
0x00007ffb0e097000 	/System/Library/PrivateFrameworks/FontServices.framework/Versions/A/FontServices
0x00007ff814eb1000 	/System/Library/PrivateFrameworks/OTSVG.framework/Versions/A/OTSVG
0x00007ff80febf000 	/System/Library/Frameworks/ApplicationServices.framework/Versions/A/Frameworks/ATS.framework/Versions/A/Resources/libFontRegistry.dylib
0x00007ff814f00000 	/System/Library/PrivateFrameworks/FontServices.framework/libhvf.dylib
0x00007ffb0e098000 	/System/Library/PrivateFrameworks/FontServices.framework/libXTFontStaticRegistryData.dylib
0x00007ffb1f331000 	/System/Library/PrivateFrameworks/VideoToolboxParavirtualizationSupport.framework/Versions/A/VideoToolboxParavirtualizationSupport
0x00007ff8148f2000 	/System/Library/PrivateFrameworks/AppleVA.framework/Versions/A/AppleVA
0x00007ff816b8f000 	/System/Library/Frameworks/ApplicationServices.framework/Versions/A/Frameworks/ATS.framework/Versions/A/ATS
0x00007ff80d8e2000 	/System/Library/Frameworks/ApplicationServices.framework/Versions/A/Frameworks/HIServices.framework/Versions/A/HIServices
0x00007ff8159d2000 	/System/Library/Frameworks/ApplicationServices.framework/Versions/A/Frameworks/PrintCore.framework/Versions/A/PrintCore
0x00007ff816f42000 	/System/Library/Frameworks/ApplicationServices.framework/Versions/A/Frameworks/QD.framework/Versions/A/QD
0x00007ff816f3a000 	/System/Library/Frameworks/ApplicationServices.framework/Versions/A/Frameworks/ColorSyncLegacy.framework/Versions/A/ColorSyncLegacy
0x00007ff816b63000 	/System/Library/Frameworks/ApplicationServices.framework/Versions/A/Frameworks/SpeechSynthesis.framework/Versions/A/SpeechSynthesis
0x00007ff815990000 	/System/Library/Frameworks/ApplicationServices.framework/Versions/A/Frameworks/ATSUI.framework/Versions/A/ATSUI
0x00007ff816ecd000 	/usr/lib/libcups.2.dylib
0x00007ff81729e000 	/System/Library/Frameworks/Kerberos.framework/Versions/A/Kerberos
0x00007ff8172ad000 	/System/Library/Frameworks/GSS.framework/Versions/A/GSS
0x00007ff816bfd000 	/usr/lib/libresolv.9.dylib
0x00007ff814f11000 	/System/Library/PrivateFrameworks/Heimdal.framework/Versions/A/Heimdal
0x00007ff81e041000 	/System/Library/Frameworks/Kerberos.framework/Versions/A/Libraries/libHeimdalProxy.dylib
0x00007ff8172f8000 	/System/Library/PrivateFrameworks/CommonAuth.framework/Versions/A/CommonAuth
0x00007ffa2228b000 	/System/Library/Frameworks/AVFAudio.framework/Versions/A/AVFAudio
0x00007ff825494000 	/System/Library/PrivateFrameworks/AXCoreUtilities.framework/Versions/A/AXCoreUtilities
0x00007ff816adf000 	/System/Library/PrivateFrameworks/AudioSession.framework/Versions/A/AudioSession
0x00007ff8180e1000 	/System/Library/Frameworks/IOBluetooth.framework/Versions/A/IOBluetooth
0x00007ff8149f8000 	/System/Library/PrivateFrameworks/MediaExperience.framework/Versions/A/MediaExperience
0x00007ff816986000 	/System/Library/PrivateFrameworks/AudioSession.framework/libSessionUtility.dylib
0x00007ff816f4e000 	/System/Library/PrivateFrameworks/AudioResourceArbitration.framework/Versions/A/AudioResourceArbitration
0x00007ff81b03a000 	/System/Library/PrivateFrameworks/PowerLog.framework/Versions/A/PowerLog
0x00007ff81af7c000 	/System/Library/Frameworks/CoreBluetooth.framework/Versions/A/CoreBluetooth
0x00007ff81e042000 	/System/Library/Frameworks/AudioUnit.framework/Versions/A/AudioUnit
0x00007ff812faf000 	/System/Library/PrivateFrameworks/CoreUtils.framework/Versions/A/CoreUtils
0x00007ffb0cc48000 	/System/Library/PrivateFrameworks/CoreUtilsExtras.framework/Versions/A/CoreUtilsExtras
0x00007ffb119aa000 	/System/Library/PrivateFrameworks/IO80211.framework/Versions/A/IO80211
0x00007ff814966000 	/System/Library/PrivateFrameworks/IconFoundation.framework/Versions/A/IconFoundation
0x00007ff81a059000 	/System/Library/PrivateFrameworks/SpeechRecognitionCore.framework/Versions/A/SpeechRecognitionCore
0x0000000101a55000 	/Library/Java/JavaVirtualMachines/temurin-17.jdk/Contents/Home/lib/server/libjvm.dylib
0x00000001008b0000 	/Library/Java/JavaVirtualMachines/temurin-17.jdk/Contents/Home/lib/libjimage.dylib
0x0000000100991000 	/Library/Java/JavaVirtualMachines/temurin-17.jdk/Contents/Home/lib/libjava.dylib
0x000000010097b000 	/Library/Java/JavaVirtualMachines/temurin-17.jdk/Contents/Home/lib/libnio.dylib
0x0000000100c31000 	/Library/Java/JavaVirtualMachines/temurin-17.jdk/Contents/Home/lib/libnet.dylib
0x0000000100c17000 	/Library/Java/JavaVirtualMachines/temurin-17.jdk/Contents/Home/lib/libzip.dylib
0x0000000100c4b000 	/Library/Java/JavaVirtualMachines/temurin-17.jdk/Contents/Home/lib/libverify.dylib
0x0000000100970000 	/Library/Java/JavaVirtualMachines/temurin-17.jdk/Contents/Home/lib/libmanagement.dylib
0x0000000100c5d000 	/Library/Java/JavaVirtualMachines/temurin-17.jdk/Contents/Home/lib/libmanagement_ext.dylib
0x0000000100c25000 	/Library/Java/JavaVirtualMachines/temurin-17.jdk/Contents/Home/lib/libextnet.dylib


VM Arguments:
jvm_args: -Dfile.encoding=UTF-8 -Duser.country=US -Duser.language=en -Duser.variant 
java_command: com.GITDate.GITDate.GitDateApplication
java_class_path (initial): /Users/adrianhernandez/projects/courses/code-401/GIT-Date/GITDate/build/classes/java/main:/Users/adrianhernandez/projects/courses/code-401/GIT-Date/GITDate/build/resources/main:/Users/adrianhernandez/.gradle/caches/modules-2/files-2.1/org.springframework.boot/spring-boot-devtools/2.7.8/963bc838a51a9271bcb71af51f58d761d4b13cda/spring-boot-devtools-2.7.8.jar:/Users/adrianhernandez/.gradle/caches/modules-2/files-2.1/org.springframework.boot/spring-boot-starter-data-jpa/2.7.8/ace969cae39b4479ffedd58e04c5a6eca60c94a5/spring-boot-starter-data-jpa-2.7.8.jar:/Users/adrianhernandez/.gradle/caches/modules-2/files-2.1/org.springframework.boot/spring-boot-starter-security/2.7.8/dab6861ecbd4477c6189ee5c4964b72606c014c6/spring-boot-starter-security-2.7.8.jar:/Users/adrianhernandez/.gradle/caches/modules-2/files-2.1/org.springframework.boot/spring-boot-starter-thymeleaf/2.7.8/fa1c619458d1e09fc749fce98c114d37af5af90b/spring-boot-starter-thymeleaf-2.7.8.jar:/Users/adrianhernandez/.gradle/caches/modules-2/files-2.1/org.springframework.boot/spring-boot-starter-web/2.7.8/7596f0263544e8230a5bf5357a02fb391f036f77/spring-boot-starter-web-2.7.8.jar:/Users/adrianhernandez/.gradle/caches/modules-2/files-2.1/org.thymeleaf.extras/thymeleaf-extras-springsecurity5/3.0.5.RELEASE/8ac42b63d03d7ccbfdcb4fc8c4322001e6081515/thymeleaf-extras-springsecurity5-3.0.5.RELEASE.jar:/Users/adrianhernandez/.gradle/caches/modules-2/files-2.1/org.postgresql/postgresql/42.3.8/d81533a6ff4376590f9ce7ba74b8f3723066f25c/postgresql-42.3.8.jar:/Users/adrianhernandez/.gradle/caches/modules-2/files-2.1/org.springframework.boot/spring-boot-starter-aop/2.7.8/72fc6a1e13d5e46b20c0d9e45574bfb0d6e7af6d/spring-boot-starter-aop-2.7.8.jar:/Users/adrianhernandez/.gradle/caches/modules-2/files-2.1/org.springframework.boot/spring-boot-starter-jdbc/2.7.8/5821d4af88c26bc5e23b7131ff8e68c67275d8b6/spring-boot-starter-jdbc-2.7.8.jar:/Users/adrianhernandez/.gradle/caches/modules-2/files-2.1/org.springframework.
Launcher Type: SUN_STANDARD

[Global flags]
     intx CICompilerCount                          = 4                                         {product} {ergonomic}
     uint ConcGCThreads                            = 2                                         {product} {ergonomic}
     uint G1ConcRefinementThreads                  = 8                                         {product} {ergonomic}
   size_t G1HeapRegionSize                         = 4194304                                   {product} {ergonomic}
    uintx GCDrainStackTargetSize                   = 64                                        {product} {ergonomic}
   size_t InitialHeapSize                          = 536870912                                 {product} {ergonomic}
   size_t MarkStackSize                            = 4194304                                   {product} {ergonomic}
   size_t MaxHeapSize                              = 8589934592                                {product} {ergonomic}
   size_t MaxNewSize                               = 5150605312                                {product} {ergonomic}
   size_t MinHeapDeltaBytes                        = 4194304                                   {product} {ergonomic}
   size_t MinHeapSize                              = 8388608                                   {product} {ergonomic}
    uintx NonNMethodCodeHeapSize                   = 5839372                                {pd product} {ergonomic}
    uintx NonProfiledCodeHeapSize                  = 122909434                              {pd product} {ergonomic}
    uintx ProfiledCodeHeapSize                     = 122909434                              {pd product} {ergonomic}
    uintx ReservedCodeCacheSize                    = 251658240                              {pd product} {ergonomic}
     bool SegmentedCodeCache                       = true                                      {product} {ergonomic}
   size_t SoftMaxHeapSize                          = 8589934592                             {manageable} {ergonomic}
     bool UseCompressedClassPointers               = true                           {product lp64_product} {ergonomic}
     bool UseCompressedOops                        = true                           {product lp64_product} {ergonomic}
     bool UseG1GC                                  = true                                      {product} {ergonomic}
     bool UseNUMA                                  = false                                     {product} {ergonomic}
     bool UseNUMAInterleaving                      = false                                     {product} {ergonomic}

Logging:
Log output configuration:
 #0: stdout all=warning uptime,level,tags
 #1: stderr all=off uptime,level,tags

Environment Variables:
PATH=/usr/local/bin:/System/Cryptexes/App/usr/bin:/usr/bin:/bin:/usr/sbin:/sbin:/usr/local/bin
SHELL=/bin/zsh
LANG=en_US.UTF-8
TERM=xterm-256color
TMPDIR=/var/folders/xx/78khx7294fv8n2j926k775h40000gn/T/

Signal Handlers:
   SIGSEGV: crash_handler in libjvm.dylib, mask=11100110000111110111111111111111, flags=SA_RESTART|SA_SIGINFO
    SIGBUS: crash_handler in libjvm.dylib, mask=11100110000111110111111111111111, flags=SA_RESTART|SA_SIGINFO
    SIGFPE: crash_handler in libjvm.dylib, mask=11100110000111110111111111111111, flags=SA_RESTART|SA_SIGINFO
   SIGPIPE: javaSignalHandler in libjvm.dylib, mask=11100110000111110111111111111111, flags=SA_RESTART|SA_SIGINFO
   SIGXFSZ: javaSignalHandler in libjvm.dylib, mask=11100110000111110111111111111111, flags=SA_RESTART|SA_SIGINFO
    SIGILL: crash_handler in libjvm.dylib, mask=11100110000111110111111111111111, flags=SA_RESTART|SA_SIGINFO
   SIGUSR2: SR_handler in libjvm.dylib, mask=00100000000000000000000000000000, flags=SA_RESTART|SA_SIGINFO
    SIGHUP: UserHandler in libjvm.dylib, mask=11100110000111110111111111111111, flags=SA_RESTART|SA_SIGINFO
    SIGINT: UserHandler in libjvm.dylib, mask=11100110000111110111111111111111, flags=SA_RESTART|SA_SIGINFO
   SIGTERM: UserHandler in libjvm.dylib, mask=11100110000111110111111111111111, flags=SA_RESTART|SA_SIGINFO
   SIGQUIT: UserHandler in libjvm.dylib, mask=11100110000111110111111111111111, flags=SA_RESTART|SA_SIGINFO
  *** Handler was modified!
  *** Expected: javaSignalHandler in libjvm.dylib, mask=11100110100111111111111111111111, flags=SA_RESTART|SA_SIGINFO
   SIGTRAP: crash_handler in libjvm.dylib, mask=11100110000111110111111111111111, flags=SA_RESTART|SA_SIGINFO


---------------  S Y S T E M  ---------------

OS:
uname: Darwin 22.3.0 Darwin Kernel Version 22.3.0: Thu Jan  5 20:53:49 PST 2023; root:xnu-8792.81.2~2/RELEASE_X86_64 x86_64
OS uptime: 9 days 0:11 hours
rlimit (soft/hard): STACK 8192k/65532k , CORE 0k/infinity , NPROC 5568/8352 , NOFILE 10240/infinity , AS infinity/infinity , CPU infinity/infinity , DATA infinity/infinity , FSIZE infinity/infinity , MEMLOCK infinity/infinity , RSS infinity/infinity
load average: 5.79 4.76 4.46

CPU: total 8 (initial active 8) (4 cores per cpu, 2 threads per core) family 6 model 126 stepping 5 microcode 0xb8, cx8, cmov, fxsr, ht, mmx, 3dnowpref, sse, sse2, sse3, ssse3, sse4.1, sse4.2, popcnt, lzcnt, tsc, tscinvbit, avx, avx2, aes, erms, clmul, bmi1, bmi2, adx, sha, fma, vzeroupper, clflush, clflushopt

Memory: 4k page, physical 33554432k(3404092k free), swap 2097152k(1680128k free)

vm_info: OpenJDK 64-Bit Server VM (17.0.5+8) for bsd-amd64 JRE (17.0.5+8), built on Oct 19 2022 04:30:55 by "temurin" with clang 4.2.1 Compatible Apple LLVM 10.0.1 (clang-1001.0.46.4)

END.
